/home/users/prince.xavier/MJO/SALMON
/home/users/prince.xavier/MJO/SALMON/salmon_config.yaml
2025-05-06 00:00:00
['000', '001', '002', '003', '004', '005', '006', '007', '008', '009', '010', '011', '012', '013', '014', '015', '016', '017', '018', '019', '020', '021', '022', '023', '024', '025', '026', '027', '028', '029', '030', '031', '032', '033', '034', '035']
dict_keys(['mogreps_dummy_queryfiles_dir', 'mogreps_moose_dir', 'mogreps_raw_dir', 'mogreps_combined_queryfile', 'mogreps_mjo_processed_dir', 'mogreps_mjo_archive_dir', 'mogreps_mjo_plot_ens', 'mogreps_cs_processed_dir', 'mogreps_cs_plot_ens', 'mogreps_eqwaves_processed_dir', 'mogreps_eqwaves_plot_ens'])
Already exists: /data/scratch/prince.xavier/SALMON/temp
Skipping: moose:/opfc/atm/mogreps-g/prods/
Already exists: /data/scratch/prince.xavier/SALMON/raw_data/mogreps/mogreps_bucket
Skipping: /home/users/prince.xavier/MJO/Monitoring_new/RETRIEVALS/mogreps_combined.query
Already exists: /data/scratch/prince.xavier/SALMON/processed_SEA_data/mogreps/mjo
Already exists: /data/users/prince.xavier/SALMON/processed_SEA_data/mogreps/mjo/rmms/
Already exists: /data/users/prince.xavier/SALMON/processed_SEA_data/mogreps/mjo/plot_ens/
Already exists: /data/scratch/prince.xavier/SALMON/processed_SEA_data/mogreps/coldsurge/
Already exists: /data/users/prince.xavier/SALMON/processed_SEA_data/mogreps/coldsurge/plot_ens/
Already exists: /data/scratch/prince.xavier/SALMON/processed_SEA_data/mogreps/eqwaves/
Already exists: /data/users/prince.xavier/SALMON/processed_SEA_data/mogreps/eqwaves/plot_ens/
{'mogreps_dummy_queryfiles_dir': '/data/scratch/prince.xavier/SALMON/temp', 'mogreps_moose_dir': 'moose:/opfc/atm/mogreps-g/prods/', 'mogreps_raw_dir': '/data/scratch/prince.xavier/SALMON/raw_data/mogreps/mogreps_bucket', 'mogreps_combined_queryfile': '/home/users/prince.xavier/MJO/Monitoring_new/RETRIEVALS/mogreps_combined.query', 'mogreps_mjo_processed_dir': '/data/scratch/prince.xavier/SALMON/processed_SEA_data/mogreps/mjo', 'mogreps_mjo_archive_dir': '/data/users/prince.xavier/SALMON/processed_SEA_data/mogreps/mjo/rmms/', 'mogreps_mjo_plot_ens': '/data/users/prince.xavier/SALMON/processed_SEA_data/mogreps/mjo/plot_ens/', 'mogreps_cs_processed_dir': '/data/scratch/prince.xavier/SALMON/processed_SEA_data/mogreps/coldsurge/', 'mogreps_cs_plot_ens': '/data/users/prince.xavier/SALMON/processed_SEA_data/mogreps/coldsurge/plot_ens/', 'mogreps_eqwaves_processed_dir': '/data/scratch/prince.xavier/SALMON/processed_SEA_data/mogreps/eqwaves/', 'mogreps_eqwaves_plot_ens': '/data/users/prince.xavier/SALMON/processed_SEA_data/mogreps/eqwaves/plot_ens/'}
{'mogreps_dummy_queryfiles_dir': '/data/scratch/prince.xavier/SALMON/temp', 'mogreps_moose_dir': 'moose:/opfc/atm/mogreps-g/prods/', 'mogreps_raw_dir': '/data/scratch/prince.xavier/SALMON/raw_data/mogreps/mogreps_bucket', 'mogreps_combined_queryfile': '/home/users/prince.xavier/MJO/Monitoring_new/RETRIEVALS/mogreps_combined.query', 'mogreps_mjo_processed_dir': '/data/scratch/prince.xavier/SALMON/processed_SEA_data/mogreps/mjo', 'mogreps_mjo_archive_dir': '/data/users/prince.xavier/SALMON/processed_SEA_data/mogreps/mjo/rmms/', 'mogreps_mjo_plot_ens': '/data/users/prince.xavier/SALMON/processed_SEA_data/mogreps/mjo/plot_ens/', 'mogreps_cs_processed_dir': '/data/scratch/prince.xavier/SALMON/processed_SEA_data/mogreps/coldsurge/', 'mogreps_cs_plot_ens': '/data/users/prince.xavier/SALMON/processed_SEA_data/mogreps/coldsurge/plot_ens/', 'mogreps_eqwaves_processed_dir': '/data/scratch/prince.xavier/SALMON/processed_SEA_data/mogreps/eqwaves/', 'mogreps_eqwaves_plot_ens': '/data/users/prince.xavier/SALMON/processed_SEA_data/mogreps/eqwaves/plot_ens/'}
Retrieving data for date: 2025-05-06 00:00:00
[  0  24  48  72  96 120 144 168]
In retrieve_fc_data_parallel()
In retrieve_fc_data_parallel()
In retrieve_fc_data_parallel()
Retrieving hr: 0
Retrieving hr: 0
Retrieving hr: 0
In retrieve_fc_data_parallel()
In retrieve_fc_data_parallel()
Retrieving hr: 0
In retrieve_fc_data_parallel()
In retrieve_fc_data_parallel()
Retrieving hr: 0
Retrieving hr: 0
In retrieve_fc_data_parallel()
Retrieving hr: 0
Retrieving hr: 0
In retrieve_fc_data_parallel()
Retrieving hr: 0
In retrieve_fc_data_parallel()
In retrieve_fc_data_parallel()
Retrieving hr: 0
In retrieve_fc_data_parallel()
In retrieve_fc_data_parallel()
Retrieving hr: 0
Retrieving hr: 0
Retrieving hr: 0
In retrieve_fc_data_parallel()
/data/scratch/prince.xavier/SALMON/raw_data/mogreps/mogreps_bucket/20250506/002/englaa_pd000.pp exists. Skip...
/data/scratch/prince.xavier/SALMON/raw_data/mogreps/mogreps_bucket/20250506/001/englaa_pd000.pp exists. Skip...
Retrieving hr: 0
In retrieve_fc_data_parallel()
In retrieve_fc_data_parallel()
/data/scratch/prince.xavier/SALMON/raw_data/mogreps/mogreps_bucket/20250506/003/englaa_pd000.pp exists. Skip...
In retrieve_fc_data_parallel()
In retrieve_fc_data_parallel()
/data/scratch/prince.xavier/SALMON/raw_data/mogreps/mogreps_bucket/20250506/005/englaa_pd000.pp exists. Skip...
/data/scratch/prince.xavier/SALMON/raw_data/mogreps/mogreps_bucket/20250506/000/englaa_pd000.pp exists. Skip...
Retrieving hr: 0
Retrieving hr: 0
Retrieving hr: 0
Retrieving hr: 0
/data/scratch/prince.xavier/SALMON/raw_data/mogreps/mogreps_bucket/20250506/004/englaa_pd000.pp exists. Skip...
/data/scratch/prince.xavier/SALMON/raw_data/mogreps/mogreps_bucket/20250506/008/englaa_pd000.pp exists. Skip...
In retrieve_fc_data_parallel()
In retrieve_fc_data_parallel()
Retrieving hr: 24
Retrieving hr: 24
In retrieve_fc_data_parallel()
/data/scratch/prince.xavier/SALMON/raw_data/mogreps/mogreps_bucket/20250506/007/englaa_pd000.pp exists. Skip...
In retrieve_fc_data_parallel()
Retrieving hr: 24
Retrieving hr: 24
In retrieve_fc_data_parallel()
In retrieve_fc_data_parallel()
/data/scratch/prince.xavier/SALMON/raw_data/mogreps/mogreps_bucket/20250506/006/englaa_pd000.pp exists. Skip...
Retrieving hr: 24
In retrieve_fc_data_parallel()
In retrieve_fc_data_parallel()
Retrieving hr: 24
Retrieving hr: 24
/data/scratch/prince.xavier/SALMON/raw_data/mogreps/mogreps_bucket/20250506/009/englaa_pd000.pp exists. Skip...
Retrieving hr: 24
/data/scratch/prince.xavier/SALMON/raw_data/mogreps/mogreps_bucket/20250506/011/englaa_pd000.pp exists. Skip...
In retrieve_fc_data_parallel()
In retrieve_fc_data_parallel()
Retrieving hr: 24
/data/scratch/prince.xavier/SALMON/raw_data/mogreps/mogreps_bucket/20250506/012/englaa_pd000.pp exists. Skip...
In retrieve_fc_data_parallel()
In retrieve_fc_data_parallel()
Retrieving hr: 24
In retrieve_fc_data_parallel()
Retrieving hr: 24
Retrieving hr: 24
Retrieving hr: 24
In retrieve_fc_data_parallel()
In retrieve_fc_data_parallel()
Retrieving hr: 24
/data/scratch/prince.xavier/SALMON/raw_data/mogreps/mogreps_bucket/20250506/014/englaa_pd000.pp exists. Skip...
/data/scratch/prince.xavier/SALMON/raw_data/mogreps/mogreps_bucket/20250506/001/englaa_pd024.pp exists. Skip...
/data/scratch/prince.xavier/SALMON/raw_data/mogreps/mogreps_bucket/20250506/010/englaa_pd000.pp exists. Skip...
Retrieving hr: 24
/data/scratch/prince.xavier/SALMON/raw_data/mogreps/mogreps_bucket/20250506/013/englaa_pd000.pp exists. Skip...
In retrieve_fc_data_parallel()
Retrieving hr: 24
In retrieve_fc_data_parallel()
In retrieve_fc_data_parallel()
Retrieving hr: 24
/data/scratch/prince.xavier/SALMON/raw_data/mogreps/mogreps_bucket/20250506/007/englaa_pd024.pp exists. Skip...
In retrieve_fc_data_parallel()
/data/scratch/prince.xavier/SALMON/raw_data/mogreps/mogreps_bucket/20250506/017/englaa_pd000.pp exists. Skip...
Retrieving hr: 24
In retrieve_fc_data_parallel()
Retrieving hr: 48
In retrieve_fc_data_parallel()
Retrieving hr: 48
Retrieving hr: 48
/data/scratch/prince.xavier/SALMON/raw_data/mogreps/mogreps_bucket/20250506/015/englaa_pd000.pp exists. Skip...
In retrieve_fc_data_parallel()
Retrieving hr: 48
/data/scratch/prince.xavier/SALMON/raw_data/mogreps/mogreps_bucket/20250506/002/englaa_pd024.pp exists. Skip...
/data/scratch/prince.xavier/SALMON/raw_data/mogreps/mogreps_bucket/20250506/004/englaa_pd024.pp exists. Skip...
/data/scratch/prince.xavier/SALMON/raw_data/mogreps/mogreps_bucket/20250506/000/englaa_pd024.pp exists. Skip...
/data/scratch/prince.xavier/SALMON/raw_data/mogreps/mogreps_bucket/20250506/008/englaa_pd024.pp exists. Skip...
In retrieve_fc_data_parallel()
Retrieving hr: 48
In retrieve_fc_data_parallel()
/data/scratch/prince.xavier/SALMON/raw_data/mogreps/mogreps_bucket/20250506/016/englaa_pd000.pp exists. Skip...
In retrieve_fc_data_parallel()
In retrieve_fc_data_parallel()
Retrieving hr: 48
Retrieving hr: 48
In retrieve_fc_data_parallel()
/data/scratch/prince.xavier/SALMON/raw_data/mogreps/mogreps_bucket/20250506/011/englaa_pd024.pp exists. Skip...
In retrieve_fc_data_parallel()
Retrieving hr: 48
/data/scratch/prince.xavier/SALMON/raw_data/mogreps/mogreps_bucket/20250506/003/englaa_pd024.pp exists. Skip...
In retrieve_fc_data_parallel()
Retrieving hr: 48
Retrieving hr: 48
/data/scratch/prince.xavier/SALMON/raw_data/mogreps/mogreps_bucket/20250506/005/englaa_pd024.pp exists. Skip...
/data/scratch/prince.xavier/SALMON/raw_data/mogreps/mogreps_bucket/20250506/006/englaa_pd024.pp exists. Skip...
/data/scratch/prince.xavier/SALMON/raw_data/mogreps/mogreps_bucket/20250506/009/englaa_pd024.pp exists. Skip...
In retrieve_fc_data_parallel()
Retrieving hr: 48
In retrieve_fc_data_parallel()
/data/scratch/prince.xavier/SALMON/raw_data/mogreps/mogreps_bucket/20250506/013/englaa_pd024.pp exists. Skip...
In retrieve_fc_data_parallel()
/data/scratch/prince.xavier/SALMON/raw_data/mogreps/mogreps_bucket/20250506/012/englaa_pd024.pp exists. Skip...
In retrieve_fc_data_parallel()
Retrieving hr: 48
Retrieving hr: 48
In retrieve_fc_data_parallel()
Retrieving hr: 48
Retrieving hr: 48
/data/scratch/prince.xavier/SALMON/raw_data/mogreps/mogreps_bucket/20250506/010/englaa_pd024.pp exists. Skip...
In retrieve_fc_data_parallel()
Retrieving hr: 48
Retrieving hr: 48
/data/scratch/prince.xavier/SALMON/raw_data/mogreps/mogreps_bucket/20250506/003/englaa_pd048.pp exists. Skip...
/data/scratch/prince.xavier/SALMON/raw_data/mogreps/mogreps_bucket/20250506/001/englaa_pd048.pp exists. Skip...
In retrieve_fc_data_parallel()
/data/scratch/prince.xavier/SALMON/raw_data/mogreps/mogreps_bucket/20250506/017/englaa_pd024.pp exists. Skip...
In retrieve_fc_data_parallel()
In retrieve_fc_data_parallel()
Retrieving hr: 72
/data/scratch/prince.xavier/SALMON/raw_data/mogreps/mogreps_bucket/20250506/015/englaa_pd024.pp exists. Skip...
In retrieve_fc_data_parallel()
Retrieving hr: 48
Retrieving hr: 72
In retrieve_fc_data_parallel()
Retrieving hr: 72
/data/scratch/prince.xavier/SALMON/raw_data/mogreps/mogreps_bucket/20250506/000/englaa_pd048.pp exists. Skip...
In retrieve_fc_data_parallel()
Retrieving hr: 72
Retrieving hr: 72
In retrieve_fc_data_parallel()
Retrieving hr: 72
/data/scratch/prince.xavier/SALMON/raw_data/mogreps/mogreps_bucket/20250506/016/englaa_pd024.pp exists. Skip...
In retrieve_fc_data_parallel()
In retrieve_fc_data_parallel()
/data/scratch/prince.xavier/SALMON/raw_data/mogreps/mogreps_bucket/20250506/004/englaa_pd048.pp exists. Skip...
In retrieve_fc_data_parallel()
/data/scratch/prince.xavier/SALMON/raw_data/mogreps/mogreps_bucket/20250506/007/englaa_pd048.pp exists. Skip...
In retrieve_fc_data_parallel()
Retrieving hr: 72
In retrieve_fc_data_parallel()
Retrieving hr: 72
/data/scratch/prince.xavier/SALMON/raw_data/mogreps/mogreps_bucket/20250506/011/englaa_pd048.pp exists. Skip...
In retrieve_fc_data_parallel()
/data/scratch/prince.xavier/SALMON/raw_data/mogreps/mogreps_bucket/20250506/009/englaa_pd048.pp exists. Skip...
In retrieve_fc_data_parallel()
/data/scratch/prince.xavier/SALMON/raw_data/mogreps/mogreps_bucket/20250506/014/englaa_pd024.pp exists. Skip...
In retrieve_fc_data_parallel()
Retrieving hr: 72
In retrieve_fc_data_parallel()
Retrieving hr: 72
Retrieving hr: 72
Retrieving hr: 72
Retrieving hr: 72
/data/scratch/prince.xavier/SALMON/raw_data/mogreps/mogreps_bucket/20250506/005/englaa_pd048.pp exists. Skip...
In retrieve_fc_data_parallel()
In retrieve_fc_data_parallel()
Retrieving hr: 72
Retrieving hr: 72
/data/scratch/prince.xavier/SALMON/raw_data/mogreps/mogreps_bucket/20250506/006/englaa_pd048.pp exists. Skip...
In retrieve_fc_data_parallel()
Retrieving hr: 72
In retrieve_fc_data_parallel()
Retrieving hr: 72
Retrieving hr: 72
In retrieve_fc_data_parallel()
Retrieving hr: 96
/data/scratch/prince.xavier/SALMON/raw_data/mogreps/mogreps_bucket/20250506/013/englaa_pd048.pp exists. Skip...
In retrieve_fc_data_parallel()
Retrieving hr: 96
In retrieve_fc_data_parallel()
Retrieving hr: 96
/data/scratch/prince.xavier/SALMON/raw_data/mogreps/mogreps_bucket/20250506/002/englaa_pd048.pp exists. Skip...
In retrieve_fc_data_parallel()
Retrieving hr: 96
/data/scratch/prince.xavier/SALMON/raw_data/mogreps/mogreps_bucket/20250506/008/englaa_pd048.pp exists. Skip...
In retrieve_fc_data_parallel()
In retrieve_fc_data_parallel()
Retrieving hr: 96
/data/scratch/prince.xavier/SALMON/raw_data/mogreps/mogreps_bucket/20250506/010/englaa_pd048.pp exists. Skip...
In retrieve_fc_data_parallel()
Retrieving hr: 96
Retrieving hr: 96
/data/scratch/prince.xavier/SALMON/raw_data/mogreps/mogreps_bucket/20250506/012/englaa_pd048.pp exists. Skip...
In retrieve_fc_data_parallel()
/data/scratch/prince.xavier/SALMON/raw_data/mogreps/mogreps_bucket/20250506/014/englaa_pd048.pp exists. Skip...
In retrieve_fc_data_parallel()
Retrieving hr: 96
/data/scratch/prince.xavier/SALMON/raw_data/mogreps/mogreps_bucket/20250506/000/englaa_pd072.pp exists. Skip...
In retrieve_fc_data_parallel()
Retrieving hr: 96
Retrieving hr: 96
Retrieving hr: 96
/data/scratch/prince.xavier/SALMON/raw_data/mogreps/mogreps_bucket/20250506/012/englaa_pd072.pp exists. Skip...
In retrieve_fc_data_parallel()
Retrieving hr: 96
In retrieve_fc_data_parallel()
Retrieving hr: 96
/data/scratch/prince.xavier/SALMON/raw_data/mogreps/mogreps_bucket/20250506/005/englaa_pd072.pp exists. Skip...
In retrieve_fc_data_parallel()
/data/scratch/prince.xavier/SALMON/raw_data/mogreps/mogreps_bucket/20250506/016/englaa_pd048.pp exists. Skip...
In retrieve_fc_data_parallel()
Retrieving hr: 96
/data/scratch/prince.xavier/SALMON/raw_data/mogreps/mogreps_bucket/20250506/001/englaa_pd072.pp exists. Skip...
In retrieve_fc_data_parallel()
/data/scratch/prince.xavier/SALMON/raw_data/mogreps/mogreps_bucket/20250506/004/englaa_pd072.pp exists. Skip...
In retrieve_fc_data_parallel()
/data/scratch/prince.xavier/SALMON/raw_data/mogreps/mogreps_bucket/20250506/017/englaa_pd048.pp exists. Skip...
In retrieve_fc_data_parallel()
/data/scratch/prince.xavier/SALMON/raw_data/mogreps/mogreps_bucket/20250506/006/englaa_pd072.pp exists. Skip...
In retrieve_fc_data_parallel()
Retrieving hr: 96
/data/scratch/prince.xavier/SALMON/raw_data/mogreps/mogreps_bucket/20250506/002/englaa_pd072.pp exists. Skip...
In retrieve_fc_data_parallel()
Retrieving hr: 120
Retrieving hr: 96
Retrieving hr: 120
Retrieving hr: 96
/data/scratch/prince.xavier/SALMON/raw_data/mogreps/mogreps_bucket/20250506/003/englaa_pd072.pp exists. Skip...
In retrieve_fc_data_parallel()
Retrieving hr: 96
/data/scratch/prince.xavier/SALMON/raw_data/mogreps/mogreps_bucket/20250506/009/englaa_pd072.pp exists. Skip...
In retrieve_fc_data_parallel()
/data/scratch/prince.xavier/SALMON/raw_data/mogreps/mogreps_bucket/20250506/015/englaa_pd048.pp exists. Skip...
In retrieve_fc_data_parallel()
Retrieving hr: 120
/data/scratch/prince.xavier/SALMON/raw_data/mogreps/mogreps_bucket/20250506/016/englaa_pd072.pp exists. Skip...
In retrieve_fc_data_parallel()
Retrieving hr: 120
Retrieving hr: 120
/data/scratch/prince.xavier/SALMON/raw_data/mogreps/mogreps_bucket/20250506/015/englaa_pd072.pp exists. Skip...
In retrieve_fc_data_parallel()
Retrieving hr: 120
Retrieving hr: 120
/data/scratch/prince.xavier/SALMON/raw_data/mogreps/mogreps_bucket/20250506/013/englaa_pd072.pp exists. Skip...
In retrieve_fc_data_parallel()
/data/scratch/prince.xavier/SALMON/raw_data/mogreps/mogreps_bucket/20250506/014/englaa_pd072.pp exists. Skip...
In retrieve_fc_data_parallel()
Retrieving hr: 120
Retrieving hr: 120
/data/scratch/prince.xavier/SALMON/raw_data/mogreps/mogreps_bucket/20250506/008/englaa_pd072.pp exists. Skip...
In retrieve_fc_data_parallel()
Retrieving hr: 120
/data/scratch/prince.xavier/SALMON/raw_data/mogreps/mogreps_bucket/20250506/004/englaa_pd096.pp exists. Skip...
In retrieve_fc_data_parallel()
/data/scratch/prince.xavier/SALMON/raw_data/mogreps/mogreps_bucket/20250506/001/englaa_pd096.pp exists. Skip...
In retrieve_fc_data_parallel()
/data/scratch/prince.xavier/SALMON/raw_data/mogreps/mogreps_bucket/20250506/010/englaa_pd072.pp exists. Skip...
In retrieve_fc_data_parallel()
/data/scratch/prince.xavier/SALMON/raw_data/mogreps/mogreps_bucket/20250506/017/englaa_pd072.pp exists. Skip...
In retrieve_fc_data_parallel()
Retrieving hr: 120
/data/scratch/prince.xavier/SALMON/raw_data/mogreps/mogreps_bucket/20250506/000/englaa_pd096.pp exists. Skip...
In retrieve_fc_data_parallel()
Retrieving hr: 120
/data/scratch/prince.xavier/SALMON/raw_data/mogreps/mogreps_bucket/20250506/010/englaa_pd096.pp exists. Skip...
In retrieve_fc_data_parallel()
Retrieving hr: 120
/data/scratch/prince.xavier/SALMON/raw_data/mogreps/mogreps_bucket/20250506/006/englaa_pd096.pp exists. Skip...
In retrieve_fc_data_parallel()
Retrieving hr: 120
Retrieving hr: 120
/data/scratch/prince.xavier/SALMON/raw_data/mogreps/mogreps_bucket/20250506/008/englaa_pd096.pp exists. Skip...
In retrieve_fc_data_parallel()
Retrieving hr: 120
/data/scratch/prince.xavier/SALMON/raw_data/mogreps/mogreps_bucket/20250506/007/englaa_pd072.pp exists. Skip...
In retrieve_fc_data_parallel()
/data/scratch/prince.xavier/SALMON/raw_data/mogreps/mogreps_bucket/20250506/002/englaa_pd096.pp exists. Skip...
In retrieve_fc_data_parallel()
Retrieving hr: 120
/data/scratch/prince.xavier/SALMON/raw_data/mogreps/mogreps_bucket/20250506/012/englaa_pd096.pp exists. Skip...
In retrieve_fc_data_parallel()
/data/scratch/prince.xavier/SALMON/raw_data/mogreps/mogreps_bucket/20250506/003/englaa_pd096.pp exists. Skip...
In retrieve_fc_data_parallel()
Retrieving hr: 144
/data/scratch/prince.xavier/SALMON/raw_data/mogreps/mogreps_bucket/20250506/011/englaa_pd072.pp exists. Skip...
In retrieve_fc_data_parallel()
Retrieving hr: 120
Retrieving hr: 144
/data/scratch/prince.xavier/SALMON/raw_data/mogreps/mogreps_bucket/20250506/007/englaa_pd096.pp exists. Skip...
In retrieve_fc_data_parallel()
Retrieving hr: 144
Retrieving hr: 144
Retrieving hr: 144
Retrieving hr: 144
/data/scratch/prince.xavier/SALMON/raw_data/mogreps/mogreps_bucket/20250506/002/englaa_pd120.pp exists. Skip...
In retrieve_fc_data_parallel()
/data/scratch/prince.xavier/SALMON/raw_data/mogreps/mogreps_bucket/20250506/017/englaa_pd096.pp exists. Skip...
In retrieve_fc_data_parallel()
Retrieving hr: 144
/data/scratch/prince.xavier/SALMON/raw_data/mogreps/mogreps_bucket/20250506/001/englaa_pd120.pp exists. Skip...
In retrieve_fc_data_parallel()
Retrieving hr: 144
/data/scratch/prince.xavier/SALMON/raw_data/mogreps/mogreps_bucket/20250506/015/englaa_pd096.pp exists. Skip...
In retrieve_fc_data_parallel()
Retrieving hr: 144
/data/scratch/prince.xavier/SALMON/raw_data/mogreps/mogreps_bucket/20250506/013/englaa_pd096.pp exists. Skip...
In retrieve_fc_data_parallel()
/data/scratch/prince.xavier/SALMON/raw_data/mogreps/mogreps_bucket/20250506/005/englaa_pd096.pp exists. Skip...
In retrieve_fc_data_parallel()
Retrieving hr: 144
/data/scratch/prince.xavier/SALMON/raw_data/mogreps/mogreps_bucket/20250506/009/englaa_pd096.pp exists. Skip...
In retrieve_fc_data_parallel()
Retrieving hr: 144
/data/scratch/prince.xavier/SALMON/raw_data/mogreps/mogreps_bucket/20250506/009/englaa_pd120.pp exists. Skip...
In retrieve_fc_data_parallel()
/data/scratch/prince.xavier/SALMON/raw_data/mogreps/mogreps_bucket/20250506/011/englaa_pd096.pp exists. Skip...
In retrieve_fc_data_parallel()
/data/scratch/prince.xavier/SALMON/raw_data/mogreps/mogreps_bucket/20250506/014/englaa_pd096.pp exists. Skip...
In retrieve_fc_data_parallel()
Retrieving hr: 144
Retrieving hr: 144
/data/scratch/prince.xavier/SALMON/raw_data/mogreps/mogreps_bucket/20250506/008/englaa_pd120.pp exists. Skip...
In retrieve_fc_data_parallel()
Retrieving hr: 144
Retrieving hr: 144
Retrieving hr: 144
Retrieving hr: 144
/data/scratch/prince.xavier/SALMON/raw_data/mogreps/mogreps_bucket/20250506/004/englaa_pd120.pp exists. Skip...
In retrieve_fc_data_parallel()
Retrieving hr: 144
/data/scratch/prince.xavier/SALMON/raw_data/mogreps/mogreps_bucket/20250506/007/englaa_pd120.pp exists. Skip...
In retrieve_fc_data_parallel()
Retrieving hr: 168
/data/scratch/prince.xavier/SALMON/raw_data/mogreps/mogreps_bucket/20250506/000/englaa_pd120.pp exists. Skip...
In retrieve_fc_data_parallel()
/data/scratch/prince.xavier/SALMON/raw_data/mogreps/mogreps_bucket/20250506/016/englaa_pd096.pp exists. Skip...
In retrieve_fc_data_parallel()
Retrieving hr: 168
/data/scratch/prince.xavier/SALMON/raw_data/mogreps/mogreps_bucket/20250506/000/englaa_pd144.pp exists. Skip...
In retrieve_fc_data_parallel()
/data/scratch/prince.xavier/SALMON/raw_data/mogreps/mogreps_bucket/20250506/006/englaa_pd120.pp exists. Skip...
In retrieve_fc_data_parallel()
Retrieving hr: 168
/data/scratch/prince.xavier/SALMON/raw_data/mogreps/mogreps_bucket/20250506/017/englaa_pd120.pp exists. Skip...
In retrieve_fc_data_parallel()
Retrieving hr: 168
/data/scratch/prince.xavier/SALMON/raw_data/mogreps/mogreps_bucket/20250506/010/englaa_pd120.pp exists. Skip...
In retrieve_fc_data_parallel()
Retrieving hr: 168
/data/scratch/prince.xavier/SALMON/raw_data/mogreps/mogreps_bucket/20250506/005/englaa_pd120.pp exists. Skip...
In retrieve_fc_data_parallel()
Retrieving hr: 168
/data/scratch/prince.xavier/SALMON/raw_data/mogreps/mogreps_bucket/20250506/014/englaa_pd120.pp exists. Skip...
In retrieve_fc_data_parallel()
Retrieving hr: 168
Retrieving hr: 168
/data/scratch/prince.xavier/SALMON/raw_data/mogreps/mogreps_bucket/20250506/004/englaa_pd144.pp exists. Skip...
In retrieve_fc_data_parallel()
Retrieving hr: 168
/data/scratch/prince.xavier/SALMON/raw_data/mogreps/mogreps_bucket/20250506/001/englaa_pd144.pp exists. Skip...
In retrieve_fc_data_parallel()
Retrieving hr: 168
/data/scratch/prince.xavier/SALMON/raw_data/mogreps/mogreps_bucket/20250506/003/englaa_pd120.pp exists. Skip...
In retrieve_fc_data_parallel()
/data/scratch/prince.xavier/SALMON/raw_data/mogreps/mogreps_bucket/20250506/016/englaa_pd120.pp exists. Skip...
In retrieve_fc_data_parallel()
Retrieving hr: 168
Retrieving hr: 168
Retrieving hr: 168
/data/scratch/prince.xavier/SALMON/raw_data/mogreps/mogreps_bucket/20250506/005/englaa_pd144.pp exists. Skip...
In retrieve_fc_data_parallel()
/data/scratch/prince.xavier/SALMON/raw_data/mogreps/mogreps_bucket/20250506/012/englaa_pd144.pp exists. Skip...
In retrieve_fc_data_parallel()
Retrieving hr: 168
/data/scratch/prince.xavier/SALMON/raw_data/mogreps/mogreps_bucket/20250506/003/englaa_pd144.pp exists. Skip...
In retrieve_fc_data_parallel()
Retrieving hr: 168
/data/scratch/prince.xavier/SALMON/raw_data/mogreps/mogreps_bucket/20250506/002/englaa_pd144.pp exists. Skip...
In retrieve_fc_data_parallel()
Retrieving hr: 168
/data/scratch/prince.xavier/SALMON/raw_data/mogreps/mogreps_bucket/20250506/012/englaa_pd120.pp exists. Skip...
In retrieve_fc_data_parallel()
Retrieving hr: 168
/data/scratch/prince.xavier/SALMON/raw_data/mogreps/mogreps_bucket/20250506/013/englaa_pd120.pp exists. Skip...
In retrieve_fc_data_parallel()
/data/scratch/prince.xavier/SALMON/raw_data/mogreps/mogreps_bucket/20250506/011/englaa_pd120.pp exists. Skip...
In retrieve_fc_data_parallel()
Retrieving hr: 0
/data/scratch/prince.xavier/SALMON/raw_data/mogreps/mogreps_bucket/20250506/007/englaa_pd144.pp exists. Skip...
In retrieve_fc_data_parallel()
Retrieving hr: 168
Retrieving hr: 0
/data/scratch/prince.xavier/SALMON/raw_data/mogreps/mogreps_bucket/20250506/014/englaa_pd144.pp exists. Skip...
In retrieve_fc_data_parallel()
Retrieving hr: 0
Retrieving hr: 0
/data/scratch/prince.xavier/SALMON/raw_data/mogreps/mogreps_bucket/20250506/006/englaa_pd144.pp exists. Skip...
In retrieve_fc_data_parallel()
/data/scratch/prince.xavier/SALMON/raw_data/mogreps/mogreps_bucket/20250506/015/englaa_pd120.pp exists. Skip...
In retrieve_fc_data_parallel()
Retrieving hr: 0
/data/scratch/prince.xavier/SALMON/raw_data/mogreps/mogreps_bucket/20250506/000/englaa_pd168.pp exists. Skip...
In retrieve_fc_data_parallel()
/data/scratch/prince.xavier/SALMON/raw_data/mogreps/mogreps_bucket/20250506/010/englaa_pd144.pp exists. Skip...
In retrieve_fc_data_parallel()
Retrieving hr: 0
/data/scratch/prince.xavier/SALMON/raw_data/mogreps/mogreps_bucket/20250506/017/englaa_pd144.pp exists. Skip...
In retrieve_fc_data_parallel()
Retrieving hr: 0
Retrieving hr: 0
Retrieving hr: 0
/data/scratch/prince.xavier/SALMON/raw_data/mogreps/mogreps_bucket/20250506/011/englaa_pd144.pp exists. Skip...
In retrieve_fc_data_parallel()
/data/scratch/prince.xavier/SALMON/raw_data/mogreps/mogreps_bucket/20250506/003/englaa_pd168.pp exists. Skip...
In retrieve_fc_data_parallel()
/data/scratch/prince.xavier/SALMON/raw_data/mogreps/mogreps_bucket/20250506/002/englaa_pd168.pp exists. Skip...
In retrieve_fc_data_parallel()
/data/scratch/prince.xavier/SALMON/raw_data/mogreps/mogreps_bucket/20250506/013/englaa_pd144.pp exists. Skip...
In retrieve_fc_data_parallel()
/data/scratch/prince.xavier/SALMON/raw_data/mogreps/mogreps_bucket/20250506/016/englaa_pd144.pp exists. Skip...
In retrieve_fc_data_parallel()
Retrieving hr: 0
Retrieving hr: 0
Retrieving hr: 0
/data/scratch/prince.xavier/SALMON/raw_data/mogreps/mogreps_bucket/20250506/007/englaa_pd168.pp exists. Skip...
In retrieve_fc_data_parallel()
/data/scratch/prince.xavier/SALMON/raw_data/mogreps/mogreps_bucket/20250506/004/englaa_pd168.pp exists. Skip...
In retrieve_fc_data_parallel()
Retrieving hr: 0
/data/scratch/prince.xavier/SALMON/raw_data/mogreps/mogreps_bucket/20250506/008/englaa_pd168.pp exists. Skip...
In retrieve_fc_data_parallel()
Retrieving hr: 0
/data/scratch/prince.xavier/SALMON/raw_data/mogreps/mogreps_bucket/20250506/001/englaa_pd168.pp exists. Skip...
In retrieve_fc_data_parallel()
/data/scratch/prince.xavier/SALMON/raw_data/mogreps/mogreps_bucket/20250506/008/englaa_pd144.pp exists. Skip...
In retrieve_fc_data_parallel()
Retrieving hr: 24
Retrieving hr: 0
/data/scratch/prince.xavier/SALMON/raw_data/mogreps/mogreps_bucket/20250506/009/englaa_pd168.pp exists. Skip...
In retrieve_fc_data_parallel()
Retrieving hr: 24
Retrieving hr: 0
Retrieving hr: 0
/data/scratch/prince.xavier/SALMON/raw_data/mogreps/mogreps_bucket/20250506/015/englaa_pd168.pp exists. Skip...
In retrieve_fc_data_parallel()
Retrieving hr: 24
Retrieving hr: 0
/data/scratch/prince.xavier/SALMON/raw_data/mogreps/mogreps_bucket/20250506/010/englaa_pd168.pp exists. Skip...
In retrieve_fc_data_parallel()
/data/scratch/prince.xavier/SALMON/raw_data/mogreps/mogreps_bucket/20250506/018/englaa_pd000.pp exists. Skip...
In retrieve_fc_data_parallel()
Retrieving hr: 24
/data/scratch/prince.xavier/SALMON/raw_data/mogreps/mogreps_bucket/20250506/005/englaa_pd168.pp exists. Skip...
In retrieve_fc_data_parallel()
/data/scratch/prince.xavier/SALMON/raw_data/mogreps/mogreps_bucket/20250506/017/englaa_pd168.pp exists. Skip...
In retrieve_fc_data_parallel()
/data/scratch/prince.xavier/SALMON/raw_data/mogreps/mogreps_bucket/20250506/009/englaa_pd144.pp exists. Skip...
In retrieve_fc_data_parallel()
Retrieving hr: 24
/data/scratch/prince.xavier/SALMON/raw_data/mogreps/mogreps_bucket/20250506/019/englaa_pd000.pp exists. Skip...
In retrieve_fc_data_parallel()
/data/scratch/prince.xavier/SALMON/raw_data/mogreps/mogreps_bucket/20250506/015/englaa_pd144.pp exists. Skip...
In retrieve_fc_data_parallel()
Retrieving hr: 24
Retrieving hr: 24
Retrieving hr: 24
Retrieving hr: 24
/data/scratch/prince.xavier/SALMON/raw_data/mogreps/mogreps_bucket/20250506/014/englaa_pd168.pp exists. Skip...
In retrieve_fc_data_parallel()
/data/scratch/prince.xavier/SALMON/raw_data/mogreps/mogreps_bucket/20250506/006/englaa_pd168.pp exists. Skip...
In retrieve_fc_data_parallel()
Retrieving hr: 24
/data/scratch/prince.xavier/SALMON/raw_data/mogreps/mogreps_bucket/20250506/023/englaa_pd000.pp exists. Skip...
In retrieve_fc_data_parallel()
/data/scratch/prince.xavier/SALMON/raw_data/mogreps/mogreps_bucket/20250506/016/englaa_pd168.pp exists. Skip...
In retrieve_fc_data_parallel()
Retrieving hr: 24
Retrieving hr: 24
Retrieving hr: 24
/data/scratch/prince.xavier/SALMON/raw_data/mogreps/mogreps_bucket/20250506/013/englaa_pd168.pp exists. Skip...
In retrieve_fc_data_parallel()
Retrieving hr: 24
/data/scratch/prince.xavier/SALMON/raw_data/mogreps/mogreps_bucket/20250506/031/englaa_pd000.pp exists. Skip...
In retrieve_fc_data_parallel()
/data/scratch/prince.xavier/SALMON/raw_data/mogreps/mogreps_bucket/20250506/026/englaa_pd000.pp exists. Skip...
In retrieve_fc_data_parallel()
Retrieving hr: 24
Retrieving hr: 24
/data/scratch/prince.xavier/SALMON/raw_data/mogreps/mogreps_bucket/20250506/020/englaa_pd000.pp exists. Skip...
In retrieve_fc_data_parallel()
/data/scratch/prince.xavier/SALMON/raw_data/mogreps/mogreps_bucket/20250506/011/englaa_pd168.pp exists. Skip...
In retrieve_fc_data_parallel()
Retrieving hr: 24
Retrieving hr: 24
/data/scratch/prince.xavier/SALMON/raw_data/mogreps/mogreps_bucket/20250506/029/englaa_pd000.pp exists. Skip...
In retrieve_fc_data_parallel()
Retrieving hr: 48
Retrieving hr: 48
/data/scratch/prince.xavier/SALMON/raw_data/mogreps/mogreps_bucket/20250506/024/englaa_pd000.pp exists. Skip...
In retrieve_fc_data_parallel()
/data/scratch/prince.xavier/SALMON/raw_data/mogreps/mogreps_bucket/20250506/032/englaa_pd000.pp exists. Skip...
In retrieve_fc_data_parallel()
/data/scratch/prince.xavier/SALMON/raw_data/mogreps/mogreps_bucket/20250506/019/englaa_pd024.pp exists. Skip...
In retrieve_fc_data_parallel()
/data/scratch/prince.xavier/SALMON/raw_data/mogreps/mogreps_bucket/20250506/022/englaa_pd000.pp exists. Skip...
In retrieve_fc_data_parallel()
Retrieving hr: 48
Retrieving hr: 48
Retrieving hr: 48
/data/scratch/prince.xavier/SALMON/raw_data/mogreps/mogreps_bucket/20250506/033/englaa_pd000.pp exists. Skip...
In retrieve_fc_data_parallel()
Retrieving hr: 48
/data/scratch/prince.xavier/SALMON/raw_data/mogreps/mogreps_bucket/20250506/021/englaa_pd000.pp exists. Skip...
In retrieve_fc_data_parallel()
Retrieving hr: 48
/data/scratch/prince.xavier/SALMON/raw_data/mogreps/mogreps_bucket/20250506/030/englaa_pd000.pp exists. Skip...
In retrieve_fc_data_parallel()
/data/scratch/prince.xavier/SALMON/raw_data/mogreps/mogreps_bucket/20250506/020/englaa_pd024.pp exists. Skip...
In retrieve_fc_data_parallel()
Retrieving hr: 48
/data/scratch/prince.xavier/SALMON/raw_data/mogreps/mogreps_bucket/20250506/018/englaa_pd024.pp exists. Skip...
In retrieve_fc_data_parallel()
Retrieving hr: 48
/data/scratch/prince.xavier/SALMON/raw_data/mogreps/mogreps_bucket/20250506/025/englaa_pd000.pp exists. Skip...
In retrieve_fc_data_parallel()
Retrieving hr: 48
/data/scratch/prince.xavier/SALMON/raw_data/mogreps/mogreps_bucket/20250506/034/englaa_pd000.pp exists. Skip...
In retrieve_fc_data_parallel()
Retrieving hr: 48
/data/scratch/prince.xavier/SALMON/raw_data/mogreps/mogreps_bucket/20250506/027/englaa_pd000.pp exists. Skip...
In retrieve_fc_data_parallel()
/data/scratch/prince.xavier/SALMON/raw_data/mogreps/mogreps_bucket/20250506/031/englaa_pd024.pp exists. Skip...
In retrieve_fc_data_parallel()
Retrieving hr: 48
Retrieving hr: 48
/data/scratch/prince.xavier/SALMON/raw_data/mogreps/mogreps_bucket/20250506/024/englaa_pd024.pp exists. Skip...
In retrieve_fc_data_parallel()
/data/scratch/prince.xavier/SALMON/raw_data/mogreps/mogreps_bucket/20250506/028/englaa_pd000.pp exists. Skip...
In retrieve_fc_data_parallel()
/data/scratch/prince.xavier/SALMON/raw_data/mogreps/mogreps_bucket/20250506/032/englaa_pd024.pp exists. Skip...
In retrieve_fc_data_parallel()
Retrieving hr: 48
Retrieving hr: 48
Retrieving hr: 48
/data/scratch/prince.xavier/SALMON/raw_data/mogreps/mogreps_bucket/20250506/035/englaa_pd000.pp exists. Skip...
In retrieve_fc_data_parallel()
Retrieving hr: 48
Retrieving hr: 48
/data/scratch/prince.xavier/SALMON/raw_data/mogreps/mogreps_bucket/20250506/030/englaa_pd024.pp exists. Skip...
In retrieve_fc_data_parallel()
Retrieving hr: 72
/data/scratch/prince.xavier/SALMON/raw_data/mogreps/mogreps_bucket/20250506/028/englaa_pd024.pp exists. Skip...
In retrieve_fc_data_parallel()
Retrieving hr: 72
/data/scratch/prince.xavier/SALMON/raw_data/mogreps/mogreps_bucket/20250506/012/englaa_pd168.pp exists. Skip...
In retrieve_fc_data_parallel()
Retrieving hr: 72
/data/scratch/prince.xavier/SALMON/raw_data/mogreps/mogreps_bucket/20250506/021/englaa_pd024.pp exists. Skip...
In retrieve_fc_data_parallel()
/data/scratch/prince.xavier/SALMON/raw_data/mogreps/mogreps_bucket/20250506/022/englaa_pd024.pp exists. Skip...
In retrieve_fc_data_parallel()
Retrieving hr: 72
Retrieving hr: 72
Retrieving hr: 72
/data/scratch/prince.xavier/SALMON/raw_data/mogreps/mogreps_bucket/20250506/026/englaa_pd024.pp exists. Skip...
In retrieve_fc_data_parallel()
Retrieving hr: 72
/data/scratch/prince.xavier/SALMON/raw_data/mogreps/mogreps_bucket/20250506/025/englaa_pd024.pp exists. Skip...
In retrieve_fc_data_parallel()
/data/scratch/prince.xavier/SALMON/raw_data/mogreps/mogreps_bucket/20250506/035/englaa_pd024.pp exists. Skip...
In retrieve_fc_data_parallel()
/data/scratch/prince.xavier/SALMON/raw_data/mogreps/mogreps_bucket/20250506/023/englaa_pd024.pp exists. Skip...
In retrieve_fc_data_parallel()
/data/scratch/prince.xavier/SALMON/raw_data/mogreps/mogreps_bucket/20250506/019/englaa_pd048.pp exists. Skip...
In retrieve_fc_data_parallel()
Retrieving hr: 72
Retrieving hr: 72
Retrieving hr: 72
Retrieving hr: 72
/data/scratch/prince.xavier/SALMON/raw_data/mogreps/mogreps_bucket/20250506/034/englaa_pd024.pp exists. Skip...
In retrieve_fc_data_parallel()
Retrieving hr: 72
/data/scratch/prince.xavier/SALMON/raw_data/mogreps/mogreps_bucket/20250506/020/englaa_pd048.pp exists. Skip...
In retrieve_fc_data_parallel()
Retrieving hr: 72
/data/scratch/prince.xavier/SALMON/raw_data/mogreps/mogreps_bucket/20250506/033/englaa_pd024.pp exists. Skip...
In retrieve_fc_data_parallel()
Retrieving hr: 72
/data/scratch/prince.xavier/SALMON/raw_data/mogreps/mogreps_bucket/20250506/027/englaa_pd048.pp exists. Skip...
In retrieve_fc_data_parallel()
/data/scratch/prince.xavier/SALMON/raw_data/mogreps/mogreps_bucket/20250506/026/englaa_pd048.pp exists. Skip...
In retrieve_fc_data_parallel()
Retrieving hr: 72
/data/scratch/prince.xavier/SALMON/raw_data/mogreps/mogreps_bucket/20250506/022/englaa_pd048.pp exists. Skip...
In retrieve_fc_data_parallel()
Retrieving hr: 72
/data/scratch/prince.xavier/SALMON/raw_data/mogreps/mogreps_bucket/20250506/029/englaa_pd024.pp exists. Skip...
In retrieve_fc_data_parallel()
/data/scratch/prince.xavier/SALMON/raw_data/mogreps/mogreps_bucket/20250506/029/englaa_pd048.pp exists. Skip...
In retrieve_fc_data_parallel()
Retrieving hr: 72
Retrieving hr: 72
/data/scratch/prince.xavier/SALMON/raw_data/mogreps/mogreps_bucket/20250506/031/englaa_pd048.pp exists. Skip...
In retrieve_fc_data_parallel()
Retrieving hr: 96
/data/scratch/prince.xavier/SALMON/raw_data/mogreps/mogreps_bucket/20250506/025/englaa_pd048.pp exists. Skip...
In retrieve_fc_data_parallel()
Retrieving hr: 96
/data/scratch/prince.xavier/SALMON/raw_data/mogreps/mogreps_bucket/20250506/023/englaa_pd048.pp exists. Skip...
In retrieve_fc_data_parallel()
Retrieving hr: 96
Retrieving hr: 96
/data/scratch/prince.xavier/SALMON/raw_data/mogreps/mogreps_bucket/20250506/034/englaa_pd048.pp exists. Skip...
In retrieve_fc_data_parallel()
Retrieving hr: 96
/data/scratch/prince.xavier/SALMON/raw_data/mogreps/mogreps_bucket/20250506/021/englaa_pd048.pp exists. Skip...
In retrieve_fc_data_parallel()
/data/scratch/prince.xavier/SALMON/raw_data/mogreps/mogreps_bucket/20250506/018/englaa_pd048.pp exists. Skip...
In retrieve_fc_data_parallel()
Retrieving hr: 96
/data/scratch/prince.xavier/SALMON/raw_data/mogreps/mogreps_bucket/20250506/024/englaa_pd048.pp exists. Skip...
In retrieve_fc_data_parallel()
/data/scratch/prince.xavier/SALMON/raw_data/mogreps/mogreps_bucket/20250506/021/englaa_pd072.pp exists. Skip...
In retrieve_fc_data_parallel()
/data/scratch/prince.xavier/SALMON/raw_data/mogreps/mogreps_bucket/20250506/030/englaa_pd048.pp exists. Skip...
In retrieve_fc_data_parallel()
Retrieving hr: 96
/data/scratch/prince.xavier/SALMON/raw_data/mogreps/mogreps_bucket/20250506/028/englaa_pd048.pp exists. Skip...
In retrieve_fc_data_parallel()
Retrieving hr: 96
/data/scratch/prince.xavier/SALMON/raw_data/mogreps/mogreps_bucket/20250506/027/englaa_pd024.pp exists. Skip...
In retrieve_fc_data_parallel()
Retrieving hr: 96
Retrieving hr: 96
Retrieving hr: 96
Retrieving hr: 96
/data/scratch/prince.xavier/SALMON/raw_data/mogreps/mogreps_bucket/20250506/020/englaa_pd072.pp exists. Skip...
In retrieve_fc_data_parallel()
/data/scratch/prince.xavier/SALMON/raw_data/mogreps/mogreps_bucket/20250506/033/englaa_pd048.pp exists. Skip...
In retrieve_fc_data_parallel()
Retrieving hr: 96
/data/scratch/prince.xavier/SALMON/raw_data/mogreps/mogreps_bucket/20250506/027/englaa_pd072.pp exists. Skip...
In retrieve_fc_data_parallel()
Retrieving hr: 96
Retrieving hr: 96
/data/scratch/prince.xavier/SALMON/raw_data/mogreps/mogreps_bucket/20250506/024/englaa_pd072.pp exists. Skip...
In retrieve_fc_data_parallel()
/data/scratch/prince.xavier/SALMON/raw_data/mogreps/mogreps_bucket/20250506/022/englaa_pd072.pp exists. Skip...
In retrieve_fc_data_parallel()
/data/scratch/prince.xavier/SALMON/raw_data/mogreps/mogreps_bucket/20250506/032/englaa_pd048.pp exists. Skip...
In retrieve_fc_data_parallel()
Retrieving hr: 96
Retrieving hr: 96
/data/scratch/prince.xavier/SALMON/raw_data/mogreps/mogreps_bucket/20250506/025/englaa_pd072.pp exists. Skip...
In retrieve_fc_data_parallel()
Retrieving hr: 120
/data/scratch/prince.xavier/SALMON/raw_data/mogreps/mogreps_bucket/20250506/018/englaa_pd072.pp exists. Skip...
In retrieve_fc_data_parallel()
Retrieving hr: 96
/data/scratch/prince.xavier/SALMON/raw_data/mogreps/mogreps_bucket/20250506/028/englaa_pd072.pp exists. Skip...
In retrieve_fc_data_parallel()
Retrieving hr: 120
/data/scratch/prince.xavier/SALMON/raw_data/mogreps/mogreps_bucket/20250506/031/englaa_pd072.pp exists. Skip...
In retrieve_fc_data_parallel()
Retrieving hr: 120
/data/scratch/prince.xavier/SALMON/raw_data/mogreps/mogreps_bucket/20250506/035/englaa_pd048.pp exists. Skip...
In retrieve_fc_data_parallel()
/data/scratch/prince.xavier/SALMON/raw_data/mogreps/mogreps_bucket/20250506/030/englaa_pd072.pp exists. Skip...
In retrieve_fc_data_parallel()
Retrieving hr: 120
/data/scratch/prince.xavier/SALMON/raw_data/mogreps/mogreps_bucket/20250506/019/englaa_pd072.pp exists. Skip...
In retrieve_fc_data_parallel()
Retrieving hr: 120
/data/scratch/prince.xavier/SALMON/raw_data/mogreps/mogreps_bucket/20250506/029/englaa_pd072.pp exists. Skip...
In retrieve_fc_data_parallel()
Retrieving hr: 120
Retrieving hr: 120
/data/scratch/prince.xavier/SALMON/raw_data/mogreps/mogreps_bucket/20250506/020/englaa_pd096.pp exists. Skip...
In retrieve_fc_data_parallel()
/data/scratch/prince.xavier/SALMON/raw_data/mogreps/mogreps_bucket/20250506/027/englaa_pd096.pp exists. Skip...
In retrieve_fc_data_parallel()
/data/scratch/prince.xavier/SALMON/raw_data/mogreps/mogreps_bucket/20250506/026/englaa_pd072.pp exists. Skip...
In retrieve_fc_data_parallel()
/data/scratch/prince.xavier/SALMON/raw_data/mogreps/mogreps_bucket/20250506/019/englaa_pd096.pp exists. Skip...
In retrieve_fc_data_parallel()
/data/scratch/prince.xavier/SALMON/raw_data/mogreps/mogreps_bucket/20250506/035/englaa_pd072.pp exists. Skip...
In retrieve_fc_data_parallel()
Retrieving hr: 120
Retrieving hr: 120
Retrieving hr: 120
Retrieving hr: 120
Retrieving hr: 120
/data/scratch/prince.xavier/SALMON/raw_data/mogreps/mogreps_bucket/20250506/023/englaa_pd072.pp exists. Skip...
In retrieve_fc_data_parallel()
Retrieving hr: 120
Retrieving hr: 120
/data/scratch/prince.xavier/SALMON/raw_data/mogreps/mogreps_bucket/20250506/033/englaa_pd072.pp exists. Skip...
In retrieve_fc_data_parallel()
/data/scratch/prince.xavier/SALMON/raw_data/mogreps/mogreps_bucket/20250506/026/englaa_pd096.pp exists. Skip...
In retrieve_fc_data_parallel()
Retrieving hr: 120
Retrieving hr: 120
/data/scratch/prince.xavier/SALMON/raw_data/mogreps/mogreps_bucket/20250506/022/englaa_pd096.pp exists. Skip...
In retrieve_fc_data_parallel()
/data/scratch/prince.xavier/SALMON/raw_data/mogreps/mogreps_bucket/20250506/031/englaa_pd096.pp exists. Skip...
In retrieve_fc_data_parallel()
/data/scratch/prince.xavier/SALMON/raw_data/mogreps/mogreps_bucket/20250506/032/englaa_pd072.pp exists. Skip...
In retrieve_fc_data_parallel()
/data/scratch/prince.xavier/SALMON/raw_data/mogreps/mogreps_bucket/20250506/024/englaa_pd096.pp exists. Skip...
In retrieve_fc_data_parallel()
Retrieving hr: 144
Retrieving hr: 120
Retrieving hr: 120
/data/scratch/prince.xavier/SALMON/raw_data/mogreps/mogreps_bucket/20250506/029/englaa_pd096.pp exists. Skip...
In retrieve_fc_data_parallel()
/data/scratch/prince.xavier/SALMON/raw_data/mogreps/mogreps_bucket/20250506/033/englaa_pd096.pp exists. Skip...
In retrieve_fc_data_parallel()
/data/scratch/prince.xavier/SALMON/raw_data/mogreps/mogreps_bucket/20250506/021/englaa_pd096.pp exists. Skip...
In retrieve_fc_data_parallel()
/data/scratch/prince.xavier/SALMON/raw_data/mogreps/mogreps_bucket/20250506/023/englaa_pd096.pp exists. Skip...
In retrieve_fc_data_parallel()
Retrieving hr: 144
Retrieving hr: 144
Retrieving hr: 144
Retrieving hr: 144
/data/scratch/prince.xavier/SALMON/raw_data/mogreps/mogreps_bucket/20250506/025/englaa_pd096.pp exists. Skip...
In retrieve_fc_data_parallel()
/data/scratch/prince.xavier/SALMON/raw_data/mogreps/mogreps_bucket/20250506/021/englaa_pd120.pp exists. Skip...
In retrieve_fc_data_parallel()
Retrieving hr: 144
/data/scratch/prince.xavier/SALMON/raw_data/mogreps/mogreps_bucket/20250506/034/englaa_pd072.pp exists. Skip...
In retrieve_fc_data_parallel()
/data/scratch/prince.xavier/SALMON/raw_data/mogreps/mogreps_bucket/20250506/032/englaa_pd096.pp exists. Skip...
In retrieve_fc_data_parallel()
Retrieving hr: 144
Retrieving hr: 144
Retrieving hr: 144
/data/scratch/prince.xavier/SALMON/raw_data/mogreps/mogreps_bucket/20250506/028/englaa_pd096.pp exists. Skip...
In retrieve_fc_data_parallel()
Retrieving hr: 144
/data/scratch/prince.xavier/SALMON/raw_data/mogreps/mogreps_bucket/20250506/024/englaa_pd120.pp exists. Skip...
In retrieve_fc_data_parallel()
Retrieving hr: 144
/data/scratch/prince.xavier/SALMON/raw_data/mogreps/mogreps_bucket/20250506/025/englaa_pd120.pp exists. Skip...
In retrieve_fc_data_parallel()
/data/scratch/prince.xavier/SALMON/raw_data/mogreps/mogreps_bucket/20250506/034/englaa_pd096.pp exists. Skip...
In retrieve_fc_data_parallel()
Retrieving hr: 144
/data/scratch/prince.xavier/SALMON/raw_data/mogreps/mogreps_bucket/20250506/030/englaa_pd096.pp exists. Skip...
In retrieve_fc_data_parallel()
Retrieving hr: 144
/data/scratch/prince.xavier/SALMON/raw_data/mogreps/mogreps_bucket/20250506/031/englaa_pd120.pp exists. Skip...
In retrieve_fc_data_parallel()
Retrieving hr: 144
Retrieving hr: 144
Retrieving hr: 144
/data/scratch/prince.xavier/SALMON/raw_data/mogreps/mogreps_bucket/20250506/030/englaa_pd120.pp exists. Skip...
In retrieve_fc_data_parallel()
/data/scratch/prince.xavier/SALMON/raw_data/mogreps/mogreps_bucket/20250506/022/englaa_pd120.pp exists. Skip...
In retrieve_fc_data_parallel()
Retrieving hr: 144
/data/scratch/prince.xavier/SALMON/raw_data/mogreps/mogreps_bucket/20250506/027/englaa_pd120.pp exists. Skip...
In retrieve_fc_data_parallel()
/data/scratch/prince.xavier/SALMON/raw_data/mogreps/mogreps_bucket/20250506/020/englaa_pd120.pp exists. Skip...
In retrieve_fc_data_parallel()
/data/scratch/prince.xavier/SALMON/raw_data/mogreps/mogreps_bucket/20250506/018/englaa_pd096.pp exists. Skip...
In retrieve_fc_data_parallel()
Retrieving hr: 168
Retrieving hr: 168
/data/scratch/prince.xavier/SALMON/raw_data/mogreps/mogreps_bucket/20250506/035/englaa_pd096.pp exists. Skip...
In retrieve_fc_data_parallel()
/data/scratch/prince.xavier/SALMON/raw_data/mogreps/mogreps_bucket/20250506/019/englaa_pd144.pp exists. Skip...
In retrieve_fc_data_parallel()
Retrieving hr: 168
Retrieving hr: 144
/data/scratch/prince.xavier/SALMON/raw_data/mogreps/mogreps_bucket/20250506/029/englaa_pd120.pp exists. Skip...
In retrieve_fc_data_parallel()
Retrieving hr: 168
/data/scratch/prince.xavier/SALMON/raw_data/mogreps/mogreps_bucket/20250506/019/englaa_pd120.pp exists. Skip...
In retrieve_fc_data_parallel()
Retrieving hr: 168
/data/scratch/prince.xavier/SALMON/raw_data/mogreps/mogreps_bucket/20250506/025/englaa_pd144.pp exists. Skip...
In retrieve_fc_data_parallel()
/data/scratch/prince.xavier/SALMON/raw_data/mogreps/mogreps_bucket/20250506/035/englaa_pd120.pp exists. Skip...
In retrieve_fc_data_parallel()
Retrieving hr: 168
Retrieving hr: 168
Retrieving hr: 168
/data/scratch/prince.xavier/SALMON/raw_data/mogreps/mogreps_bucket/20250506/032/englaa_pd120.pp exists. Skip...
In retrieve_fc_data_parallel()
Retrieving hr: 168
/data/scratch/prince.xavier/SALMON/raw_data/mogreps/mogreps_bucket/20250506/018/englaa_pd120.pp exists. Skip...
In retrieve_fc_data_parallel()
/data/scratch/prince.xavier/SALMON/raw_data/mogreps/mogreps_bucket/20250506/034/englaa_pd120.pp exists. Skip...
In retrieve_fc_data_parallel()
/data/scratch/prince.xavier/SALMON/raw_data/mogreps/mogreps_bucket/20250506/032/englaa_pd144.pp exists. Skip...
In retrieve_fc_data_parallel()
Retrieving hr: 168
/data/scratch/prince.xavier/SALMON/raw_data/mogreps/mogreps_bucket/20250506/027/englaa_pd144.pp exists. Skip...
In retrieve_fc_data_parallel()
Retrieving hr: 168
/data/scratch/prince.xavier/SALMON/raw_data/mogreps/mogreps_bucket/20250506/033/englaa_pd120.pp exists. Skip...
In retrieve_fc_data_parallel()
Retrieving hr: 168
Retrieving hr: 168
Retrieving hr: 168
Retrieving hr: 168
/data/scratch/prince.xavier/SALMON/raw_data/mogreps/mogreps_bucket/20250506/020/englaa_pd144.pp exists. Skip...
In retrieve_fc_data_parallel()
/data/scratch/prince.xavier/SALMON/raw_data/mogreps/mogreps_bucket/20250506/028/englaa_pd120.pp exists. Skip...
In retrieve_fc_data_parallel()
/data/scratch/prince.xavier/SALMON/raw_data/mogreps/mogreps_bucket/20250506/026/englaa_pd120.pp exists. Skip...
In retrieve_fc_data_parallel()
/data/scratch/prince.xavier/SALMON/raw_data/mogreps/mogreps_bucket/20250506/028/englaa_pd144.pp exists. Skip...
/data/scratch/prince.xavier/SALMON/raw_data/mogreps/mogreps_bucket/20250506/021/englaa_pd144.pp exists. Skip...
/data/scratch/prince.xavier/SALMON/raw_data/mogreps/mogreps_bucket/20250506/023/englaa_pd120.pp exists. Skip...
Retrieving hr: 168
/data/scratch/prince.xavier/SALMON/raw_data/mogreps/mogreps_bucket/20250506/023/englaa_pd144.pp exists. Skip...
Retrieving hr: 168
/data/scratch/prince.xavier/SALMON/raw_data/mogreps/mogreps_bucket/20250506/031/englaa_pd144.pp exists. Skip...
/data/scratch/prince.xavier/SALMON/raw_data/mogreps/mogreps_bucket/20250506/024/englaa_pd144.pp exists. Skip...
Retrieving hr: 168
/data/scratch/prince.xavier/SALMON/raw_data/mogreps/mogreps_bucket/20250506/018/englaa_pd144.pp exists. Skip...
/data/scratch/prince.xavier/SALMON/raw_data/mogreps/mogreps_bucket/20250506/034/englaa_pd144.pp exists. Skip...
/data/scratch/prince.xavier/SALMON/raw_data/mogreps/mogreps_bucket/20250506/018/englaa_pd168.pp exists. Skip...
/data/scratch/prince.xavier/SALMON/raw_data/mogreps/mogreps_bucket/20250506/021/englaa_pd168.pp exists. Skip...
/data/scratch/prince.xavier/SALMON/raw_data/mogreps/mogreps_bucket/20250506/030/englaa_pd144.pp exists. Skip...
/data/scratch/prince.xavier/SALMON/raw_data/mogreps/mogreps_bucket/20250506/029/englaa_pd144.pp exists. Skip...
/data/scratch/prince.xavier/SALMON/raw_data/mogreps/mogreps_bucket/20250506/019/englaa_pd168.pp exists. Skip...
/data/scratch/prince.xavier/SALMON/raw_data/mogreps/mogreps_bucket/20250506/026/englaa_pd144.pp exists. Skip...
/data/scratch/prince.xavier/SALMON/raw_data/mogreps/mogreps_bucket/20250506/024/englaa_pd168.pp exists. Skip...
/data/scratch/prince.xavier/SALMON/raw_data/mogreps/mogreps_bucket/20250506/028/englaa_pd168.pp exists. Skip...
/data/scratch/prince.xavier/SALMON/raw_data/mogreps/mogreps_bucket/20250506/026/englaa_pd168.pp exists. Skip...
/data/scratch/prince.xavier/SALMON/raw_data/mogreps/mogreps_bucket/20250506/023/englaa_pd168.pp exists. Skip...
/data/scratch/prince.xavier/SALMON/raw_data/mogreps/mogreps_bucket/20250506/035/englaa_pd144.pp exists. Skip...
/data/scratch/prince.xavier/SALMON/raw_data/mogreps/mogreps_bucket/20250506/022/englaa_pd168.pp exists. Skip...
/data/scratch/prince.xavier/SALMON/raw_data/mogreps/mogreps_bucket/20250506/033/englaa_pd144.pp exists. Skip...
/data/scratch/prince.xavier/SALMON/raw_data/mogreps/mogreps_bucket/20250506/020/englaa_pd168.pp exists. Skip...
/data/scratch/prince.xavier/SALMON/raw_data/mogreps/mogreps_bucket/20250506/022/englaa_pd144.pp exists. Skip...
/data/scratch/prince.xavier/SALMON/raw_data/mogreps/mogreps_bucket/20250506/025/englaa_pd168.pp exists. Skip...
/data/scratch/prince.xavier/SALMON/raw_data/mogreps/mogreps_bucket/20250506/030/englaa_pd168.pp exists. Skip...
/data/scratch/prince.xavier/SALMON/raw_data/mogreps/mogreps_bucket/20250506/033/englaa_pd168.pp exists. Skip...
/data/scratch/prince.xavier/SALMON/raw_data/mogreps/mogreps_bucket/20250506/029/englaa_pd168.pp exists. Skip...
/data/scratch/prince.xavier/SALMON/raw_data/mogreps/mogreps_bucket/20250506/031/englaa_pd168.pp exists. Skip...
/data/scratch/prince.xavier/SALMON/raw_data/mogreps/mogreps_bucket/20250506/032/englaa_pd168.pp exists. Skip...
/data/scratch/prince.xavier/SALMON/raw_data/mogreps/mogreps_bucket/20250506/034/englaa_pd168.pp exists. Skip...
/data/scratch/prince.xavier/SALMON/raw_data/mogreps/mogreps_bucket/20250506/027/englaa_pd168.pp exists. Skip...
/data/scratch/prince.xavier/SALMON/raw_data/mogreps/mogreps_bucket/20250506/035/englaa_pd168.pp exists. Skip...
True
/data/scratch/prince.xavier/SALMON/processed_SEA_data/mogreps/coldsurge/precip/precip_ColdSurge_24h_allMember_20250506.nc exits. Skip.
/data/scratch/prince.xavier/SALMON/processed_SEA_data/mogreps/coldsurge/u850/u850_ColdSurge_24h_allMember_20250506.nc exits. Skip.
/data/scratch/prince.xavier/SALMON/processed_SEA_data/mogreps/coldsurge/v850/v850_ColdSurge_24h_allMember_20250506.nc exits. Skip.
[0.0, 0.0, 0.0, 0.0, 0.0, 0.0, 0.0, 0.0] [0.0, 0.0, 0.0, 0.0, 0.0, 0.0, 0.0, 0.0]
[0.0, 0.0, 0.0, 0.0, 0.0, 0.0, 0.0, 0.0] [0.0, 0.0, 0.0, 0.0, 0.0, 0.0, 0.0, 0.0]
500 517
Plotted /data/users/prince.xavier/SALMON/processed_SEA_data/mogreps/coldsurge/plot_ens/20250506/Cold_surge_EnsMean_20250506_T0h.html
Plotted /data/users/prince.xavier/SALMON/processed_SEA_data/mogreps/coldsurge/plot_ens/20250506/Cold_surge_EnsMean_20250506_T24h.html
Plotted /data/users/prince.xavier/SALMON/processed_SEA_data/mogreps/coldsurge/plot_ens/20250506/Cold_surge_EnsMean_20250506_T48h.html
Plotted /data/users/prince.xavier/SALMON/processed_SEA_data/mogreps/coldsurge/plot_ens/20250506/Cold_surge_EnsMean_20250506_T72h.html
Plotted /data/users/prince.xavier/SALMON/processed_SEA_data/mogreps/coldsurge/plot_ens/20250506/Cold_surge_EnsMean_20250506_T96h.html
Plotted /data/users/prince.xavier/SALMON/processed_SEA_data/mogreps/coldsurge/plot_ens/20250506/Cold_surge_EnsMean_20250506_T120h.html
Plotted /data/users/prince.xavier/SALMON/processed_SEA_data/mogreps/coldsurge/plot_ens/20250506/Cold_surge_EnsMean_20250506_T144h.html
Plotted /data/users/prince.xavier/SALMON/processed_SEA_data/mogreps/coldsurge/plot_ens/20250506/Cold_surge_EnsMean_20250506_T168h.html
The /data/users/prince.xavier/SALMON/processed_SEA_data/mogreps/coldsurge/plot_ens/mogreps_ensmean_plot_dates.json file has been updated. New date added: 20250506
[0.0, 0.0, 0.0, 0.0, 0.0, 0.0, 0.0, 0.0] [0.0, 0.0, 0.0, 0.0, 0.0, 0.0, 0.0, 0.0]
[0.0, 0.0, 0.0, 0.0, 0.0, 0.0, 0.0, 0.0] [0.0, 0.0, 0.0, 0.0, 0.0, 0.0, 0.0, 0.0]
500 517
Plotted /data/users/prince.xavier/SALMON/processed_SEA_data/mogreps/coldsurge/plot_ens/20250506/Cold_surge_ProbMaps_20250506_T0h_Pr10.html
Plotted /data/users/prince.xavier/SALMON/processed_SEA_data/mogreps/coldsurge/plot_ens/20250506/Cold_surge_ProbMaps_20250506_T24h_Pr10.html
Plotted /data/users/prince.xavier/SALMON/processed_SEA_data/mogreps/coldsurge/plot_ens/20250506/Cold_surge_ProbMaps_20250506_T48h_Pr10.html
Plotted /data/users/prince.xavier/SALMON/processed_SEA_data/mogreps/coldsurge/plot_ens/20250506/Cold_surge_ProbMaps_20250506_T72h_Pr10.html
Plotted /data/users/prince.xavier/SALMON/processed_SEA_data/mogreps/coldsurge/plot_ens/20250506/Cold_surge_ProbMaps_20250506_T96h_Pr10.html
Plotted /data/users/prince.xavier/SALMON/processed_SEA_data/mogreps/coldsurge/plot_ens/20250506/Cold_surge_ProbMaps_20250506_T120h_Pr10.html
Plotted /data/users/prince.xavier/SALMON/processed_SEA_data/mogreps/coldsurge/plot_ens/20250506/Cold_surge_ProbMaps_20250506_T144h_Pr10.html
Plotted /data/users/prince.xavier/SALMON/processed_SEA_data/mogreps/coldsurge/plot_ens/20250506/Cold_surge_ProbMaps_20250506_T168h_Pr10.html
The /data/users/prince.xavier/SALMON/processed_SEA_data/mogreps/coldsurge/plot_ens/mogreps_ProbMaps_plot_dates.json file has been updated. New date added: 20250506
Plotted /data/users/prince.xavier/SALMON/processed_SEA_data/mogreps/coldsurge/plot_ens/20250506/Cold_surge_ProbMaps_20250506_T0h_Pr20.html
Plotted /data/users/prince.xavier/SALMON/processed_SEA_data/mogreps/coldsurge/plot_ens/20250506/Cold_surge_ProbMaps_20250506_T24h_Pr20.html
Plotted /data/users/prince.xavier/SALMON/processed_SEA_data/mogreps/coldsurge/plot_ens/20250506/Cold_surge_ProbMaps_20250506_T48h_Pr20.html
Plotted /data/users/prince.xavier/SALMON/processed_SEA_data/mogreps/coldsurge/plot_ens/20250506/Cold_surge_ProbMaps_20250506_T72h_Pr20.html
Plotted /data/users/prince.xavier/SALMON/processed_SEA_data/mogreps/coldsurge/plot_ens/20250506/Cold_surge_ProbMaps_20250506_T96h_Pr20.html
Plotted /data/users/prince.xavier/SALMON/processed_SEA_data/mogreps/coldsurge/plot_ens/20250506/Cold_surge_ProbMaps_20250506_T120h_Pr20.html
Plotted /data/users/prince.xavier/SALMON/processed_SEA_data/mogreps/coldsurge/plot_ens/20250506/Cold_surge_ProbMaps_20250506_T144h_Pr20.html
Plotted /data/users/prince.xavier/SALMON/processed_SEA_data/mogreps/coldsurge/plot_ens/20250506/Cold_surge_ProbMaps_20250506_T168h_Pr20.html
The /data/users/prince.xavier/SALMON/processed_SEA_data/mogreps/coldsurge/plot_ens/mogreps_ProbMaps_plot_dates.json file has been updated. New date added: 20250506
Plotted /data/users/prince.xavier/SALMON/processed_SEA_data/mogreps/coldsurge/plot_ens/20250506/Cold_surge_ProbMaps_20250506_T0h_Pr30.html
Plotted /data/users/prince.xavier/SALMON/processed_SEA_data/mogreps/coldsurge/plot_ens/20250506/Cold_surge_ProbMaps_20250506_T24h_Pr30.html
Plotted /data/users/prince.xavier/SALMON/processed_SEA_data/mogreps/coldsurge/plot_ens/20250506/Cold_surge_ProbMaps_20250506_T48h_Pr30.html
Plotted /data/users/prince.xavier/SALMON/processed_SEA_data/mogreps/coldsurge/plot_ens/20250506/Cold_surge_ProbMaps_20250506_T72h_Pr30.html
Plotted /data/users/prince.xavier/SALMON/processed_SEA_data/mogreps/coldsurge/plot_ens/20250506/Cold_surge_ProbMaps_20250506_T96h_Pr30.html
Plotted /data/users/prince.xavier/SALMON/processed_SEA_data/mogreps/coldsurge/plot_ens/20250506/Cold_surge_ProbMaps_20250506_T120h_Pr30.html
Plotted /data/users/prince.xavier/SALMON/processed_SEA_data/mogreps/coldsurge/plot_ens/20250506/Cold_surge_ProbMaps_20250506_T144h_Pr30.html
Plotted /data/users/prince.xavier/SALMON/processed_SEA_data/mogreps/coldsurge/plot_ens/20250506/Cold_surge_ProbMaps_20250506_T168h_Pr30.html
The /data/users/prince.xavier/SALMON/processed_SEA_data/mogreps/coldsurge/plot_ens/mogreps_ProbMaps_plot_dates.json file has been updated. New date added: 20250506
