### select, command-id=2014448335, estimated-cost=12883152byte(s), files=1, media=0
### select, command-id=2014448336, estimated-cost=12897392byte(s), files=1, media=0
### select, command-id=2014448337, estimated-cost=12894672byte(s), files=1, media=0
### select, command-id=2014448339, estimated-cost=44679600byte(s), files=1, media=0
### select, command-id=2014448338, estimated-cost=44738160byte(s), files=1, media=0
### select, command-id=2014448341, estimated-cost=12875152byte(s), files=1, media=0
### select, command-id=2014448343, estimated-cost=12901072byte(s), files=1, media=0
### select, command-id=2014448345, estimated-cost=12856592byte(s), files=1, media=0
### select, command-id=2014448357, estimated-cost=12871632byte(s), files=1, media=0
### select, command-id=2014448344, estimated-cost=44652080byte(s), files=1, media=0
### select, command-id=2014448352, estimated-cost=44706160byte(s), files=1, media=0
### select, command-id=2014448355, estimated-cost=12886672byte(s), files=1, media=0
### select, command-id=2014448348, estimated-cost=12887152byte(s), files=1, media=0
### select, command-id=2014448350, estimated-cost=44728720byte(s), files=1, media=0
### select, command-id=2014448362, estimated-cost=12883312byte(s), files=1, media=0
### select, command-id=2014448369, estimated-cost=44713840byte(s), files=1, media=0
### select, command-id=2014448364, estimated-cost=44714960byte(s), files=1, media=0
### select, command-id=2014448366, estimated-cost=12884912byte(s), files=1, media=0
### select, command-id=2014448358, estimated-cost=44708080byte(s), files=1, media=0
### select, command-id=2014448360, estimated-cost=12886512byte(s), files=1, media=0
### select, command-id=2014448363, estimated-cost=12886512byte(s), files=1, media=0
### select, command-id=2014448370, estimated-cost=44730000byte(s), files=1, media=0
### select, command-id=2014448368, estimated-cost=44727760byte(s), files=1, media=0
### select, command-id=2014448372, estimated-cost=44685040byte(s), files=1, media=0
### select, command-id=2014448365, estimated-cost=12884752byte(s), files=1, media=0
### select, command-id=2014448356, estimated-cost=44706000byte(s), files=1, media=0
### select, command-id=2014448354, estimated-cost=44691120byte(s), files=1, media=0
### select, command-id=2014448373, estimated-cost=44602160byte(s), files=1, media=0
### select, command-id=2014448359, estimated-cost=12878352byte(s), files=1, media=0
### select, command-id=2014448361, estimated-cost=12888912byte(s), files=1, media=0
### select, command-id=2014448376, estimated-cost=12885872byte(s), files=1, media=0
### select, command-id=2014448375, estimated-cost=12892752byte(s), files=1, media=0
### select, command-id=2014448388, estimated-cost=44720880byte(s), files=1, media=0
### select, command-id=2014448395, estimated-cost=44715440byte(s), files=1, media=0
### select, command-id=2014448410, estimated-cost=44565200byte(s), files=1, media=0
### select, command-id=2014448411, estimated-cost=44731440byte(s), files=1, media=0
### select, command-id=2014448414, estimated-cost=44703760byte(s), files=1, media=0
### select, command-id=2014448419, estimated-cost=44533520byte(s), files=1, media=0
### select, command-id=2014448422, estimated-cost=44647920byte(s), files=1, media=0
### select, command-id=2014448423, estimated-cost=44645520byte(s), files=1, media=0
### select, command-id=2014448424, estimated-cost=44635600byte(s), files=1, media=0
### select, command-id=2014448425, estimated-cost=44618640byte(s), files=1, media=0
### select, command-id=2014448431, estimated-cost=44615600byte(s), files=1, media=0
### select, command-id=2014448432, estimated-cost=44565520byte(s), files=1, media=0
### select, command-id=2014448428, estimated-cost=44640880byte(s), files=1, media=0
### select, command-id=2014448434, estimated-cost=44630000byte(s), files=1, media=0
### select, command-id=2014448437, estimated-cost=44706320byte(s), files=1, media=0
### select, command-id=2014448440, estimated-cost=44670800byte(s), files=1, media=0
### select, command-id=2014448439, estimated-cost=44537520byte(s), files=1, media=0
### select, command-id=2014448443, estimated-cost=44624400byte(s), files=1, media=0
### select, command-id=2014448448, estimated-cost=44641360byte(s), files=1, media=0
### select, command-id=2014448450, estimated-cost=44621520byte(s), files=1, media=0
### select, command-id=2014448453, estimated-cost=28896080byte(s), files=1, media=0
### select, command-id=2014448456, estimated-cost=28900720byte(s), files=1, media=0
### select, command-id=2014448460, estimated-cost=44588400byte(s), files=1, media=0
### select, command-id=2014448457, estimated-cost=44625680byte(s), files=1, media=0
### select, command-id=2014448459, estimated-cost=28831920byte(s), files=1, media=0
### select, command-id=2014448461, estimated-cost=28870320byte(s), files=1, media=0
### select, command-id=2014448462, estimated-cost=28898160byte(s), files=1, media=0
### select, command-id=2014448464, estimated-cost=28890640byte(s), files=1, media=0
### select, command-id=2014448463, estimated-cost=28883600byte(s), files=1, media=0
### select, command-id=2014448468, estimated-cost=28894480byte(s), files=1, media=0
### select, command-id=2014448469, estimated-cost=28852080byte(s), files=1, media=0
### select, command-id=2014448472, estimated-cost=28873680byte(s), files=1, media=0
### select, command-id=2014448480, estimated-cost=28861680byte(s), files=1, media=0
### select, command-id=2014448481, estimated-cost=28888880byte(s), files=1, media=0
### select, command-id=2014448478, estimated-cost=28884080byte(s), files=1, media=0
### select, command-id=2014448487, estimated-cost=28866640byte(s), files=1, media=0
### select, command-id=2014448493, estimated-cost=28913360byte(s), files=1, media=0
### select, command-id=2014448494, estimated-cost=28882320byte(s), files=1, media=0
### select, command-id=2014448496, estimated-cost=28882320byte(s), files=1, media=0
### select, command-id=2014448500, estimated-cost=28897200byte(s), files=1, media=0
### select, command-id=2014448503, estimated-cost=28882640byte(s), files=1, media=0
### select, command-id=2014448504, estimated-cost=28928080byte(s), files=1, media=0
### select, command-id=2014448507, estimated-cost=28901840byte(s), files=1, media=0
### select, command-id=2014448509, estimated-cost=28919600byte(s), files=1, media=0
### select, command-id=2014448517, estimated-cost=28910000byte(s), files=1, media=0
### select, command-id=2014448518, estimated-cost=28902800byte(s), files=1, media=0
### select, command-id=2014448520, estimated-cost=28881520byte(s), files=1, media=0
### select, command-id=2014448524, estimated-cost=28883280byte(s), files=1, media=0
### select, command-id=2014448522, estimated-cost=28900240byte(s), files=1, media=0
### select, command-id=2014448523, estimated-cost=28951920byte(s), files=1, media=0
### select, command-id=2014448527, estimated-cost=28918640byte(s), files=1, media=0
### select, command-id=2014448531, estimated-cost=28956400byte(s), files=1, media=0
### select, command-id=2014448530, estimated-cost=28896240byte(s), files=1, media=0
### select, command-id=2014448533, estimated-cost=28967600byte(s), files=1, media=0
### select, command-id=2014448532, estimated-cost=28913360byte(s), files=1, media=0
### select, command-id=2014448536, estimated-cost=28874320byte(s), files=1, media=0
### select, command-id=2014448538, estimated-cost=28963280byte(s), files=1, media=0
### select, command-id=2014448539, estimated-cost=28901680byte(s), files=1, media=0
### select, command-id=2014448541, estimated-cost=28955760byte(s), files=1, media=0
### select, command-id=2014448546, estimated-cost=29044400byte(s), files=1, media=0
### select, command-id=2014448547, estimated-cost=28976240byte(s), files=1, media=0
### select, command-id=2014448548, estimated-cost=28931120byte(s), files=1, media=0
### select, command-id=2014448550, estimated-cost=28910000byte(s), files=1, media=0
### select, command-id=2014448552, estimated-cost=28952560byte(s), files=1, media=0
### select, command-id=2014448558, estimated-cost=29034960byte(s), files=1, media=0
### select, command-id=2014448557, estimated-cost=28971600byte(s), files=1, media=0
### select, command-id=2014448561, estimated-cost=28977840byte(s), files=1, media=0
### select, command-id=2014448563, estimated-cost=28956400byte(s), files=1, media=0
### select, command-id=2014448564, estimated-cost=29024240byte(s), files=1, media=0
### select, command-id=2014448565, estimated-cost=28943760byte(s), files=1, media=0
### select, command-id=2014448569, estimated-cost=28958480byte(s), files=1, media=0
### select, command-id=2014448570, estimated-cost=29008880byte(s), files=1, media=0
### select, command-id=2014448577, estimated-cost=29027760byte(s), files=1, media=0
### select, command-id=2014448581, estimated-cost=29038800byte(s), files=1, media=0
### select, command-id=2014448582, estimated-cost=28996880byte(s), files=1, media=0
### select, command-id=2014448585, estimated-cost=24796144byte(s), files=1, media=0
### select, command-id=2014448590, estimated-cost=28910480byte(s), files=1, media=0
### select, command-id=2014448594, estimated-cost=24786224byte(s), files=1, media=0
### select, command-id=2014448595, estimated-cost=24820464byte(s), files=1, media=0
### select, command-id=2014448597, estimated-cost=24798064byte(s), files=1, media=0
### select, command-id=2014448598, estimated-cost=24800784byte(s), files=1, media=0
### select, command-id=2014448605, estimated-cost=24762864byte(s), files=1, media=0
### select, command-id=2014448609, estimated-cost=24863344byte(s), files=1, media=0
### select, command-id=2014448613, estimated-cost=24782864byte(s), files=1, media=0
### select, command-id=2014448612, estimated-cost=24822864byte(s), files=1, media=0
### select, command-id=2014448618, estimated-cost=24785584byte(s), files=1, media=0
### select, command-id=2014448619, estimated-cost=24842064byte(s), files=1, media=0
### select, command-id=2014448623, estimated-cost=24845264byte(s), files=1, media=0
### select, command-id=2014448627, estimated-cost=24877424byte(s), files=1, media=0
### select, command-id=2014448626, estimated-cost=24752464byte(s), files=1, media=0
### select, command-id=2014448631, estimated-cost=24774224byte(s), files=1, media=0
### select, command-id=2014448637, estimated-cost=24822544byte(s), files=1, media=0
### select, command-id=2014448633, estimated-cost=24772944byte(s), files=1, media=0
### select, command-id=2014448635, estimated-cost=24802704byte(s), files=1, media=0
### select, command-id=2014448639, estimated-cost=24783664byte(s), files=1, media=0
### select, command-id=2014448641, estimated-cost=24791824byte(s), files=1, media=0
### select, command-id=2014448644, estimated-cost=24812464byte(s), files=1, media=0
### select, command-id=2014448648, estimated-cost=24873584byte(s), files=1, media=0
### select, command-id=2014448652, estimated-cost=24806864byte(s), files=1, media=0
### select, command-id=2014448650, estimated-cost=24837424byte(s), files=1, media=0
### select, command-id=2014448661, estimated-cost=24815344byte(s), files=1, media=0
### select, command-id=2014448662, estimated-cost=24807664byte(s), files=1, media=0
### select, command-id=2014448666, estimated-cost=24800944byte(s), files=1, media=0
### select, command-id=2014448668, estimated-cost=24787984byte(s), files=1, media=0
### select, command-id=2014448669, estimated-cost=24694224byte(s), files=1, media=0
### select, command-id=2014448674, estimated-cost=24776304byte(s), files=1, media=0
### select, command-id=2014448679, estimated-cost=24782704byte(s), files=1, media=0
### select, command-id=2014448681, estimated-cost=24816784byte(s), files=1, media=0
### select, command-id=2014448682, estimated-cost=12859312byte(s), files=1, media=0
### select, command-id=2014448690, estimated-cost=24745264byte(s), files=1, media=0
### select, command-id=2014448686, estimated-cost=24746704byte(s), files=1, media=0
### select, command-id=2014448691, estimated-cost=24782384byte(s), files=1, media=0
### select, command-id=2014448692, estimated-cost=24850704byte(s), files=1, media=0
### select, command-id=2014448697, estimated-cost=12874672byte(s), files=1, media=0
### select, command-id=2014448699, estimated-cost=12871472byte(s), files=1, media=0
### select, command-id=2014448701, estimated-cost=12870032byte(s), files=1, media=0
### select, command-id=2014448705, estimated-cost=12854672byte(s), files=1, media=0
### select, command-id=2014448704, estimated-cost=12866032byte(s), files=1, media=0
### select, command-id=2014448706, estimated-cost=12876912byte(s), files=1, media=0
### select, command-id=2014448710, estimated-cost=12873712byte(s), files=1, media=0
### select, command-id=2014448713, estimated-cost=12866352byte(s), files=1, media=0
### select, command-id=2014448711, estimated-cost=12854032byte(s), files=1, media=0
### select, command-id=2014448719, estimated-cost=12865232byte(s), files=1, media=0
### select, command-id=2014448724, estimated-cost=12862192byte(s), files=1, media=0
### select, command-id=2014448723, estimated-cost=12855152byte(s), files=1, media=0
### select, command-id=2014448721, estimated-cost=12864752byte(s), files=1, media=0
### select, command-id=2014448728, estimated-cost=12874832byte(s), files=1, media=0
### select, command-id=2014448726, estimated-cost=12865392byte(s), files=1, media=0
### select, command-id=2014448731, estimated-cost=12870512byte(s), files=1, media=0
### select, command-id=2014448734, estimated-cost=12841552byte(s), files=1, media=0
### select, command-id=2014448739, estimated-cost=44622320byte(s), files=1, media=0
### select, command-id=2014448743, estimated-cost=44616400byte(s), files=1, media=0
### select, command-id=2014448746, estimated-cost=44603600byte(s), files=1, media=0
### select, command-id=2014448751, estimated-cost=44598320byte(s), files=1, media=0
### select, command-id=2014448754, estimated-cost=44626800byte(s), files=1, media=0
### select, command-id=2014448755, estimated-cost=44644080byte(s), files=1, media=0
### select, command-id=2014448758, estimated-cost=44656560byte(s), files=1, media=0
### select, command-id=2014448763, estimated-cost=44608880byte(s), files=1, media=0
### select, command-id=2014448764, estimated-cost=44621520byte(s), files=1, media=0
### select, command-id=2014448768, estimated-cost=44612720byte(s), files=1, media=0
### select, command-id=2014448765, estimated-cost=44631440byte(s), files=1, media=0
### select, command-id=2014448769, estimated-cost=44610160byte(s), files=1, media=0
### select, command-id=2014448772, estimated-cost=44624560byte(s), files=1, media=0
### select, command-id=2014448775, estimated-cost=44704080byte(s), files=1, media=0
### select, command-id=2014448779, estimated-cost=44595600byte(s), files=1, media=0
### select, command-id=2014448780, estimated-cost=44611760byte(s), files=1, media=0
### select, command-id=2014448781, estimated-cost=44488400byte(s), files=1, media=0
### select, command-id=2014448786, estimated-cost=44627120byte(s), files=1, media=0
### select, command-id=2014448788, estimated-cost=44541040byte(s), files=1, media=0
### select, command-id=2014448790, estimated-cost=44600400byte(s), files=1, media=0
### select, command-id=2014448797, estimated-cost=44578640byte(s), files=1, media=0
### select, command-id=2014448799, estimated-cost=44566160byte(s), files=1, media=0
### select, command-id=2014448801, estimated-cost=44562800byte(s), files=1, media=0
### select, command-id=2014448803, estimated-cost=44641680byte(s), files=1, media=0
### select, command-id=2014448810, estimated-cost=44527600byte(s), files=1, media=0
### select, command-id=2014448820, estimated-cost=44618160byte(s), files=1, media=0
### select, command-id=2014448817, estimated-cost=44608720byte(s), files=1, media=0
### select, command-id=2014448821, estimated-cost=44621520byte(s), files=1, media=0
### select, command-id=2014448811, estimated-cost=44625040byte(s), files=1, media=0
### select, command-id=2014448832, estimated-cost=44575280byte(s), files=1, media=0
### select, command-id=2014448827, estimated-cost=44616560byte(s), files=1, media=0
### select, command-id=2014448845, estimated-cost=44649360byte(s), files=1, media=0
### select, command-id=2014448857, estimated-cost=44588720byte(s), files=1, media=0
### select, command-id=2014448858, estimated-cost=44661840byte(s), files=1, media=0
### select, command-id=2014448859, estimated-cost=44501680byte(s), files=1, media=0
### select, command-id=2014448861, estimated-cost=28855600byte(s), files=1, media=0
### select, command-id=2014448860, estimated-cost=44490160byte(s), files=1, media=0
### select, command-id=2014448865, estimated-cost=28886480byte(s), files=1, media=0
### select, command-id=2014448867, estimated-cost=28860880byte(s), files=1, media=0
### select, command-id=2014448869, estimated-cost=28842960byte(s), files=1, media=0
### select, command-id=2014448878, estimated-cost=28821360byte(s), files=1, media=0
### select, command-id=2014448875, estimated-cost=28847440byte(s), files=1, media=0
### select, command-id=2014448880, estimated-cost=28845520byte(s), files=1, media=0
### select, command-id=2014448884, estimated-cost=28865680byte(s), files=1, media=0
### select, command-id=2014448893, estimated-cost=28881040byte(s), files=1, media=0
### select, command-id=2014448896, estimated-cost=28841680byte(s), files=1, media=0
### select, command-id=2014448901, estimated-cost=28861680byte(s), files=1, media=0
### select, command-id=2014448898, estimated-cost=28840240byte(s), files=1, media=0
### select, command-id=2014448904, estimated-cost=28858960byte(s), files=1, media=0
### select, command-id=2014448909, estimated-cost=28861040byte(s), files=1, media=0
### select, command-id=2014448911, estimated-cost=28811120byte(s), files=1, media=0
### select, command-id=2014448913, estimated-cost=28837360byte(s), files=1, media=0
### select, command-id=2014448917, estimated-cost=28859440byte(s), files=1, media=0
### select, command-id=2014448930, estimated-cost=28892400byte(s), files=1, media=0
### select, command-id=2014448942, estimated-cost=28902160byte(s), files=1, media=0
### select, command-id=2014448946, estimated-cost=28787920byte(s), files=1, media=0
### select, command-id=2014448955, estimated-cost=28922480byte(s), files=1, media=0
### select, command-id=2014448967, estimated-cost=28882800byte(s), files=1, media=0
### select, command-id=2014448960, estimated-cost=28882800byte(s), files=1, media=0
### select, command-id=2014448970, estimated-cost=28955120byte(s), files=1, media=0
### select, command-id=2014448972, estimated-cost=28911440byte(s), files=1, media=0
### select, command-id=2014448973, estimated-cost=28868720byte(s), files=1, media=0
### select, command-id=2014448978, estimated-cost=28876880byte(s), files=1, media=0
### select, command-id=2014448982, estimated-cost=28913360byte(s), files=1, media=0
### select, command-id=2014448985, estimated-cost=28919440byte(s), files=1, media=0
### select, command-id=2014448987, estimated-cost=28905520byte(s), files=1, media=0
### select, command-id=2014448990, estimated-cost=28905840byte(s), files=1, media=0
### select, command-id=2014448993, estimated-cost=28888560byte(s), files=1, media=0
### select, command-id=2014448997, estimated-cost=28886480byte(s), files=1, media=0
### select, command-id=2014448998, estimated-cost=28901520byte(s), files=1, media=0
### select, command-id=2014449000, estimated-cost=28921040byte(s), files=1, media=0
### select, command-id=2014449001, estimated-cost=28856560byte(s), files=1, media=0
### select, command-id=2014449007, estimated-cost=28977360byte(s), files=1, media=0
### select, command-id=2014449011, estimated-cost=28941200byte(s), files=1, media=0
### select, command-id=2014449008, estimated-cost=28999760byte(s), files=1, media=0
### select, command-id=2014449012, estimated-cost=28970320byte(s), files=1, media=0
### select, command-id=2014449019, estimated-cost=28895120byte(s), files=1, media=0
### select, command-id=2014449022, estimated-cost=28907440byte(s), files=1, media=0
### select, command-id=2014449024, estimated-cost=28966640byte(s), files=1, media=0
### select, command-id=2014449025, estimated-cost=28921840byte(s), files=1, media=0
### select, command-id=2014449026, estimated-cost=28973840byte(s), files=1, media=0
### select, command-id=2014449027, estimated-cost=29028720byte(s), files=1, media=0
### select, command-id=2014449034, estimated-cost=28919760byte(s), files=1, media=0
### select, command-id=2014449040, estimated-cost=28919760byte(s), files=1, media=0
### select, command-id=2014449045, estimated-cost=28927760byte(s), files=1, media=0
### select, command-id=2014449049, estimated-cost=28901200byte(s), files=1, media=0
### select, command-id=2014449054, estimated-cost=28957360byte(s), files=1, media=0
### select, command-id=2014449057, estimated-cost=28929040byte(s), files=1, media=0
### select, command-id=2014449053, estimated-cost=28945200byte(s), files=1, media=0
### select, command-id=2014449069, estimated-cost=24799984byte(s), files=1, media=0
### select, command-id=2014449070, estimated-cost=24774544byte(s), files=1, media=0
### select, command-id=2014449080, estimated-cost=24777584byte(s), files=1, media=0
### select, command-id=2014449088, estimated-cost=28889680byte(s), files=1, media=0
### select, command-id=2014449091, estimated-cost=24739984byte(s), files=1, media=0
### select, command-id=2014449093, estimated-cost=24809104byte(s), files=1, media=0
### select, command-id=2014449098, estimated-cost=24838384byte(s), files=1, media=0
### select, command-id=2014449102, estimated-cost=24791184byte(s), files=1, media=0
### select, command-id=2014449107, estimated-cost=24707184byte(s), files=1, media=0
### select, command-id=2014449112, estimated-cost=24771984byte(s), files=1, media=0
### select, command-id=2014449109, estimated-cost=24762544byte(s), files=1, media=0
### select, command-id=2014449113, estimated-cost=24723184byte(s), files=1, media=0
### select, command-id=2014449116, estimated-cost=24811664byte(s), files=1, media=0
### select, command-id=2014449119, estimated-cost=24776784byte(s), files=1, media=0
### select, command-id=2014449123, estimated-cost=24775344byte(s), files=1, media=0
### select, command-id=2014449126, estimated-cost=24762544byte(s), files=1, media=0
### select, command-id=2014449128, estimated-cost=24729424byte(s), files=1, media=0
### select, command-id=2014449127, estimated-cost=24755504byte(s), files=1, media=0
### select, command-id=2014449134, estimated-cost=24770864byte(s), files=1, media=0
### select, command-id=2014449131, estimated-cost=24735024byte(s), files=1, media=0
### select, command-id=2014449135, estimated-cost=24844784byte(s), files=1, media=0
### select, command-id=2014449141, estimated-cost=24747664byte(s), files=1, media=0
### select, command-id=2014449142, estimated-cost=24839984byte(s), files=1, media=0
### select, command-id=2014449147, estimated-cost=24731504byte(s), files=1, media=0
### select, command-id=2014449149, estimated-cost=24806224byte(s), files=1, media=0
### select, command-id=2014449152, estimated-cost=24735184byte(s), files=1, media=0
### select, command-id=2014449156, estimated-cost=24767504byte(s), files=1, media=0
### select, command-id=2014449153, estimated-cost=24763504byte(s), files=1, media=0
### select, command-id=2014449158, estimated-cost=24802704byte(s), files=1, media=0
### select, command-id=2014449160, estimated-cost=24752304byte(s), files=1, media=0
### select, command-id=2014449161, estimated-cost=24737904byte(s), files=1, media=0
### select, command-id=2014449162, estimated-cost=24783984byte(s), files=1, media=0
### select, command-id=2014449163, estimated-cost=24759824byte(s), files=1, media=0
### select, command-id=2014449166, estimated-cost=24777424byte(s), files=1, media=0
### select, command-id=2014449165, estimated-cost=24747184byte(s), files=1, media=0
### select, command-id=2014449168, estimated-cost=24736944byte(s), files=1, media=0
### select, command-id=2014449170, estimated-cost=24730704byte(s), files=1, media=0
/home/users/prince.xavier/MJO/SALMON
/home/users/prince.xavier/MJO/SALMON/salmon_config.yaml
2025-04-24 00:00:00
['000', '001', '002', '003', '004', '005', '006', '007', '008', '009', '010', '011', '012', '013', '014', '015', '016', '017', '018', '019', '020', '021', '022', '023', '024', '025', '026', '027', '028', '029', '030', '031', '032', '033', '034', '035']
dict_keys(['mogreps_dummy_queryfiles_dir', 'mogreps_moose_dir', 'mogreps_raw_dir', 'mogreps_combined_queryfile', 'mogreps_mjo_processed_dir', 'mogreps_mjo_archive_dir', 'mogreps_mjo_plot_ens', 'mogreps_cs_processed_dir', 'mogreps_cs_plot_ens', 'mogreps_eqwaves_processed_dir', 'mogreps_eqwaves_plot_ens'])
Already exists: /data/scratch/prince.xavier/SALMON/temp
Skipping: moose:/opfc/atm/mogreps-g/prods/
Already exists: /data/scratch/prince.xavier/SALMON/raw_data/mogreps/mogreps_bucket
Skipping: /home/users/prince.xavier/MJO/Monitoring_new/RETRIEVALS/mogreps_combined.query
Already exists: /data/scratch/prince.xavier/SALMON/processed_SEA_data/mogreps/mjo
Already exists: /data/users/prince.xavier/SALMON/processed_SEA_data/mogreps/mjo/rmms/
Already exists: /data/users/prince.xavier/SALMON/processed_SEA_data/mogreps/mjo/plot_ens/
Already exists: /data/scratch/prince.xavier/SALMON/processed_SEA_data/mogreps/coldsurge/
Already exists: /data/users/prince.xavier/SALMON/processed_SEA_data/mogreps/coldsurge/plot_ens/
Already exists: /data/scratch/prince.xavier/SALMON/processed_SEA_data/mogreps/eqwaves/
Already exists: /data/users/prince.xavier/SALMON/processed_SEA_data/mogreps/eqwaves/plot_ens/
{'mogreps_dummy_queryfiles_dir': '/data/scratch/prince.xavier/SALMON/temp', 'mogreps_moose_dir': 'moose:/opfc/atm/mogreps-g/prods/', 'mogreps_raw_dir': '/data/scratch/prince.xavier/SALMON/raw_data/mogreps/mogreps_bucket', 'mogreps_combined_queryfile': '/home/users/prince.xavier/MJO/Monitoring_new/RETRIEVALS/mogreps_combined.query', 'mogreps_mjo_processed_dir': '/data/scratch/prince.xavier/SALMON/processed_SEA_data/mogreps/mjo', 'mogreps_mjo_archive_dir': '/data/users/prince.xavier/SALMON/processed_SEA_data/mogreps/mjo/rmms/', 'mogreps_mjo_plot_ens': '/data/users/prince.xavier/SALMON/processed_SEA_data/mogreps/mjo/plot_ens/', 'mogreps_cs_processed_dir': '/data/scratch/prince.xavier/SALMON/processed_SEA_data/mogreps/coldsurge/', 'mogreps_cs_plot_ens': '/data/users/prince.xavier/SALMON/processed_SEA_data/mogreps/coldsurge/plot_ens/', 'mogreps_eqwaves_processed_dir': '/data/scratch/prince.xavier/SALMON/processed_SEA_data/mogreps/eqwaves/', 'mogreps_eqwaves_plot_ens': '/data/users/prince.xavier/SALMON/processed_SEA_data/mogreps/eqwaves/plot_ens/'}
{'mogreps_dummy_queryfiles_dir': '/data/scratch/prince.xavier/SALMON/temp', 'mogreps_moose_dir': 'moose:/opfc/atm/mogreps-g/prods/', 'mogreps_raw_dir': '/data/scratch/prince.xavier/SALMON/raw_data/mogreps/mogreps_bucket', 'mogreps_combined_queryfile': '/home/users/prince.xavier/MJO/Monitoring_new/RETRIEVALS/mogreps_combined.query', 'mogreps_mjo_processed_dir': '/data/scratch/prince.xavier/SALMON/processed_SEA_data/mogreps/mjo', 'mogreps_mjo_archive_dir': '/data/users/prince.xavier/SALMON/processed_SEA_data/mogreps/mjo/rmms/', 'mogreps_mjo_plot_ens': '/data/users/prince.xavier/SALMON/processed_SEA_data/mogreps/mjo/plot_ens/', 'mogreps_cs_processed_dir': '/data/scratch/prince.xavier/SALMON/processed_SEA_data/mogreps/coldsurge/', 'mogreps_cs_plot_ens': '/data/users/prince.xavier/SALMON/processed_SEA_data/mogreps/coldsurge/plot_ens/', 'mogreps_eqwaves_processed_dir': '/data/scratch/prince.xavier/SALMON/processed_SEA_data/mogreps/eqwaves/', 'mogreps_eqwaves_plot_ens': '/data/users/prince.xavier/SALMON/processed_SEA_data/mogreps/eqwaves/plot_ens/'}
Retrieving data for date: 2025-04-24 00:00:00
[  0  24  48  72  96 120 144 168]
In retrieve_fc_data_parallel()
In retrieve_fc_data_parallel()
In retrieve_fc_data_parallel()
In retrieve_fc_data_parallel()
In retrieve_fc_data_parallel()
In retrieve_fc_data_parallel()
In retrieve_fc_data_parallel()
In retrieve_fc_data_parallel()
Retrieving hr: 0
In retrieve_fc_data_parallel()
In retrieve_fc_data_parallel()
In retrieve_fc_data_parallel()
In retrieve_fc_data_parallel()
Retrieving hr: 0
In retrieve_fc_data_parallel()
Retrieving hr: 0
In retrieve_fc_data_parallel()
In retrieve_fc_data_parallel()
Retrieving hr: 0
In retrieve_fc_data_parallel()
Retrieving hr: 0
In retrieve_fc_data_parallel()
In retrieve_fc_data_parallel()
In retrieve_fc_data_parallel()
Retrieving hr: 0
In retrieve_fc_data_parallel()
In retrieve_fc_data_parallel()
Retrieving hr: 0
Retrieving hr: 0
Retrieving hr: 0
Retrieving hr: 0
In retrieve_fc_data_parallel()
Retrieving hr: 24
Retrieving hr: 24
Retrieving hr: 0
Retrieving hr: 24
In retrieve_fc_data_parallel()
Retrieving hr: 0
In retrieve_fc_data_parallel()
Retrieving hr: 0
Retrieving hr: 0
EXECCCC
EXECCCC
Retrieving hr: 24
Retrieving hr: 0
EXECCCC
Retrieving hr: 0
Retrieving hr: 0
In retrieve_fc_data_parallel()
Retrieving hr: 24
EXECCCC
Retrieving hr: 24
Retrieving hr: 0
EXECCCC
In retrieve_fc_data_parallel()
Retrieving hr: 24
In retrieve_fc_data_parallel()
Retrieving hr: 24
Retrieving hr: 24
In retrieve_fc_data_parallel()
EXECCCC
EXECCCC
Retrieving hr: 24
EXECCCC
EXECCCC
EXECCCC
EXECCCC
EXECCCC
EXECCCC
EXECCCC
EXECCCC
EXECCCC
In retrieve_fc_data_parallel()
EXECCCC
EXECCCC
EXECCCC
Retrieving hr: 24
EXECCCC
EXECCCC
EXECCCC
EXECCCC
EXECCCC
EXECCCC
In retrieve_fc_data_parallel()
In retrieve_fc_data_parallel()
EXECCCC
In retrieve_fc_data_parallel()
Retrieving hr: 24
Retrieving hr: 24
EXECCCC
EXECCCC
EXECCCC
Retrieving hr: 24
EXECCCC
EXECCCC
EXECCCC
In retrieve_fc_data_parallel()
Retrieving hr: 24
EXECCCC
In retrieve_fc_data_parallel()
Retrieving hr: 24
EXECCCC
In retrieve_fc_data_parallel()
Retrieving hr: 24
EXECCCC
In retrieve_fc_data_parallel()
Retrieving hr: 24
EXECCCC
In retrieve_fc_data_parallel()
Retrieving hr: 48
EXECCCC
In retrieve_fc_data_parallel()
Retrieving hr: 48
EXECCCC
In retrieve_fc_data_parallel()
Retrieving hr: 48
EXECCCC
In retrieve_fc_data_parallel()
Retrieving hr: 48
EXECCCC
In retrieve_fc_data_parallel()
Retrieving hr: 48
In retrieve_fc_data_parallel()
Retrieving hr: 48
EXECCCC
In retrieve_fc_data_parallel()
Retrieving hr: 48
EXECCCC
EXECCCC
In retrieve_fc_data_parallel()
Retrieving hr: 48
EXECCCC
In retrieve_fc_data_parallel()
Retrieving hr: 48
EXECCCC
In retrieve_fc_data_parallel()
Retrieving hr: 48
EXECCCC
In retrieve_fc_data_parallel()
Retrieving hr: 48
EXECCCC
In retrieve_fc_data_parallel()
Retrieving hr: 48
EXECCCC
In retrieve_fc_data_parallel()
Retrieving hr: 48
EXECCCC
In retrieve_fc_data_parallel()
Retrieving hr: 48
EXECCCC
In retrieve_fc_data_parallel()
Retrieving hr: 48
EXECCCC
In retrieve_fc_data_parallel()
Retrieving hr: 48
EXECCCC
In retrieve_fc_data_parallel()
Retrieving hr: 48
EXECCCC
In retrieve_fc_data_parallel()
Retrieving hr: 48
EXECCCC
In retrieve_fc_data_parallel()
Retrieving hr: 72
EXECCCC
In retrieve_fc_data_parallel()
Retrieving hr: 72
EXECCCC
In retrieve_fc_data_parallel()
Retrieving hr: 72
EXECCCC
In retrieve_fc_data_parallel()
Retrieving hr: 72
EXECCCC
In retrieve_fc_data_parallel()
Retrieving hr: 72
EXECCCC
In retrieve_fc_data_parallel()
Retrieving hr: 72
EXECCCC
In retrieve_fc_data_parallel()
Retrieving hr: 72
EXECCCC
In retrieve_fc_data_parallel()
Retrieving hr: 72
EXECCCC
In retrieve_fc_data_parallel()
Retrieving hr: 72
EXECCCC
In retrieve_fc_data_parallel()
Retrieving hr: 72
EXECCCC
In retrieve_fc_data_parallel()
Retrieving hr: 72
EXECCCC
In retrieve_fc_data_parallel()
Retrieving hr: 72
EXECCCC
In retrieve_fc_data_parallel()
Retrieving hr: 72
EXECCCC
In retrieve_fc_data_parallel()
Retrieving hr: 72
EXECCCC
In retrieve_fc_data_parallel()
Retrieving hr: 72
EXECCCC
In retrieve_fc_data_parallel()
Retrieving hr: 72
EXECCCC
In retrieve_fc_data_parallel()
Retrieving hr: 72
EXECCCC
In retrieve_fc_data_parallel()
Retrieving hr: 72
EXECCCC
In retrieve_fc_data_parallel()
Retrieving hr: 96
EXECCCC
In retrieve_fc_data_parallel()
Retrieving hr: 96
EXECCCC
In retrieve_fc_data_parallel()
Retrieving hr: 96
EXECCCC
In retrieve_fc_data_parallel()
Retrieving hr: 96
EXECCCC
In retrieve_fc_data_parallel()
Retrieving hr: 96
EXECCCC
In retrieve_fc_data_parallel()
Retrieving hr: 96
EXECCCC
In retrieve_fc_data_parallel()
Retrieving hr: 96
EXECCCC
In retrieve_fc_data_parallel()
Retrieving hr: 96
EXECCCC
In retrieve_fc_data_parallel()
Retrieving hr: 96
EXECCCC
In retrieve_fc_data_parallel()
Retrieving hr: 96
EXECCCC
In retrieve_fc_data_parallel()
Retrieving hr: 96
EXECCCC
In retrieve_fc_data_parallel()
Retrieving hr: 96
EXECCCC
In retrieve_fc_data_parallel()
Retrieving hr: 96
EXECCCC
In retrieve_fc_data_parallel()
Retrieving hr: 96
EXECCCC
In retrieve_fc_data_parallel()
Retrieving hr: 96
EXECCCC
In retrieve_fc_data_parallel()
Retrieving hr: 96
EXECCCC
In retrieve_fc_data_parallel()
Retrieving hr: 96
EXECCCC
In retrieve_fc_data_parallel()
Retrieving hr: 96
EXECCCC
In retrieve_fc_data_parallel()
Retrieving hr: 120
EXECCCC
In retrieve_fc_data_parallel()
Retrieving hr: 120
In retrieve_fc_data_parallel()
Retrieving hr: 120
EXECCCC
EXECCCC
In retrieve_fc_data_parallel()
Retrieving hr: 120
EXECCCC
In retrieve_fc_data_parallel()
Retrieving hr: 120
EXECCCC
In retrieve_fc_data_parallel()
Retrieving hr: 120
EXECCCC
In retrieve_fc_data_parallel()
Retrieving hr: 120
EXECCCC
In retrieve_fc_data_parallel()
Retrieving hr: 120
EXECCCC
In retrieve_fc_data_parallel()
Retrieving hr: 120
EXECCCC
In retrieve_fc_data_parallel()
Retrieving hr: 120
EXECCCC
In retrieve_fc_data_parallel()
Retrieving hr: 120
EXECCCC
In retrieve_fc_data_parallel()
Retrieving hr: 120
EXECCCC
In retrieve_fc_data_parallel()
Retrieving hr: 120
EXECCCC
In retrieve_fc_data_parallel()
Retrieving hr: 120
EXECCCC
In retrieve_fc_data_parallel()
Retrieving hr: 120
EXECCCC
In retrieve_fc_data_parallel()
Retrieving hr: 120
EXECCCC
In retrieve_fc_data_parallel()
Retrieving hr: 120
EXECCCC
In retrieve_fc_data_parallel()
Retrieving hr: 120
EXECCCC
In retrieve_fc_data_parallel()
Retrieving hr: 144
EXECCCC
In retrieve_fc_data_parallel()
Retrieving hr: 144
EXECCCC
In retrieve_fc_data_parallel()
Retrieving hr: 144
EXECCCC
In retrieve_fc_data_parallel()
Retrieving hr: 144
EXECCCC
In retrieve_fc_data_parallel()
Retrieving hr: 144
EXECCCC
In retrieve_fc_data_parallel()
Retrieving hr: 144
EXECCCC
In retrieve_fc_data_parallel()
Retrieving hr: 144
EXECCCC
In retrieve_fc_data_parallel()
Retrieving hr: 144
EXECCCC
In retrieve_fc_data_parallel()
Retrieving hr: 144
EXECCCC
In retrieve_fc_data_parallel()
Retrieving hr: 144
EXECCCC
In retrieve_fc_data_parallel()
Retrieving hr: 144
EXECCCC
In retrieve_fc_data_parallel()
Retrieving hr: 144
EXECCCC
In retrieve_fc_data_parallel()
Retrieving hr: 144
EXECCCC
In retrieve_fc_data_parallel()
Retrieving hr: 144
EXECCCC
In retrieve_fc_data_parallel()
Retrieving hr: 144
EXECCCC
In retrieve_fc_data_parallel()
Retrieving hr: 144
EXECCCC
In retrieve_fc_data_parallel()
Retrieving hr: 144
EXECCCC
In retrieve_fc_data_parallel()
Retrieving hr: 144
EXECCCC
In retrieve_fc_data_parallel()
Retrieving hr: 168
EXECCCC
In retrieve_fc_data_parallel()
Retrieving hr: 168
EXECCCC
In retrieve_fc_data_parallel()
Retrieving hr: 168
EXECCCC
In retrieve_fc_data_parallel()
Retrieving hr: 168
EXECCCC
In retrieve_fc_data_parallel()
Retrieving hr: 168
EXECCCC
In retrieve_fc_data_parallel()
Retrieving hr: 168
EXECCCC
In retrieve_fc_data_parallel()
Retrieving hr: 168
EXECCCC
In retrieve_fc_data_parallel()
Retrieving hr: 168
EXECCCC
In retrieve_fc_data_parallel()
Retrieving hr: 168
EXECCCC
In retrieve_fc_data_parallel()
Retrieving hr: 168
EXECCCC
In retrieve_fc_data_parallel()
Retrieving hr: 168
EXECCCC
In retrieve_fc_data_parallel()
Retrieving hr: 168
EXECCCC
In retrieve_fc_data_parallel()
Retrieving hr: 168
EXECCCC
In retrieve_fc_data_parallel()
Retrieving hr: 168
EXECCCC
In retrieve_fc_data_parallel()
Retrieving hr: 168
EXECCCC
In retrieve_fc_data_parallel()
Retrieving hr: 168
EXECCCC
In retrieve_fc_data_parallel()
Retrieving hr: 168
EXECCCC
In retrieve_fc_data_parallel()
Retrieving hr: 168
EXECCCC
In retrieve_fc_data_parallel()
Retrieving hr: 0
EXECCCC
In retrieve_fc_data_parallel()
Retrieving hr: 0
EXECCCC
In retrieve_fc_data_parallel()
Retrieving hr: 0
EXECCCC
In retrieve_fc_data_parallel()
Retrieving hr: 0
EXECCCC
In retrieve_fc_data_parallel()
Retrieving hr: 0
EXECCCC
In retrieve_fc_data_parallel()
Retrieving hr: 0
EXECCCC
In retrieve_fc_data_parallel()
Retrieving hr: 0
EXECCCC
In retrieve_fc_data_parallel()
Retrieving hr: 0
EXECCCC
In retrieve_fc_data_parallel()
Retrieving hr: 0
EXECCCC
In retrieve_fc_data_parallel()
Retrieving hr: 0
EXECCCC
In retrieve_fc_data_parallel()
Retrieving hr: 0
EXECCCC
In retrieve_fc_data_parallel()
Retrieving hr: 0
EXECCCC
In retrieve_fc_data_parallel()
Retrieving hr: 0
EXECCCC
In retrieve_fc_data_parallel()
Retrieving hr: 0
EXECCCC
In retrieve_fc_data_parallel()
Retrieving hr: 0
EXECCCC
In retrieve_fc_data_parallel()
Retrieving hr: 0
EXECCCC
In retrieve_fc_data_parallel()
Retrieving hr: 0
EXECCCC
In retrieve_fc_data_parallel()
Retrieving hr: 0
EXECCCC
In retrieve_fc_data_parallel()
Retrieving hr: 24
EXECCCC
In retrieve_fc_data_parallel()
Retrieving hr: 24
EXECCCC
In retrieve_fc_data_parallel()
Retrieving hr: 24
EXECCCC
In retrieve_fc_data_parallel()
Retrieving hr: 24
EXECCCC
In retrieve_fc_data_parallel()
Retrieving hr: 24
EXECCCC
In retrieve_fc_data_parallel()
Retrieving hr: 24
EXECCCC
In retrieve_fc_data_parallel()
Retrieving hr: 24
EXECCCC
In retrieve_fc_data_parallel()
Retrieving hr: 24
EXECCCC
In retrieve_fc_data_parallel()
Retrieving hr: 24
EXECCCC
In retrieve_fc_data_parallel()
Retrieving hr: 24
EXECCCC
In retrieve_fc_data_parallel()
Retrieving hr: 24
EXECCCC
In retrieve_fc_data_parallel()
Retrieving hr: 24
EXECCCC
In retrieve_fc_data_parallel()
Retrieving hr: 24
EXECCCC
In retrieve_fc_data_parallel()
Retrieving hr: 24
EXECCCC
In retrieve_fc_data_parallel()
Retrieving hr: 24
EXECCCC
In retrieve_fc_data_parallel()
Retrieving hr: 24
EXECCCC
In retrieve_fc_data_parallel()
Retrieving hr: 24
EXECCCC
In retrieve_fc_data_parallel()
Retrieving hr: 24
EXECCCC
In retrieve_fc_data_parallel()
Retrieving hr: 48
EXECCCC
In retrieve_fc_data_parallel()
Retrieving hr: 48
EXECCCC
In retrieve_fc_data_parallel()
Retrieving hr: 48
EXECCCC
In retrieve_fc_data_parallel()
Retrieving hr: 48
EXECCCC
In retrieve_fc_data_parallel()
Retrieving hr: 48
EXECCCC
In retrieve_fc_data_parallel()
Retrieving hr: 48
EXECCCC
In retrieve_fc_data_parallel()
Retrieving hr: 48
EXECCCC
In retrieve_fc_data_parallel()
Retrieving hr: 48
EXECCCC
In retrieve_fc_data_parallel()
Retrieving hr: 48
EXECCCC
In retrieve_fc_data_parallel()
Retrieving hr: 48
EXECCCC
In retrieve_fc_data_parallel()
Retrieving hr: 48
EXECCCC
In retrieve_fc_data_parallel()
Retrieving hr: 48
EXECCCC
In retrieve_fc_data_parallel()
Retrieving hr: 48
EXECCCC
In retrieve_fc_data_parallel()
Retrieving hr: 48
EXECCCC
In retrieve_fc_data_parallel()
Retrieving hr: 48
EXECCCC
In retrieve_fc_data_parallel()
Retrieving hr: 48
EXECCCC
In retrieve_fc_data_parallel()
Retrieving hr: 48
EXECCCC
In retrieve_fc_data_parallel()
Retrieving hr: 48
EXECCCC
In retrieve_fc_data_parallel()
Retrieving hr: 72
EXECCCC
In retrieve_fc_data_parallel()
Retrieving hr: 72
EXECCCC
In retrieve_fc_data_parallel()
Retrieving hr: 72
EXECCCC
In retrieve_fc_data_parallel()
Retrieving hr: 72
EXECCCC
In retrieve_fc_data_parallel()
Retrieving hr: 72
EXECCCC
In retrieve_fc_data_parallel()
Retrieving hr: 72
EXECCCC
In retrieve_fc_data_parallel()
Retrieving hr: 72
EXECCCC
In retrieve_fc_data_parallel()
Retrieving hr: 72
EXECCCC
In retrieve_fc_data_parallel()
Retrieving hr: 72
EXECCCC
In retrieve_fc_data_parallel()
Retrieving hr: 72
EXECCCC
In retrieve_fc_data_parallel()
Retrieving hr: 72
EXECCCC
In retrieve_fc_data_parallel()
Retrieving hr: 72
EXECCCC
In retrieve_fc_data_parallel()
Retrieving hr: 72
EXECCCC
In retrieve_fc_data_parallel()
Retrieving hr: 72
EXECCCC
In retrieve_fc_data_parallel()
Retrieving hr: 72
EXECCCC
In retrieve_fc_data_parallel()
Retrieving hr: 72
EXECCCC
In retrieve_fc_data_parallel()
Retrieving hr: 72
EXECCCC
In retrieve_fc_data_parallel()
Retrieving hr: 72
EXECCCC
In retrieve_fc_data_parallel()
Retrieving hr: 96
EXECCCC
In retrieve_fc_data_parallel()
Retrieving hr: 96
EXECCCC
In retrieve_fc_data_parallel()
Retrieving hr: 96
EXECCCC
In retrieve_fc_data_parallel()
Retrieving hr: 96
EXECCCC
In retrieve_fc_data_parallel()
Retrieving hr: 96
EXECCCC
In retrieve_fc_data_parallel()
Retrieving hr: 96
EXECCCC
In retrieve_fc_data_parallel()
Retrieving hr: 96
EXECCCC
In retrieve_fc_data_parallel()
Retrieving hr: 96
EXECCCC
In retrieve_fc_data_parallel()
Retrieving hr: 96
EXECCCC
In retrieve_fc_data_parallel()
Retrieving hr: 96
EXECCCC
In retrieve_fc_data_parallel()
Retrieving hr: 96
EXECCCC
In retrieve_fc_data_parallel()
Retrieving hr: 96
EXECCCC
In retrieve_fc_data_parallel()
Retrieving hr: 96
EXECCCC
In retrieve_fc_data_parallel()
Retrieving hr: 96
EXECCCC
In retrieve_fc_data_parallel()
Retrieving hr: 96
EXECCCC
In retrieve_fc_data_parallel()
Retrieving hr: 96
EXECCCC
In retrieve_fc_data_parallel()
Retrieving hr: 96
EXECCCC
In retrieve_fc_data_parallel()
Retrieving hr: 96
EXECCCC
In retrieve_fc_data_parallel()
Retrieving hr: 120
EXECCCC
In retrieve_fc_data_parallel()
Retrieving hr: 120
EXECCCC
In retrieve_fc_data_parallel()
Retrieving hr: 120
EXECCCC
In retrieve_fc_data_parallel()
Retrieving hr: 120
EXECCCC
In retrieve_fc_data_parallel()
Retrieving hr: 120
EXECCCC
In retrieve_fc_data_parallel()
Retrieving hr: 120
EXECCCC
In retrieve_fc_data_parallel()
Retrieving hr: 120
EXECCCC
In retrieve_fc_data_parallel()
Retrieving hr: 120
EXECCCC
In retrieve_fc_data_parallel()
Retrieving hr: 120
EXECCCC
In retrieve_fc_data_parallel()
Retrieving hr: 120
EXECCCC
In retrieve_fc_data_parallel()
Retrieving hr: 120
EXECCCC
In retrieve_fc_data_parallel()
Retrieving hr: 120
EXECCCC
In retrieve_fc_data_parallel()
Retrieving hr: 120
EXECCCC
In retrieve_fc_data_parallel()
Retrieving hr: 120
EXECCCC
In retrieve_fc_data_parallel()
Retrieving hr: 120
EXECCCC
In retrieve_fc_data_parallel()
Retrieving hr: 120
EXECCCC
In retrieve_fc_data_parallel()
Retrieving hr: 120
EXECCCC
In retrieve_fc_data_parallel()
Retrieving hr: 120
EXECCCC
In retrieve_fc_data_parallel()
Retrieving hr: 144
EXECCCC
In retrieve_fc_data_parallel()
Retrieving hr: 144
EXECCCC
In retrieve_fc_data_parallel()
Retrieving hr: 144
EXECCCC
In retrieve_fc_data_parallel()
Retrieving hr: 144
EXECCCC
In retrieve_fc_data_parallel()
Retrieving hr: 144
EXECCCC
In retrieve_fc_data_parallel()
Retrieving hr: 144
EXECCCC
In retrieve_fc_data_parallel()
Retrieving hr: 144
EXECCCC
In retrieve_fc_data_parallel()
Retrieving hr: 144
EXECCCC
In retrieve_fc_data_parallel()
Retrieving hr: 144
EXECCCC
In retrieve_fc_data_parallel()
Retrieving hr: 144
EXECCCC
In retrieve_fc_data_parallel()
Retrieving hr: 144
EXECCCC
In retrieve_fc_data_parallel()
Retrieving hr: 144
EXECCCC
In retrieve_fc_data_parallel()
Retrieving hr: 144
EXECCCC
In retrieve_fc_data_parallel()
Retrieving hr: 144
EXECCCC
In retrieve_fc_data_parallel()
Retrieving hr: 144
EXECCCC
In retrieve_fc_data_parallel()
Retrieving hr: 144
EXECCCC
In retrieve_fc_data_parallel()
Retrieving hr: 144
EXECCCC
In retrieve_fc_data_parallel()
Retrieving hr: 144
EXECCCC
In retrieve_fc_data_parallel()
Retrieving hr: 168
EXECCCC
In retrieve_fc_data_parallel()
Retrieving hr: 168
EXECCCC
In retrieve_fc_data_parallel()
Retrieving hr: 168
EXECCCC
In retrieve_fc_data_parallel()
Retrieving hr: 168
EXECCCC
In retrieve_fc_data_parallel()
Retrieving hr: 168
EXECCCC
In retrieve_fc_data_parallel()
Retrieving hr: 168
EXECCCC
In retrieve_fc_data_parallel()
Retrieving hr: 168
EXECCCC
In retrieve_fc_data_parallel()
Retrieving hr: 168
EXECCCC
In retrieve_fc_data_parallel()
Retrieving hr: 168
EXECCCC
In retrieve_fc_data_parallel()
Retrieving hr: 168
EXECCCC
In retrieve_fc_data_parallel()
Retrieving hr: 168
EXECCCC
In retrieve_fc_data_parallel()
Retrieving hr: 168
EXECCCC
In retrieve_fc_data_parallel()
Retrieving hr: 168
EXECCCC
In retrieve_fc_data_parallel()
Retrieving hr: 168
EXECCCC
In retrieve_fc_data_parallel()
Retrieving hr: 168
EXECCCC
In retrieve_fc_data_parallel()
Retrieving hr: 168
EXECCCC
In retrieve_fc_data_parallel()
Retrieving hr: 168
EXECCCC
In retrieve_fc_data_parallel()
Retrieving hr: 168
EXECCCC
True
Progress: [0.00%]Progress: [2.78%]Progress: [5.56%]Progress: [8.33%]Progress: [11.11%]Progress: [13.89%]Progress: [16.67%]Progress: [19.44%]Progress: [22.22%]Progress: [25.00%]Progress: [27.78%]Progress: [30.56%]Progress: [33.33%]Progress: [36.11%]Progress: [38.89%]Progress: [41.67%]Progress: [44.44%]Progress: [47.22%]Progress: [50.00%]Progress: [52.78%]Progress: [55.56%]Progress: [58.33%]Progress: [61.11%]Progress: [63.89%]Progress: [66.67%]Progress: [69.44%]Progress: [72.22%]Progress: [75.00%]Progress: [77.78%]Progress: [80.56%]Progress: [83.33%]Progress: [86.11%]Progress: [88.89%]Progress: [91.67%]Progress: [94.44%]Progress: [97.22%]precipitation_amount / (kg m-2)     (realization: 36; forecast_period: 8; latitude: 186; longitude: 214)
    Dimension coordinates:
        realization                             x                    -            -               -
        forecast_period                         -                    x            -               -
        latitude                                -                    -            x               -
        longitude                               -                    -            -               x
    Cell methods:
        0                           time: mean (interval: 1 hour)
    Attributes:
        STASH                       m01s05i226
        source                      'Data from Met Office Unified Model'
        um_version                  '13.1'
Written /data/scratch/prince.xavier/SALMON/processed_SEA_data/mogreps/coldsurge/precip/precip_ColdSurge_24h_allMember_20250424.nc
Progress: [0.00%]Progress: [2.78%]Progress: [5.56%]Progress: [8.33%]Progress: [11.11%]Progress: [13.89%]Progress: [16.67%]Progress: [19.44%]Progress: [22.22%]Progress: [25.00%]Progress: [27.78%]Progress: [30.56%]Progress: [33.33%]Progress: [36.11%]Progress: [38.89%]Progress: [41.67%]Progress: [44.44%]Progress: [47.22%]Progress: [50.00%]Progress: [52.78%]Progress: [55.56%]Progress: [58.33%]Progress: [61.11%]Progress: [63.89%]Progress: [66.67%]Progress: [69.44%]Progress: [72.22%]Progress: [75.00%]Progress: [77.78%]Progress: [80.56%]Progress: [83.33%]Progress: [86.11%]Progress: [88.89%]Progress: [91.67%]Progress: [94.44%]Progress: [97.22%]x_wind / (m s-1)                    (realization: 36; -- : 8; latitude: 187; longitude: 213)
    Dimension coordinates:
        realization                             x        -            -               -
        latitude                                -        -            x               -
        longitude                               -        -            -               x
    Auxiliary coordinates:
        forecast_period                         -        x            -               -
    Scalar coordinates:
        pressure                    850.0 hPa
    Attributes:
        STASH                       m01s15i201
        source                      'Data from Met Office Unified Model'
        um_version                  '13.1'
Written /data/scratch/prince.xavier/SALMON/processed_SEA_data/mogreps/coldsurge/u850/u850_ColdSurge_24h_allMember_20250424.nc
Progress: [0.00%]Progress: [2.78%]Progress: [5.56%]Progress: [8.33%]Progress: [11.11%]Progress: [13.89%]Progress: [16.67%]Progress: [19.44%]Progress: [22.22%]Progress: [25.00%]Progress: [27.78%]Progress: [30.56%]Progress: [33.33%]Progress: [36.11%]Progress: [38.89%]Progress: [41.67%]Progress: [44.44%]Progress: [47.22%]Progress: [50.00%]Progress: [52.78%]Progress: [55.56%]Progress: [58.33%]Progress: [61.11%]Progress: [63.89%]Progress: [66.67%]Progress: [69.44%]Progress: [72.22%]Progress: [75.00%]Progress: [77.78%]Progress: [80.56%]Progress: [83.33%]Progress: [86.11%]Progress: [88.89%]Progress: [91.67%]Progress: [94.44%]Progress: [97.22%]y_wind / (m s-1)                    (realization: 36; -- : 8; latitude: 187; longitude: 213)
    Dimension coordinates:
        realization                             x        -            -               -
        latitude                                -        -            x               -
        longitude                               -        -            -               x
    Auxiliary coordinates:
        forecast_period                         -        x            -               -
    Scalar coordinates:
        pressure                    850.0 hPa
    Attributes:
        STASH                       m01s15i202
        source                      'Data from Met Office Unified Model'
        um_version                  '13.1'
Written /data/scratch/prince.xavier/SALMON/processed_SEA_data/mogreps/coldsurge/v850/v850_ColdSurge_24h_allMember_20250424.nc
[0.0, 0.0, 0.0, 0.0, 0.0, 0.0, 0.0, 0.0] [0.0, 0.0, 0.0, 0.0, 0.0, 0.0, 0.0, 0.0]
[0.0, 0.0, 0.0, 0.0, 0.0, 0.0, 0.0, 0.0] [0.0, 0.0, 0.0, 0.0, 0.0, 0.0, 0.0, 0.0]
500 517
Plotted /data/users/prince.xavier/SALMON/processed_SEA_data/mogreps/coldsurge/plot_ens/20250424/Cold_surge_EnsMean_20250424_T0h.html
Plotted /data/users/prince.xavier/SALMON/processed_SEA_data/mogreps/coldsurge/plot_ens/20250424/Cold_surge_EnsMean_20250424_T24h.html
Plotted /data/users/prince.xavier/SALMON/processed_SEA_data/mogreps/coldsurge/plot_ens/20250424/Cold_surge_EnsMean_20250424_T48h.html
Plotted /data/users/prince.xavier/SALMON/processed_SEA_data/mogreps/coldsurge/plot_ens/20250424/Cold_surge_EnsMean_20250424_T72h.html
Plotted /data/users/prince.xavier/SALMON/processed_SEA_data/mogreps/coldsurge/plot_ens/20250424/Cold_surge_EnsMean_20250424_T96h.html
Plotted /data/users/prince.xavier/SALMON/processed_SEA_data/mogreps/coldsurge/plot_ens/20250424/Cold_surge_EnsMean_20250424_T120h.html
Plotted /data/users/prince.xavier/SALMON/processed_SEA_data/mogreps/coldsurge/plot_ens/20250424/Cold_surge_EnsMean_20250424_T144h.html
Plotted /data/users/prince.xavier/SALMON/processed_SEA_data/mogreps/coldsurge/plot_ens/20250424/Cold_surge_EnsMean_20250424_T168h.html
The /data/users/prince.xavier/SALMON/processed_SEA_data/mogreps/coldsurge/plot_ens/mogreps_ensmean_plot_dates.json file has been updated. New date added: 20250424
[0.0, 0.0, 0.0, 0.0, 0.0, 0.0, 0.0, 0.0] [0.0, 0.0, 0.0, 0.0, 0.0, 0.0, 0.0, 0.0]
[0.0, 0.0, 0.0, 0.0, 0.0, 0.0, 0.0, 0.0] [0.0, 0.0, 0.0, 0.0, 0.0, 0.0, 0.0, 0.0]
500 517
Plotted /data/users/prince.xavier/SALMON/processed_SEA_data/mogreps/coldsurge/plot_ens/20250424/Cold_surge_ProbMaps_20250424_T0h_Pr10.html
Plotted /data/users/prince.xavier/SALMON/processed_SEA_data/mogreps/coldsurge/plot_ens/20250424/Cold_surge_ProbMaps_20250424_T24h_Pr10.html
Plotted /data/users/prince.xavier/SALMON/processed_SEA_data/mogreps/coldsurge/plot_ens/20250424/Cold_surge_ProbMaps_20250424_T48h_Pr10.html
Plotted /data/users/prince.xavier/SALMON/processed_SEA_data/mogreps/coldsurge/plot_ens/20250424/Cold_surge_ProbMaps_20250424_T72h_Pr10.html
Plotted /data/users/prince.xavier/SALMON/processed_SEA_data/mogreps/coldsurge/plot_ens/20250424/Cold_surge_ProbMaps_20250424_T96h_Pr10.html
Plotted /data/users/prince.xavier/SALMON/processed_SEA_data/mogreps/coldsurge/plot_ens/20250424/Cold_surge_ProbMaps_20250424_T120h_Pr10.html
Plotted /data/users/prince.xavier/SALMON/processed_SEA_data/mogreps/coldsurge/plot_ens/20250424/Cold_surge_ProbMaps_20250424_T144h_Pr10.html
Plotted /data/users/prince.xavier/SALMON/processed_SEA_data/mogreps/coldsurge/plot_ens/20250424/Cold_surge_ProbMaps_20250424_T168h_Pr10.html
The /data/users/prince.xavier/SALMON/processed_SEA_data/mogreps/coldsurge/plot_ens/mogreps_ProbMaps_plot_dates.json file has been updated. New date added: 20250424
Plotted /data/users/prince.xavier/SALMON/processed_SEA_data/mogreps/coldsurge/plot_ens/20250424/Cold_surge_ProbMaps_20250424_T0h_Pr20.html
Plotted /data/users/prince.xavier/SALMON/processed_SEA_data/mogreps/coldsurge/plot_ens/20250424/Cold_surge_ProbMaps_20250424_T24h_Pr20.html
Plotted /data/users/prince.xavier/SALMON/processed_SEA_data/mogreps/coldsurge/plot_ens/20250424/Cold_surge_ProbMaps_20250424_T48h_Pr20.html
Plotted /data/users/prince.xavier/SALMON/processed_SEA_data/mogreps/coldsurge/plot_ens/20250424/Cold_surge_ProbMaps_20250424_T72h_Pr20.html
Plotted /data/users/prince.xavier/SALMON/processed_SEA_data/mogreps/coldsurge/plot_ens/20250424/Cold_surge_ProbMaps_20250424_T96h_Pr20.html
Plotted /data/users/prince.xavier/SALMON/processed_SEA_data/mogreps/coldsurge/plot_ens/20250424/Cold_surge_ProbMaps_20250424_T120h_Pr20.html
Plotted /data/users/prince.xavier/SALMON/processed_SEA_data/mogreps/coldsurge/plot_ens/20250424/Cold_surge_ProbMaps_20250424_T144h_Pr20.html
Plotted /data/users/prince.xavier/SALMON/processed_SEA_data/mogreps/coldsurge/plot_ens/20250424/Cold_surge_ProbMaps_20250424_T168h_Pr20.html
The /data/users/prince.xavier/SALMON/processed_SEA_data/mogreps/coldsurge/plot_ens/mogreps_ProbMaps_plot_dates.json file has been updated. New date added: 20250424
Plotted /data/users/prince.xavier/SALMON/processed_SEA_data/mogreps/coldsurge/plot_ens/20250424/Cold_surge_ProbMaps_20250424_T0h_Pr30.html
Plotted /data/users/prince.xavier/SALMON/processed_SEA_data/mogreps/coldsurge/plot_ens/20250424/Cold_surge_ProbMaps_20250424_T24h_Pr30.html
Plotted /data/users/prince.xavier/SALMON/processed_SEA_data/mogreps/coldsurge/plot_ens/20250424/Cold_surge_ProbMaps_20250424_T48h_Pr30.html
Plotted /data/users/prince.xavier/SALMON/processed_SEA_data/mogreps/coldsurge/plot_ens/20250424/Cold_surge_ProbMaps_20250424_T72h_Pr30.html
Plotted /data/users/prince.xavier/SALMON/processed_SEA_data/mogreps/coldsurge/plot_ens/20250424/Cold_surge_ProbMaps_20250424_T96h_Pr30.html
Plotted /data/users/prince.xavier/SALMON/processed_SEA_data/mogreps/coldsurge/plot_ens/20250424/Cold_surge_ProbMaps_20250424_T120h_Pr30.html
Plotted /data/users/prince.xavier/SALMON/processed_SEA_data/mogreps/coldsurge/plot_ens/20250424/Cold_surge_ProbMaps_20250424_T144h_Pr30.html
Plotted /data/users/prince.xavier/SALMON/processed_SEA_data/mogreps/coldsurge/plot_ens/20250424/Cold_surge_ProbMaps_20250424_T168h_Pr30.html
The /data/users/prince.xavier/SALMON/processed_SEA_data/mogreps/coldsurge/plot_ens/mogreps_ProbMaps_plot_dates.json file has been updated. New date added: 20250424
