### select, command-id=2015537081, estimated-cost=12886032byte(s), files=1, media=0
### select, command-id=2015537085, estimated-cost=12882992byte(s), files=1, media=0
### select, command-id=2015537093, estimated-cost=12880592byte(s), files=1, media=0
### select, command-id=2015537084, estimated-cost=12883952byte(s), files=1, media=0
### select, command-id=2015537090, estimated-cost=44953520byte(s), files=1, media=0
### select, command-id=2015537103, estimated-cost=44989840byte(s), files=1, media=0
### select, command-id=2015537088, estimated-cost=45038960byte(s), files=1, media=0
### select, command-id=2015537099, estimated-cost=44992240byte(s), files=1, media=0
### select, command-id=2015537110, estimated-cost=12889552byte(s), files=1, media=0
### select, command-id=2015537100, estimated-cost=12877552byte(s), files=1, media=0
### select, command-id=2015537097, estimated-cost=44975280byte(s), files=1, media=0
### select, command-id=2015537101, estimated-cost=12886352byte(s), files=1, media=0
### select, command-id=2015537098, estimated-cost=44993040byte(s), files=1, media=0
### select, command-id=2015537095, estimated-cost=12876272byte(s), files=1, media=0
### select, command-id=2015537094, estimated-cost=44974960byte(s), files=1, media=0
### select, command-id=2015537096, estimated-cost=12874192byte(s), files=1, media=0
### select, command-id=2015537092, estimated-cost=44993040byte(s), files=1, media=0
### select, command-id=2015537112, estimated-cost=12881072byte(s), files=1, media=0
### select, command-id=2015537104, estimated-cost=12878352byte(s), files=1, media=0
### select, command-id=2015537107, estimated-cost=44979120byte(s), files=1, media=0
### select, command-id=2015537108, estimated-cost=44972400byte(s), files=1, media=0
### select, command-id=2015537109, estimated-cost=44888560byte(s), files=1, media=0
### select, command-id=2015537114, estimated-cost=45005520byte(s), files=1, media=0
### select, command-id=2015537102, estimated-cost=12882672byte(s), files=1, media=0
### select, command-id=2015537115, estimated-cost=45017840byte(s), files=1, media=0
### select, command-id=2015537105, estimated-cost=12882032byte(s), files=1, media=0
### select, command-id=2015537106, estimated-cost=12889712byte(s), files=1, media=0
### select, command-id=2015537113, estimated-cost=12857872byte(s), files=1, media=0
### select, command-id=2015537117, estimated-cost=44996080byte(s), files=1, media=0
### select, command-id=2015537111, estimated-cost=12890992byte(s), files=1, media=0
### select, command-id=2015537116, estimated-cost=12886672byte(s), files=1, media=0
### select, command-id=2015537120, estimated-cost=12881232byte(s), files=1, media=0
### select, command-id=2015537131, estimated-cost=44989520byte(s), files=1, media=0
### select, command-id=2015537139, estimated-cost=45015280byte(s), files=1, media=0
### select, command-id=2015537143, estimated-cost=44975280byte(s), files=1, media=0
### select, command-id=2015537154, estimated-cost=44976880byte(s), files=1, media=0
### select, command-id=2015537155, estimated-cost=44774000byte(s), files=1, media=0
### select, command-id=2015537164, estimated-cost=44906000byte(s), files=1, media=0
### select, command-id=2015537167, estimated-cost=44880720byte(s), files=1, media=0
### select, command-id=2015537168, estimated-cost=44847120byte(s), files=1, media=0
### select, command-id=2015537171, estimated-cost=44855920byte(s), files=1, media=0
### select, command-id=2015537170, estimated-cost=44814640byte(s), files=1, media=0
### select, command-id=2015537169, estimated-cost=44878320byte(s), files=1, media=0
### select, command-id=2015537174, estimated-cost=44834640byte(s), files=1, media=0
### select, command-id=2015537176, estimated-cost=44893520byte(s), files=1, media=0
### select, command-id=2015537175, estimated-cost=44854960byte(s), files=1, media=0
### select, command-id=2015537177, estimated-cost=44885040byte(s), files=1, media=0
### select, command-id=2015537178, estimated-cost=44895760byte(s), files=1, media=0
### select, command-id=2015537181, estimated-cost=44788240byte(s), files=1, media=0
### select, command-id=2015537179, estimated-cost=44916880byte(s), files=1, media=0
### select, command-id=2015537189, estimated-cost=44856240byte(s), files=1, media=0
### select, command-id=2015537193, estimated-cost=28925040byte(s), files=1, media=0
### select, command-id=2015537196, estimated-cost=44841680byte(s), files=1, media=0
### select, command-id=2015537195, estimated-cost=28938000byte(s), files=1, media=0
### select, command-id=2015537194, estimated-cost=44902000byte(s), files=1, media=0
### select, command-id=2015537201, estimated-cost=28985520byte(s), files=1, media=0
### select, command-id=2015537205, estimated-cost=28966960byte(s), files=1, media=0
### select, command-id=2015537203, estimated-cost=28983760byte(s), files=1, media=0
### select, command-id=2015537200, estimated-cost=44854320byte(s), files=1, media=0
### select, command-id=2015537206, estimated-cost=28987120byte(s), files=1, media=0
### select, command-id=2015537202, estimated-cost=28932560byte(s), files=1, media=0
### select, command-id=2015537204, estimated-cost=28952880byte(s), files=1, media=0
### select, command-id=2015537207, estimated-cost=28981840byte(s), files=1, media=0
### select, command-id=2015537211, estimated-cost=28960560byte(s), files=1, media=0
### select, command-id=2015537213, estimated-cost=28949200byte(s), files=1, media=0
### select, command-id=2015537216, estimated-cost=28961360byte(s), files=1, media=0
### select, command-id=2015537217, estimated-cost=28958000byte(s), files=1, media=0
### select, command-id=2015537218, estimated-cost=28963920byte(s), files=1, media=0
### select, command-id=2015537219, estimated-cost=28960080byte(s), files=1, media=0
### select, command-id=2015537223, estimated-cost=28947920byte(s), files=1, media=0
### select, command-id=2015537229, estimated-cost=28976400byte(s), files=1, media=0
### select, command-id=2015537230, estimated-cost=28937200byte(s), files=1, media=0
### select, command-id=2015537231, estimated-cost=29034480byte(s), files=1, media=0
### select, command-id=2015537232, estimated-cost=29040880byte(s), files=1, media=0
### select, command-id=2015537235, estimated-cost=29022320byte(s), files=1, media=0
### select, command-id=2015537242, estimated-cost=29006000byte(s), files=1, media=0
### select, command-id=2015537243, estimated-cost=29074320byte(s), files=1, media=0
### select, command-id=2015537244, estimated-cost=29123920byte(s), files=1, media=0
### select, command-id=2015537246, estimated-cost=29037680byte(s), files=1, media=0
### select, command-id=2015537252, estimated-cost=29078800byte(s), files=1, media=0
### select, command-id=2015537253, estimated-cost=29052720byte(s), files=1, media=0
### select, command-id=2015537260, estimated-cost=29034960byte(s), files=1, media=0
### select, command-id=2015537259, estimated-cost=29065360byte(s), files=1, media=0
### select, command-id=2015537261, estimated-cost=29081840byte(s), files=1, media=0
### select, command-id=2015537263, estimated-cost=29072240byte(s), files=1, media=0
### select, command-id=2015537268, estimated-cost=29023760byte(s), files=1, media=0
### select, command-id=2015537266, estimated-cost=29069680byte(s), files=1, media=0
### select, command-id=2015537271, estimated-cost=28996560byte(s), files=1, media=0
### select, command-id=2015537277, estimated-cost=29074640byte(s), files=1, media=0
### select, command-id=2015537273, estimated-cost=29081840byte(s), files=1, media=0
### select, command-id=2015537274, estimated-cost=29036080byte(s), files=1, media=0
### select, command-id=2015537276, estimated-cost=29019280byte(s), files=1, media=0
### select, command-id=2015537278, estimated-cost=29043120byte(s), files=1, media=0
### select, command-id=2015537280, estimated-cost=29053840byte(s), files=1, media=0
### select, command-id=2015537279, estimated-cost=29020720byte(s), files=1, media=0
### select, command-id=2015537281, estimated-cost=29101840byte(s), files=1, media=0
### select, command-id=2015537282, estimated-cost=29075280byte(s), files=1, media=0
### select, command-id=2015537285, estimated-cost=29058960byte(s), files=1, media=0
### select, command-id=2015537287, estimated-cost=29067920byte(s), files=1, media=0
### select, command-id=2015537291, estimated-cost=29003600byte(s), files=1, media=0
### select, command-id=2015537292, estimated-cost=29064880byte(s), files=1, media=0
### select, command-id=2015537293, estimated-cost=29070320byte(s), files=1, media=0
### select, command-id=2015537299, estimated-cost=29037200byte(s), files=1, media=0
### select, command-id=2015537300, estimated-cost=29065520byte(s), files=1, media=0
### select, command-id=2015537303, estimated-cost=29086960byte(s), files=1, media=0
### select, command-id=2015537302, estimated-cost=29074800byte(s), files=1, media=0
### select, command-id=2015537305, estimated-cost=29091920byte(s), files=1, media=0
### select, command-id=2015537309, estimated-cost=29046800byte(s), files=1, media=0
### select, command-id=2015537316, estimated-cost=24882064byte(s), files=1, media=0
### select, command-id=2015537318, estimated-cost=24787664byte(s), files=1, media=0
### select, command-id=2015537321, estimated-cost=24813104byte(s), files=1, media=0
### select, command-id=2015537320, estimated-cost=24804144byte(s), files=1, media=0
### select, command-id=2015537325, estimated-cost=24867664byte(s), files=1, media=0
### select, command-id=2015537330, estimated-cost=24923824byte(s), files=1, media=0
### select, command-id=2015537331, estimated-cost=24841264byte(s), files=1, media=0
### select, command-id=2015537334, estimated-cost=24830536byte(s), files=1, media=0
### select, command-id=2015537339, estimated-cost=24859344byte(s), files=1, media=0
### select, command-id=2015537341, estimated-cost=24827664byte(s), files=1, media=0
### select, command-id=2015537344, estimated-cost=24950704byte(s), files=1, media=0
### select, command-id=2015537345, estimated-cost=24800944byte(s), files=1, media=0
### select, command-id=2015537348, estimated-cost=24847504byte(s), files=1, media=0
### select, command-id=2015537350, estimated-cost=24750864byte(s), files=1, media=0
### select, command-id=2015537352, estimated-cost=24902224byte(s), files=1, media=0
### select, command-id=2015537353, estimated-cost=24879984byte(s), files=1, media=0
### select, command-id=2015537356, estimated-cost=24849904byte(s), files=1, media=0
### select, command-id=2015537360, estimated-cost=24807504byte(s), files=1, media=0
### select, command-id=2015537361, estimated-cost=24800784byte(s), files=1, media=0
### select, command-id=2015537363, estimated-cost=24712464byte(s), files=1, media=0
### select, command-id=2015537362, estimated-cost=24818704byte(s), files=1, media=0
### select, command-id=2015537366, estimated-cost=24884944byte(s), files=1, media=0
### select, command-id=2015537365, estimated-cost=24849264byte(s), files=1, media=0
### select, command-id=2015537367, estimated-cost=24850544byte(s), files=1, media=0
### select, command-id=2015537372, estimated-cost=24771824byte(s), files=1, media=0
### select, command-id=2015537371, estimated-cost=24848784byte(s), files=1, media=0
### select, command-id=2015537373, estimated-cost=24840944byte(s), files=1, media=0
### select, command-id=2015537374, estimated-cost=24826384byte(s), files=1, media=0
### select, command-id=2015537380, estimated-cost=24847024byte(s), files=1, media=0
### select, command-id=2015537383, estimated-cost=24953104byte(s), files=1, media=0
### select, command-id=2015537381, estimated-cost=24856144byte(s), files=1, media=0
### select, command-id=2015537384, estimated-cost=24852784byte(s), files=1, media=0
### select, command-id=2015537386, estimated-cost=24766544byte(s), files=1, media=0
### select, command-id=2015537387, estimated-cost=24758224byte(s), files=1, media=0
### select, command-id=2015537388, estimated-cost=24814368byte(s), files=1, media=0
### select, command-id=2015537390, estimated-cost=24859664byte(s), files=1, media=0
### select, command-id=2015537392, estimated-cost=12912912byte(s), files=1, media=0
### select, command-id=2015537397, estimated-cost=12907792byte(s), files=1, media=0
### select, command-id=2015537398, estimated-cost=12922192byte(s), files=1, media=0
### select, command-id=2015537403, estimated-cost=12913232byte(s), files=1, media=0
### select, command-id=2015537409, estimated-cost=12904912byte(s), files=1, media=0
### select, command-id=2015537408, estimated-cost=12919312byte(s), files=1, media=0
### select, command-id=2015537412, estimated-cost=12915952byte(s), files=1, media=0
### select, command-id=2015537413, estimated-cost=12913072byte(s), files=1, media=0
### select, command-id=2015537416, estimated-cost=12908912byte(s), files=1, media=0
### select, command-id=2015537420, estimated-cost=12914512byte(s), files=1, media=0
### select, command-id=2015537425, estimated-cost=12919152byte(s), files=1, media=0
### select, command-id=2015537426, estimated-cost=12922832byte(s), files=1, media=0
### select, command-id=2015537427, estimated-cost=12922992byte(s), files=1, media=0
### select, command-id=2015537434, estimated-cost=12931792byte(s), files=1, media=0
### select, command-id=2015537433, estimated-cost=12912752byte(s), files=1, media=0
### select, command-id=2015537438, estimated-cost=12886032byte(s), files=1, media=0
### select, command-id=2015537440, estimated-cost=12917552byte(s), files=1, media=0
### select, command-id=2015537443, estimated-cost=44894320byte(s), files=1, media=0
### select, command-id=2015537441, estimated-cost=12908592byte(s), files=1, media=0
### select, command-id=2015537445, estimated-cost=44951280byte(s), files=1, media=0
### select, command-id=2015537446, estimated-cost=44923760byte(s), files=1, media=0
### select, command-id=2015537448, estimated-cost=44900720byte(s), files=1, media=0
### select, command-id=2015537450, estimated-cost=44906000byte(s), files=1, media=0
### select, command-id=2015537454, estimated-cost=44969200byte(s), files=1, media=0
### select, command-id=2015537457, estimated-cost=44897520byte(s), files=1, media=0
### select, command-id=2015537456, estimated-cost=44892240byte(s), files=1, media=0
### select, command-id=2015537458, estimated-cost=44867600byte(s), files=1, media=0
### select, command-id=2015537459, estimated-cost=44952880byte(s), files=1, media=0
### select, command-id=2015537462, estimated-cost=44898160byte(s), files=1, media=0
### select, command-id=2015537464, estimated-cost=44955920byte(s), files=1, media=0
### select, command-id=2015537465, estimated-cost=44929680byte(s), files=1, media=0
### select, command-id=2015537467, estimated-cost=44947600byte(s), files=1, media=0
### select, command-id=2015537469, estimated-cost=44917040byte(s), files=1, media=0
### select, command-id=2015537470, estimated-cost=44826160byte(s), files=1, media=0
### select, command-id=2015537472, estimated-cost=44974320byte(s), files=1, media=0
### select, command-id=2015537476, estimated-cost=44911440byte(s), files=1, media=0
### select, command-id=2015537479, estimated-cost=44874480byte(s), files=1, media=0
### select, command-id=2015537481, estimated-cost=44821360byte(s), files=1, media=0
### select, command-id=2015537482, estimated-cost=44881040byte(s), files=1, media=0
### select, command-id=2015537484, estimated-cost=44827120byte(s), files=1, media=0
### select, command-id=2015537485, estimated-cost=44862000byte(s), files=1, media=0
### select, command-id=2015537488, estimated-cost=44830320byte(s), files=1, media=0
### select, command-id=2015537490, estimated-cost=44823120byte(s), files=1, media=0
### select, command-id=2015537489, estimated-cost=44795280byte(s), files=1, media=0
### select, command-id=2015537491, estimated-cost=44840400byte(s), files=1, media=0
### select, command-id=2015537496, estimated-cost=44857360byte(s), files=1, media=0
### select, command-id=2015537499, estimated-cost=44821200byte(s), files=1, media=0
### select, command-id=2015537498, estimated-cost=44846320byte(s), files=1, media=0
### select, command-id=2015537500, estimated-cost=44866160byte(s), files=1, media=0
### select, command-id=2015537505, estimated-cost=44813520byte(s), files=1, media=0
### select, command-id=2015537534, estimated-cost=44816560byte(s), files=1, media=0
### select, command-id=2015537535, estimated-cost=44808400byte(s), files=1, media=0
### select, command-id=2015537537, estimated-cost=44793680byte(s), files=1, media=0
### select, command-id=2015537545, estimated-cost=28951440byte(s), files=1, media=0
### select, command-id=2015537550, estimated-cost=29011280byte(s), files=1, media=0
### select, command-id=2015537549, estimated-cost=44744080byte(s), files=1, media=0
### select, command-id=2015537551, estimated-cost=28991280byte(s), files=1, media=0
### select, command-id=2015537555, estimated-cost=28957200byte(s), files=1, media=0
### select, command-id=2015537558, estimated-cost=28977520byte(s), files=1, media=0
### select, command-id=2015537559, estimated-cost=28972560byte(s), files=1, media=0
### select, command-id=2015537563, estimated-cost=28947600byte(s), files=1, media=0
### select, command-id=2015537565, estimated-cost=28980400byte(s), files=1, media=0
### select, command-id=2015537568, estimated-cost=28969680byte(s), files=1, media=0
### select, command-id=2015537569, estimated-cost=28971920byte(s), files=1, media=0
### select, command-id=2015537572, estimated-cost=28981360byte(s), files=1, media=0
### select, command-id=2015537574, estimated-cost=28956080byte(s), files=1, media=0
### select, command-id=2015537575, estimated-cost=28953680byte(s), files=1, media=0
### select, command-id=2015537579, estimated-cost=28969360byte(s), files=1, media=0
### select, command-id=2015537580, estimated-cost=28945360byte(s), files=1, media=0
### select, command-id=2015537585, estimated-cost=28944400byte(s), files=1, media=0
### select, command-id=2015537592, estimated-cost=28986000byte(s), files=1, media=0
### select, command-id=2015537594, estimated-cost=28933840byte(s), files=1, media=0
### select, command-id=2015537604, estimated-cost=29051440byte(s), files=1, media=0
### select, command-id=2015537602, estimated-cost=29024560byte(s), files=1, media=0
### select, command-id=2015537601, estimated-cost=29019600byte(s), files=1, media=0
### select, command-id=2015537606, estimated-cost=29018480byte(s), files=1, media=0
### select, command-id=2015537611, estimated-cost=29042800byte(s), files=1, media=0
### select, command-id=2015537609, estimated-cost=29008880byte(s), files=1, media=0
### select, command-id=2015537610, estimated-cost=29051760byte(s), files=1, media=0
### select, command-id=2015537618, estimated-cost=28990320byte(s), files=1, media=0
### select, command-id=2015537625, estimated-cost=29038000byte(s), files=1, media=0
### select, command-id=2015537626, estimated-cost=29011920byte(s), files=1, media=0
### select, command-id=2015537631, estimated-cost=28993360byte(s), files=1, media=0
### select, command-id=2015537635, estimated-cost=29010000byte(s), files=1, media=0
### select, command-id=2015537647, estimated-cost=29034160byte(s), files=1, media=0
### select, command-id=2015537658, estimated-cost=28982000byte(s), files=1, media=0
### select, command-id=2015537668, estimated-cost=29041680byte(s), files=1, media=0
### select, command-id=2015537670, estimated-cost=28979280byte(s), files=1, media=0
### select, command-id=2015537666, estimated-cost=29023440byte(s), files=1, media=0
### select, command-id=2015537675, estimated-cost=29045840byte(s), files=1, media=0
### select, command-id=2015537672, estimated-cost=29005200byte(s), files=1, media=0
### select, command-id=2015537673, estimated-cost=28962480byte(s), files=1, media=0
### select, command-id=2015537674, estimated-cost=29021840byte(s), files=1, media=0
### select, command-id=2015537676, estimated-cost=28991600byte(s), files=1, media=0
### select, command-id=2015537677, estimated-cost=29055120byte(s), files=1, media=0
### select, command-id=2015537680, estimated-cost=29048400byte(s), files=1, media=0
### select, command-id=2015537681, estimated-cost=29015280byte(s), files=1, media=0
### select, command-id=2015537692, estimated-cost=28987760byte(s), files=1, media=0
### select, command-id=2015537690, estimated-cost=29007440byte(s), files=1, media=0
### select, command-id=2015537693, estimated-cost=29073040byte(s), files=1, media=0
### select, command-id=2015537695, estimated-cost=28973040byte(s), files=1, media=0
### select, command-id=2015537700, estimated-cost=29077520byte(s), files=1, media=0
### select, command-id=2015537701, estimated-cost=29024400byte(s), files=1, media=0
### select, command-id=2015537703, estimated-cost=28979440byte(s), files=1, media=0
### select, command-id=2015537704, estimated-cost=28979280byte(s), files=1, media=0
### select, command-id=2015537707, estimated-cost=24748944byte(s), files=1, media=0
### select, command-id=2015537708, estimated-cost=29045520byte(s), files=1, media=0
### select, command-id=2015537713, estimated-cost=28929040byte(s), files=1, media=0
### select, command-id=2015537712, estimated-cost=29043120byte(s), files=1, media=0
### select, command-id=2015537722, estimated-cost=24870704byte(s), files=1, media=0
### select, command-id=2015537718, estimated-cost=24841264byte(s), files=1, media=0
### select, command-id=2015537726, estimated-cost=24784784byte(s), files=1, media=0
### select, command-id=2015537728, estimated-cost=24800304byte(s), files=1, media=0
### select, command-id=2015537732, estimated-cost=24816784byte(s), files=1, media=0
### select, command-id=2015537731, estimated-cost=24838224byte(s), files=1, media=0
### select, command-id=2015537745, estimated-cost=24766864byte(s), files=1, media=0
### select, command-id=2015537748, estimated-cost=24788624byte(s), files=1, media=0
### select, command-id=2015537761, estimated-cost=24788944byte(s), files=1, media=0
### select, command-id=2015537762, estimated-cost=24748304byte(s), files=1, media=0
### select, command-id=2015537768, estimated-cost=24850864byte(s), files=1, media=0
### select, command-id=2015537769, estimated-cost=24839664byte(s), files=1, media=0
### select, command-id=2015537770, estimated-cost=24870064byte(s), files=1, media=0
### select, command-id=2015537773, estimated-cost=24893744byte(s), files=1, media=0
### select, command-id=2015537774, estimated-cost=24854704byte(s), files=1, media=0
### select, command-id=2015537777, estimated-cost=24788304byte(s), files=1, media=0
### select, command-id=2015537780, estimated-cost=24778384byte(s), files=1, media=0
### select, command-id=2015537781, estimated-cost=24718384byte(s), files=1, media=0
### select, command-id=2015537783, estimated-cost=24780464byte(s), files=1, media=0
### select, command-id=2015537788, estimated-cost=24808304byte(s), files=1, media=0
### select, command-id=2015537786, estimated-cost=24837904byte(s), files=1, media=0
### select, command-id=2015537789, estimated-cost=24837904byte(s), files=1, media=0
### select, command-id=2015537790, estimated-cost=24792464byte(s), files=1, media=0
### select, command-id=2015537792, estimated-cost=24832784byte(s), files=1, media=0
### select, command-id=2015537793, estimated-cost=24816944byte(s), files=1, media=0
### select, command-id=2015537791, estimated-cost=24748144byte(s), files=1, media=0
### select, command-id=2015537797, estimated-cost=24801424byte(s), files=1, media=0
### select, command-id=2015537796, estimated-cost=24741264byte(s), files=1, media=0
### select, command-id=2015537800, estimated-cost=24771824byte(s), files=1, media=0
### select, command-id=2015537801, estimated-cost=24813904byte(s), files=1, media=0
### select, command-id=2015537802, estimated-cost=24894384byte(s), files=1, media=0
### select, command-id=2015537803, estimated-cost=24852144byte(s), files=1, media=0
### select, command-id=2015537805, estimated-cost=24794544byte(s), files=1, media=0
### select, command-id=2015537804, estimated-cost=24872144byte(s), files=1, media=0
### select, command-id=2015537809, estimated-cost=24767344byte(s), files=1, media=0
/home/users/prince.xavier/MJO/SALMON
/home/users/prince.xavier/MJO/SALMON/salmon_config.yaml
2025-05-02 00:00:00
['000', '001', '002', '003', '004', '005', '006', '007', '008', '009', '010', '011', '012', '013', '014', '015', '016', '017', '018', '019', '020', '021', '022', '023', '024', '025', '026', '027', '028', '029', '030', '031', '032', '033', '034', '035']
dict_keys(['mogreps_dummy_queryfiles_dir', 'mogreps_moose_dir', 'mogreps_raw_dir', 'mogreps_combined_queryfile', 'mogreps_mjo_processed_dir', 'mogreps_mjo_archive_dir', 'mogreps_mjo_plot_ens', 'mogreps_cs_processed_dir', 'mogreps_cs_plot_ens', 'mogreps_eqwaves_processed_dir', 'mogreps_eqwaves_plot_ens'])
Already exists: /data/scratch/prince.xavier/SALMON/temp
Skipping: moose:/opfc/atm/mogreps-g/prods/
Already exists: /data/scratch/prince.xavier/SALMON/raw_data/mogreps/mogreps_bucket
Skipping: /home/users/prince.xavier/MJO/Monitoring_new/RETRIEVALS/mogreps_combined.query
Already exists: /data/scratch/prince.xavier/SALMON/processed_SEA_data/mogreps/mjo
Already exists: /data/users/prince.xavier/SALMON/processed_SEA_data/mogreps/mjo/rmms/
Already exists: /data/users/prince.xavier/SALMON/processed_SEA_data/mogreps/mjo/plot_ens/
Already exists: /data/scratch/prince.xavier/SALMON/processed_SEA_data/mogreps/coldsurge/
Already exists: /data/users/prince.xavier/SALMON/processed_SEA_data/mogreps/coldsurge/plot_ens/
Already exists: /data/scratch/prince.xavier/SALMON/processed_SEA_data/mogreps/eqwaves/
Already exists: /data/users/prince.xavier/SALMON/processed_SEA_data/mogreps/eqwaves/plot_ens/
{'mogreps_dummy_queryfiles_dir': '/data/scratch/prince.xavier/SALMON/temp', 'mogreps_moose_dir': 'moose:/opfc/atm/mogreps-g/prods/', 'mogreps_raw_dir': '/data/scratch/prince.xavier/SALMON/raw_data/mogreps/mogreps_bucket', 'mogreps_combined_queryfile': '/home/users/prince.xavier/MJO/Monitoring_new/RETRIEVALS/mogreps_combined.query', 'mogreps_mjo_processed_dir': '/data/scratch/prince.xavier/SALMON/processed_SEA_data/mogreps/mjo', 'mogreps_mjo_archive_dir': '/data/users/prince.xavier/SALMON/processed_SEA_data/mogreps/mjo/rmms/', 'mogreps_mjo_plot_ens': '/data/users/prince.xavier/SALMON/processed_SEA_data/mogreps/mjo/plot_ens/', 'mogreps_cs_processed_dir': '/data/scratch/prince.xavier/SALMON/processed_SEA_data/mogreps/coldsurge/', 'mogreps_cs_plot_ens': '/data/users/prince.xavier/SALMON/processed_SEA_data/mogreps/coldsurge/plot_ens/', 'mogreps_eqwaves_processed_dir': '/data/scratch/prince.xavier/SALMON/processed_SEA_data/mogreps/eqwaves/', 'mogreps_eqwaves_plot_ens': '/data/users/prince.xavier/SALMON/processed_SEA_data/mogreps/eqwaves/plot_ens/'}
{'mogreps_dummy_queryfiles_dir': '/data/scratch/prince.xavier/SALMON/temp', 'mogreps_moose_dir': 'moose:/opfc/atm/mogreps-g/prods/', 'mogreps_raw_dir': '/data/scratch/prince.xavier/SALMON/raw_data/mogreps/mogreps_bucket', 'mogreps_combined_queryfile': '/home/users/prince.xavier/MJO/Monitoring_new/RETRIEVALS/mogreps_combined.query', 'mogreps_mjo_processed_dir': '/data/scratch/prince.xavier/SALMON/processed_SEA_data/mogreps/mjo', 'mogreps_mjo_archive_dir': '/data/users/prince.xavier/SALMON/processed_SEA_data/mogreps/mjo/rmms/', 'mogreps_mjo_plot_ens': '/data/users/prince.xavier/SALMON/processed_SEA_data/mogreps/mjo/plot_ens/', 'mogreps_cs_processed_dir': '/data/scratch/prince.xavier/SALMON/processed_SEA_data/mogreps/coldsurge/', 'mogreps_cs_plot_ens': '/data/users/prince.xavier/SALMON/processed_SEA_data/mogreps/coldsurge/plot_ens/', 'mogreps_eqwaves_processed_dir': '/data/scratch/prince.xavier/SALMON/processed_SEA_data/mogreps/eqwaves/', 'mogreps_eqwaves_plot_ens': '/data/users/prince.xavier/SALMON/processed_SEA_data/mogreps/eqwaves/plot_ens/'}
Retrieving data for date: 2025-05-02 00:00:00
[  0  24  48  72  96 120 144 168]
In retrieve_fc_data_parallel()
In retrieve_fc_data_parallel()
In retrieve_fc_data_parallel()
In retrieve_fc_data_parallel()
In retrieve_fc_data_parallel()
In retrieve_fc_data_parallel()
In retrieve_fc_data_parallel()
In retrieve_fc_data_parallel()
In retrieve_fc_data_parallel()
In retrieve_fc_data_parallel()
In retrieve_fc_data_parallel()
In retrieve_fc_data_parallel()
Retrieving hr: 0
In retrieve_fc_data_parallel()
In retrieve_fc_data_parallel()
Retrieving hr: 0
In retrieve_fc_data_parallel()
In retrieve_fc_data_parallel()
In retrieve_fc_data_parallel()
In retrieve_fc_data_parallel()
In retrieve_fc_data_parallel()
Retrieving hr: 0
In retrieve_fc_data_parallel()
Retrieving hr: 0
In retrieve_fc_data_parallel()
Retrieving hr: 0
Retrieving hr: 0
In retrieve_fc_data_parallel()
In retrieve_fc_data_parallel()
Retrieving hr: 24
Retrieving hr: 24
Retrieving hr: 24
Retrieving hr: 0
In retrieve_fc_data_parallel()
In retrieve_fc_data_parallel()
Retrieving hr: 0
Retrieving hr: 0
Retrieving hr: 0
Retrieving hr: 0
In retrieve_fc_data_parallel()
Retrieving hr: 0
EXECCCC
In retrieve_fc_data_parallel()
Retrieving hr: 0
Retrieving hr: 24
Retrieving hr: 24
Retrieving hr: 0
EXECCCC
Retrieving hr: 0
Retrieving hr: 0
Retrieving hr: 24
Retrieving hr: 0
Retrieving hr: 24
Retrieving hr: 0
In retrieve_fc_data_parallel()
EXECCCC
Retrieving hr: 24
EXECCCC
EXECCCC
EXECCCC
Retrieving hr: 24
EXECCCC
EXECCCC
In retrieve_fc_data_parallel()
EXECCCC
Retrieving hr: 24
EXECCCC
Retrieving hr: 24
EXECCCC
EXECCCC
EXECCCC
EXECCCC
EXECCCC
EXECCCC
EXECCCC
EXECCCC
EXECCCC
EXECCCC
EXECCCC
EXECCCC
EXECCCC
EXECCCC
EXECCCC
EXECCCC
EXECCCC
EXECCCC
EXECCCC
In retrieve_fc_data_parallel()
Retrieving hr: 24
EXECCCC
In retrieve_fc_data_parallel()
Retrieving hr: 24
In retrieve_fc_data_parallel()
Retrieving hr: 24
EXECCCC
EXECCCC
In retrieve_fc_data_parallel()
Retrieving hr: 24
EXECCCC
In retrieve_fc_data_parallel()
Retrieving hr: 24
EXECCCC
In retrieve_fc_data_parallel()
Retrieving hr: 24
EXECCCC
In retrieve_fc_data_parallel()
Retrieving hr: 24
EXECCCC
In retrieve_fc_data_parallel()
Retrieving hr: 48
EXECCCC
In retrieve_fc_data_parallel()
Retrieving hr: 48
EXECCCC
In retrieve_fc_data_parallel()
Retrieving hr: 48
EXECCCC
In retrieve_fc_data_parallel()
Retrieving hr: 48
EXECCCC
In retrieve_fc_data_parallel()
Retrieving hr: 48
EXECCCC
In retrieve_fc_data_parallel()
Retrieving hr: 48
EXECCCC
In retrieve_fc_data_parallel()
Retrieving hr: 48
EXECCCC
In retrieve_fc_data_parallel()
Retrieving hr: 48
In retrieve_fc_data_parallel()
Retrieving hr: 48
EXECCCC
EXECCCC
In retrieve_fc_data_parallel()
Retrieving hr: 48
In retrieve_fc_data_parallel()
Retrieving hr: 48
EXECCCC
EXECCCC
In retrieve_fc_data_parallel()
Retrieving hr: 48
In retrieve_fc_data_parallel()
Retrieving hr: 48
EXECCCC
EXECCCC
In retrieve_fc_data_parallel()
Retrieving hr: 48
EXECCCC
In retrieve_fc_data_parallel()
Retrieving hr: 48
EXECCCC
In retrieve_fc_data_parallel()
Retrieving hr: 48
EXECCCC
In retrieve_fc_data_parallel()
Retrieving hr: 48
EXECCCC
In retrieve_fc_data_parallel()
Retrieving hr: 48
EXECCCC
In retrieve_fc_data_parallel()
Retrieving hr: 72
EXECCCC
In retrieve_fc_data_parallel()
Retrieving hr: 72
EXECCCC
In retrieve_fc_data_parallel()
Retrieving hr: 72
In retrieve_fc_data_parallel()
Retrieving hr: 72
EXECCCC
EXECCCC
In retrieve_fc_data_parallel()
Retrieving hr: 72
EXECCCC
In retrieve_fc_data_parallel()
Retrieving hr: 72
EXECCCC
In retrieve_fc_data_parallel()
Retrieving hr: 72
EXECCCC
In retrieve_fc_data_parallel()
Retrieving hr: 72
EXECCCC
In retrieve_fc_data_parallel()
Retrieving hr: 72
EXECCCC
In retrieve_fc_data_parallel()
Retrieving hr: 72
EXECCCC
In retrieve_fc_data_parallel()
Retrieving hr: 72
EXECCCC
In retrieve_fc_data_parallel()
Retrieving hr: 72
EXECCCC
In retrieve_fc_data_parallel()
Retrieving hr: 72
EXECCCC
In retrieve_fc_data_parallel()
Retrieving hr: 72
EXECCCC
In retrieve_fc_data_parallel()
Retrieving hr: 72
EXECCCC
In retrieve_fc_data_parallel()
Retrieving hr: 72
EXECCCC
In retrieve_fc_data_parallel()
Retrieving hr: 72
EXECCCC
In retrieve_fc_data_parallel()
Retrieving hr: 72
EXECCCC
In retrieve_fc_data_parallel()
Retrieving hr: 96
EXECCCC
In retrieve_fc_data_parallel()
Retrieving hr: 96
EXECCCC
In retrieve_fc_data_parallel()
Retrieving hr: 96
EXECCCC
In retrieve_fc_data_parallel()
Retrieving hr: 96
EXECCCC
In retrieve_fc_data_parallel()
Retrieving hr: 96
EXECCCC
In retrieve_fc_data_parallel()
Retrieving hr: 96
EXECCCC
In retrieve_fc_data_parallel()
Retrieving hr: 96
EXECCCC
In retrieve_fc_data_parallel()
Retrieving hr: 96
EXECCCC
In retrieve_fc_data_parallel()
Retrieving hr: 96
EXECCCC
In retrieve_fc_data_parallel()
Retrieving hr: 96
EXECCCC
In retrieve_fc_data_parallel()
Retrieving hr: 96
EXECCCC
In retrieve_fc_data_parallel()
Retrieving hr: 96
EXECCCC
In retrieve_fc_data_parallel()
Retrieving hr: 96
EXECCCC
In retrieve_fc_data_parallel()
Retrieving hr: 96
EXECCCC
In retrieve_fc_data_parallel()
Retrieving hr: 96
EXECCCC
In retrieve_fc_data_parallel()
Retrieving hr: 96
EXECCCC
In retrieve_fc_data_parallel()
Retrieving hr: 96
EXECCCC
In retrieve_fc_data_parallel()
Retrieving hr: 96
EXECCCC
In retrieve_fc_data_parallel()
Retrieving hr: 120
EXECCCC
In retrieve_fc_data_parallel()
Retrieving hr: 120
EXECCCC
In retrieve_fc_data_parallel()
Retrieving hr: 120
EXECCCC
In retrieve_fc_data_parallel()
Retrieving hr: 120
EXECCCC
In retrieve_fc_data_parallel()
Retrieving hr: 120
EXECCCC
In retrieve_fc_data_parallel()
Retrieving hr: 120
EXECCCC
In retrieve_fc_data_parallel()
Retrieving hr: 120
EXECCCC
In retrieve_fc_data_parallel()
Retrieving hr: 120
EXECCCC
In retrieve_fc_data_parallel()
Retrieving hr: 120
EXECCCC
In retrieve_fc_data_parallel()
Retrieving hr: 120
In retrieve_fc_data_parallel()
Retrieving hr: 120
EXECCCC
EXECCCC
In retrieve_fc_data_parallel()
Retrieving hr: 120
EXECCCC
In retrieve_fc_data_parallel()
Retrieving hr: 120
EXECCCC
In retrieve_fc_data_parallel()
Retrieving hr: 120
EXECCCC
In retrieve_fc_data_parallel()
Retrieving hr: 120
EXECCCC
In retrieve_fc_data_parallel()
Retrieving hr: 120
EXECCCC
In retrieve_fc_data_parallel()
Retrieving hr: 120
EXECCCC
In retrieve_fc_data_parallel()
Retrieving hr: 120
EXECCCC
In retrieve_fc_data_parallel()
Retrieving hr: 144
EXECCCC
In retrieve_fc_data_parallel()
Retrieving hr: 144
EXECCCC
In retrieve_fc_data_parallel()
Retrieving hr: 144
EXECCCC
In retrieve_fc_data_parallel()
Retrieving hr: 144
EXECCCC
In retrieve_fc_data_parallel()
Retrieving hr: 144
EXECCCC
In retrieve_fc_data_parallel()
Retrieving hr: 144
EXECCCC
In retrieve_fc_data_parallel()
Retrieving hr: 144
EXECCCC
In retrieve_fc_data_parallel()
Retrieving hr: 144
EXECCCC
In retrieve_fc_data_parallel()
Retrieving hr: 144
EXECCCC
In retrieve_fc_data_parallel()
Retrieving hr: 144
EXECCCC
In retrieve_fc_data_parallel()
Retrieving hr: 144
EXECCCC
In retrieve_fc_data_parallel()
Retrieving hr: 144
EXECCCC
In retrieve_fc_data_parallel()
Retrieving hr: 144
EXECCCC
In retrieve_fc_data_parallel()
Retrieving hr: 144
EXECCCC
In retrieve_fc_data_parallel()
Retrieving hr: 144
EXECCCC
In retrieve_fc_data_parallel()
Retrieving hr: 144
EXECCCC
In retrieve_fc_data_parallel()
Retrieving hr: 144
EXECCCC
In retrieve_fc_data_parallel()
Retrieving hr: 144
EXECCCC
In retrieve_fc_data_parallel()
Retrieving hr: 168
EXECCCC
In retrieve_fc_data_parallel()
Retrieving hr: 168
EXECCCC
In retrieve_fc_data_parallel()
Retrieving hr: 168
EXECCCC
In retrieve_fc_data_parallel()
Retrieving hr: 168
EXECCCC
In retrieve_fc_data_parallel()
Retrieving hr: 168
EXECCCC
In retrieve_fc_data_parallel()
Retrieving hr: 168
EXECCCC
In retrieve_fc_data_parallel()
Retrieving hr: 168
EXECCCC
In retrieve_fc_data_parallel()
Retrieving hr: 168
EXECCCC
In retrieve_fc_data_parallel()
Retrieving hr: 168
EXECCCC
In retrieve_fc_data_parallel()
Retrieving hr: 168
EXECCCC
In retrieve_fc_data_parallel()
Retrieving hr: 168
EXECCCC
In retrieve_fc_data_parallel()
Retrieving hr: 168
EXECCCC
In retrieve_fc_data_parallel()
Retrieving hr: 168
EXECCCC
In retrieve_fc_data_parallel()
Retrieving hr: 168
EXECCCC
In retrieve_fc_data_parallel()
Retrieving hr: 168
EXECCCC
In retrieve_fc_data_parallel()
Retrieving hr: 168
EXECCCC
In retrieve_fc_data_parallel()
Retrieving hr: 168
EXECCCC
In retrieve_fc_data_parallel()
Retrieving hr: 168
EXECCCC
In retrieve_fc_data_parallel()
Retrieving hr: 0
EXECCCC
In retrieve_fc_data_parallel()
Retrieving hr: 0
EXECCCC
In retrieve_fc_data_parallel()
Retrieving hr: 0
EXECCCC
In retrieve_fc_data_parallel()
Retrieving hr: 0
EXECCCC
In retrieve_fc_data_parallel()
Retrieving hr: 0
EXECCCC
In retrieve_fc_data_parallel()
Retrieving hr: 0
EXECCCC
In retrieve_fc_data_parallel()
Retrieving hr: 0
EXECCCC
In retrieve_fc_data_parallel()
Retrieving hr: 0
EXECCCC
In retrieve_fc_data_parallel()
Retrieving hr: 0
EXECCCC
In retrieve_fc_data_parallel()
Retrieving hr: 0
EXECCCC
In retrieve_fc_data_parallel()
Retrieving hr: 0
EXECCCC
In retrieve_fc_data_parallel()
Retrieving hr: 0
EXECCCC
In retrieve_fc_data_parallel()
Retrieving hr: 0
EXECCCC
In retrieve_fc_data_parallel()
Retrieving hr: 0
EXECCCC
In retrieve_fc_data_parallel()
Retrieving hr: 0
EXECCCC
In retrieve_fc_data_parallel()
Retrieving hr: 0
EXECCCC
In retrieve_fc_data_parallel()
Retrieving hr: 0
EXECCCC
In retrieve_fc_data_parallel()
Retrieving hr: 0
EXECCCC
In retrieve_fc_data_parallel()
Retrieving hr: 24
EXECCCC
In retrieve_fc_data_parallel()
Retrieving hr: 24
EXECCCC
In retrieve_fc_data_parallel()
Retrieving hr: 24
EXECCCC
In retrieve_fc_data_parallel()
Retrieving hr: 24
EXECCCC
In retrieve_fc_data_parallel()
Retrieving hr: 24
EXECCCC
In retrieve_fc_data_parallel()
Retrieving hr: 24
In retrieve_fc_data_parallel()
Retrieving hr: 24
EXECCCC
EXECCCC
In retrieve_fc_data_parallel()
Retrieving hr: 24
EXECCCC
In retrieve_fc_data_parallel()
Retrieving hr: 24
EXECCCC
In retrieve_fc_data_parallel()
Retrieving hr: 24
EXECCCC
In retrieve_fc_data_parallel()
Retrieving hr: 24
EXECCCC
In retrieve_fc_data_parallel()
Retrieving hr: 24
EXECCCC
In retrieve_fc_data_parallel()
Retrieving hr: 24
EXECCCC
In retrieve_fc_data_parallel()
Retrieving hr: 24
EXECCCC
In retrieve_fc_data_parallel()
Retrieving hr: 24
EXECCCC
In retrieve_fc_data_parallel()
Retrieving hr: 24
EXECCCC
In retrieve_fc_data_parallel()
Retrieving hr: 24
EXECCCC
In retrieve_fc_data_parallel()
Retrieving hr: 24
EXECCCC
In retrieve_fc_data_parallel()
Retrieving hr: 48
EXECCCC
In retrieve_fc_data_parallel()
Retrieving hr: 48
EXECCCC
In retrieve_fc_data_parallel()
Retrieving hr: 48
EXECCCC
In retrieve_fc_data_parallel()
Retrieving hr: 48
EXECCCC
In retrieve_fc_data_parallel()
Retrieving hr: 48
EXECCCC
In retrieve_fc_data_parallel()
Retrieving hr: 48
EXECCCC
In retrieve_fc_data_parallel()
Retrieving hr: 48
EXECCCC
In retrieve_fc_data_parallel()
Retrieving hr: 48
EXECCCC
In retrieve_fc_data_parallel()
Retrieving hr: 48
EXECCCC
In retrieve_fc_data_parallel()
Retrieving hr: 48
EXECCCC
In retrieve_fc_data_parallel()
Retrieving hr: 48
EXECCCC
In retrieve_fc_data_parallel()
Retrieving hr: 48
EXECCCC
In retrieve_fc_data_parallel()
Retrieving hr: 48
EXECCCC
In retrieve_fc_data_parallel()
Retrieving hr: 48
EXECCCC
In retrieve_fc_data_parallel()
Retrieving hr: 48
EXECCCC
In retrieve_fc_data_parallel()
Retrieving hr: 48
EXECCCC
In retrieve_fc_data_parallel()
Retrieving hr: 48
EXECCCC
In retrieve_fc_data_parallel()
Retrieving hr: 48
EXECCCC
In retrieve_fc_data_parallel()
Retrieving hr: 72
EXECCCC
In retrieve_fc_data_parallel()
Retrieving hr: 72
EXECCCC
In retrieve_fc_data_parallel()
Retrieving hr: 72
EXECCCC
In retrieve_fc_data_parallel()
Retrieving hr: 72
EXECCCC
In retrieve_fc_data_parallel()
Retrieving hr: 72
EXECCCC
In retrieve_fc_data_parallel()
Retrieving hr: 72
EXECCCC
In retrieve_fc_data_parallel()
Retrieving hr: 72
EXECCCC
In retrieve_fc_data_parallel()
Retrieving hr: 72
EXECCCC
In retrieve_fc_data_parallel()
Retrieving hr: 72
EXECCCC
In retrieve_fc_data_parallel()
Retrieving hr: 72
EXECCCC
In retrieve_fc_data_parallel()
Retrieving hr: 72
EXECCCC
In retrieve_fc_data_parallel()
Retrieving hr: 72
EXECCCC
In retrieve_fc_data_parallel()
Retrieving hr: 72
EXECCCC
In retrieve_fc_data_parallel()
Retrieving hr: 72
EXECCCC
In retrieve_fc_data_parallel()
Retrieving hr: 72
EXECCCC
In retrieve_fc_data_parallel()
Retrieving hr: 72
EXECCCC
In retrieve_fc_data_parallel()
Retrieving hr: 72
EXECCCC
In retrieve_fc_data_parallel()
Retrieving hr: 72
EXECCCC
In retrieve_fc_data_parallel()
Retrieving hr: 96
EXECCCC
In retrieve_fc_data_parallel()
Retrieving hr: 96
EXECCCC
In retrieve_fc_data_parallel()
Retrieving hr: 96
EXECCCC
In retrieve_fc_data_parallel()
Retrieving hr: 96
EXECCCC
In retrieve_fc_data_parallel()
Retrieving hr: 96
EXECCCC
In retrieve_fc_data_parallel()
Retrieving hr: 96
EXECCCC
In retrieve_fc_data_parallel()
Retrieving hr: 96
EXECCCC
In retrieve_fc_data_parallel()
Retrieving hr: 96
EXECCCC
In retrieve_fc_data_parallel()
Retrieving hr: 96
EXECCCC
In retrieve_fc_data_parallel()
Retrieving hr: 96
EXECCCC
In retrieve_fc_data_parallel()
Retrieving hr: 96
EXECCCC
In retrieve_fc_data_parallel()
Retrieving hr: 96
EXECCCC
In retrieve_fc_data_parallel()
Retrieving hr: 96
EXECCCC
In retrieve_fc_data_parallel()
Retrieving hr: 96
EXECCCC
In retrieve_fc_data_parallel()
Retrieving hr: 96
EXECCCC
In retrieve_fc_data_parallel()
Retrieving hr: 96
EXECCCC
In retrieve_fc_data_parallel()
Retrieving hr: 96
EXECCCC
In retrieve_fc_data_parallel()
Retrieving hr: 96
EXECCCC
In retrieve_fc_data_parallel()
Retrieving hr: 120
EXECCCC
In retrieve_fc_data_parallel()
Retrieving hr: 120
EXECCCC
In retrieve_fc_data_parallel()
Retrieving hr: 120
EXECCCC
In retrieve_fc_data_parallel()
Retrieving hr: 120
EXECCCC
In retrieve_fc_data_parallel()
Retrieving hr: 120
EXECCCC
In retrieve_fc_data_parallel()
Retrieving hr: 120
EXECCCC
In retrieve_fc_data_parallel()
Retrieving hr: 120
EXECCCC
In retrieve_fc_data_parallel()
Retrieving hr: 120
EXECCCC
In retrieve_fc_data_parallel()
Retrieving hr: 120
EXECCCC
In retrieve_fc_data_parallel()
Retrieving hr: 120
EXECCCC
In retrieve_fc_data_parallel()
Retrieving hr: 120
EXECCCC
In retrieve_fc_data_parallel()
Retrieving hr: 120
EXECCCC
In retrieve_fc_data_parallel()
Retrieving hr: 120
EXECCCC
In retrieve_fc_data_parallel()
Retrieving hr: 120
EXECCCC
In retrieve_fc_data_parallel()
Retrieving hr: 120
EXECCCC
In retrieve_fc_data_parallel()
Retrieving hr: 120
EXECCCC
In retrieve_fc_data_parallel()
Retrieving hr: 120
EXECCCC
In retrieve_fc_data_parallel()
Retrieving hr: 120
EXECCCC
In retrieve_fc_data_parallel()
Retrieving hr: 144
EXECCCC
In retrieve_fc_data_parallel()
Retrieving hr: 144
EXECCCC
In retrieve_fc_data_parallel()
Retrieving hr: 144
EXECCCC
In retrieve_fc_data_parallel()
Retrieving hr: 144
In retrieve_fc_data_parallel()
Retrieving hr: 144
EXECCCC
EXECCCC
In retrieve_fc_data_parallel()
Retrieving hr: 144
EXECCCC
In retrieve_fc_data_parallel()
Retrieving hr: 144
EXECCCC
In retrieve_fc_data_parallel()
Retrieving hr: 144
EXECCCC
In retrieve_fc_data_parallel()
Retrieving hr: 144
EXECCCC
In retrieve_fc_data_parallel()
Retrieving hr: 144
In retrieve_fc_data_parallel()
Retrieving hr: 144
EXECCCC
EXECCCC
In retrieve_fc_data_parallel()
Retrieving hr: 144
EXECCCC
In retrieve_fc_data_parallel()
Retrieving hr: 144
EXECCCC
In retrieve_fc_data_parallel()
Retrieving hr: 144
EXECCCC
In retrieve_fc_data_parallel()
Retrieving hr: 144
EXECCCC
In retrieve_fc_data_parallel()
Retrieving hr: 144
EXECCCC
In retrieve_fc_data_parallel()
Retrieving hr: 144
EXECCCC
In retrieve_fc_data_parallel()
Retrieving hr: 144
EXECCCC
In retrieve_fc_data_parallel()
Retrieving hr: 168
EXECCCC
In retrieve_fc_data_parallel()
Retrieving hr: 168
EXECCCC
In retrieve_fc_data_parallel()
Retrieving hr: 168
EXECCCC
In retrieve_fc_data_parallel()
Retrieving hr: 168
EXECCCC
In retrieve_fc_data_parallel()
Retrieving hr: 168
EXECCCC
In retrieve_fc_data_parallel()
Retrieving hr: 168
EXECCCC
In retrieve_fc_data_parallel()
Retrieving hr: 168
EXECCCC
In retrieve_fc_data_parallel()
Retrieving hr: 168
EXECCCC
In retrieve_fc_data_parallel()
Retrieving hr: 168
EXECCCC
In retrieve_fc_data_parallel()
Retrieving hr: 168
EXECCCC
In retrieve_fc_data_parallel()
Retrieving hr: 168
EXECCCC
In retrieve_fc_data_parallel()
Retrieving hr: 168
EXECCCC
In retrieve_fc_data_parallel()
Retrieving hr: 168
EXECCCC
In retrieve_fc_data_parallel()
Retrieving hr: 168
EXECCCC
In retrieve_fc_data_parallel()
Retrieving hr: 168
EXECCCC
In retrieve_fc_data_parallel()
Retrieving hr: 168
EXECCCC
In retrieve_fc_data_parallel()
Retrieving hr: 168
EXECCCC
In retrieve_fc_data_parallel()
Retrieving hr: 168
EXECCCC
True
Progress: [0.00%]Progress: [2.78%]Progress: [5.56%]Progress: [8.33%]Progress: [11.11%]Progress: [13.89%]Progress: [16.67%]Progress: [19.44%]Progress: [22.22%]Progress: [25.00%]Progress: [27.78%]Progress: [30.56%]Progress: [33.33%]Progress: [36.11%]Progress: [38.89%]Progress: [41.67%]Progress: [44.44%]Progress: [47.22%]Progress: [50.00%]Progress: [52.78%]Progress: [55.56%]Progress: [58.33%]Progress: [61.11%]Progress: [63.89%]Progress: [66.67%]Progress: [69.44%]Progress: [72.22%]Progress: [75.00%]Progress: [77.78%]Progress: [80.56%]Progress: [83.33%]Progress: [86.11%]Progress: [88.89%]Progress: [91.67%]Progress: [94.44%]Progress: [97.22%]precipitation_amount / (kg m-2)     (realization: 36; forecast_period: 8; latitude: 186; longitude: 214)
    Dimension coordinates:
        realization                             x                    -            -               -
        forecast_period                         -                    x            -               -
        latitude                                -                    -            x               -
        longitude                               -                    -            -               x
    Cell methods:
        0                           time: mean (interval: 1 hour)
    Attributes:
        STASH                       m01s05i226
        source                      'Data from Met Office Unified Model'
        um_version                  '13.1'
Written /data/scratch/prince.xavier/SALMON/processed_SEA_data/mogreps/coldsurge/precip/precip_ColdSurge_24h_allMember_20250502.nc
Progress: [0.00%]Progress: [2.78%]Progress: [5.56%]Progress: [8.33%]Progress: [11.11%]Progress: [13.89%]Progress: [16.67%]Progress: [19.44%]Progress: [22.22%]Progress: [25.00%]Progress: [27.78%]Progress: [30.56%]Progress: [33.33%]Progress: [36.11%]Progress: [38.89%]Progress: [41.67%]Progress: [44.44%]Progress: [47.22%]Progress: [50.00%]Progress: [52.78%]Progress: [55.56%]Progress: [58.33%]Progress: [61.11%]Progress: [63.89%]Progress: [66.67%]Progress: [69.44%]Progress: [72.22%]Progress: [75.00%]Progress: [77.78%]Progress: [80.56%]Progress: [83.33%]Progress: [86.11%]Progress: [88.89%]Progress: [91.67%]Progress: [94.44%]Progress: [97.22%]x_wind / (m s-1)                    (realization: 36; -- : 8; latitude: 187; longitude: 213)
    Dimension coordinates:
        realization                             x        -            -               -
        latitude                                -        -            x               -
        longitude                               -        -            -               x
    Auxiliary coordinates:
        forecast_period                         -        x            -               -
    Scalar coordinates:
        pressure                    850.0 hPa
    Attributes:
        STASH                       m01s15i201
        source                      'Data from Met Office Unified Model'
        um_version                  '13.1'
Written /data/scratch/prince.xavier/SALMON/processed_SEA_data/mogreps/coldsurge/u850/u850_ColdSurge_24h_allMember_20250502.nc
Progress: [0.00%]Progress: [2.78%]Progress: [5.56%]Progress: [8.33%]Progress: [11.11%]Progress: [13.89%]Progress: [16.67%]Progress: [19.44%]Progress: [22.22%]Progress: [25.00%]Progress: [27.78%]Progress: [30.56%]Progress: [33.33%]Progress: [36.11%]Progress: [38.89%]Progress: [41.67%]Progress: [44.44%]Progress: [47.22%]Progress: [50.00%]Progress: [52.78%]Progress: [55.56%]Progress: [58.33%]Progress: [61.11%]Progress: [63.89%]Progress: [66.67%]Progress: [69.44%]Progress: [72.22%]Progress: [75.00%]Progress: [77.78%]Progress: [80.56%]Progress: [83.33%]Progress: [86.11%]Progress: [88.89%]Progress: [91.67%]Progress: [94.44%]Progress: [97.22%]y_wind / (m s-1)                    (realization: 36; -- : 8; latitude: 187; longitude: 213)
    Dimension coordinates:
        realization                             x        -            -               -
        latitude                                -        -            x               -
        longitude                               -        -            -               x
    Auxiliary coordinates:
        forecast_period                         -        x            -               -
    Scalar coordinates:
        pressure                    850.0 hPa
    Attributes:
        STASH                       m01s15i202
        source                      'Data from Met Office Unified Model'
        um_version                  '13.1'
Written /data/scratch/prince.xavier/SALMON/processed_SEA_data/mogreps/coldsurge/v850/v850_ColdSurge_24h_allMember_20250502.nc
[0.0, 0.0, 0.0, 0.0, 0.0, 0.0, 0.0, 0.0] [0.0, 0.0, 0.0, 0.0, 0.0, 0.0, 0.0, 0.0]
[0.0, 0.0, 0.0, 0.0, 0.0, 0.0, 0.0, 0.0] [0.0, 0.0, 0.0, 0.0, 0.0, 0.0, 0.0, 0.0]
500 517
Plotted /data/users/prince.xavier/SALMON/processed_SEA_data/mogreps/coldsurge/plot_ens/20250502/Cold_surge_EnsMean_20250502_T0h.html
Plotted /data/users/prince.xavier/SALMON/processed_SEA_data/mogreps/coldsurge/plot_ens/20250502/Cold_surge_EnsMean_20250502_T24h.html
Plotted /data/users/prince.xavier/SALMON/processed_SEA_data/mogreps/coldsurge/plot_ens/20250502/Cold_surge_EnsMean_20250502_T48h.html
Plotted /data/users/prince.xavier/SALMON/processed_SEA_data/mogreps/coldsurge/plot_ens/20250502/Cold_surge_EnsMean_20250502_T72h.html
Plotted /data/users/prince.xavier/SALMON/processed_SEA_data/mogreps/coldsurge/plot_ens/20250502/Cold_surge_EnsMean_20250502_T96h.html
Plotted /data/users/prince.xavier/SALMON/processed_SEA_data/mogreps/coldsurge/plot_ens/20250502/Cold_surge_EnsMean_20250502_T120h.html
Plotted /data/users/prince.xavier/SALMON/processed_SEA_data/mogreps/coldsurge/plot_ens/20250502/Cold_surge_EnsMean_20250502_T144h.html
Plotted /data/users/prince.xavier/SALMON/processed_SEA_data/mogreps/coldsurge/plot_ens/20250502/Cold_surge_EnsMean_20250502_T168h.html
The /data/users/prince.xavier/SALMON/processed_SEA_data/mogreps/coldsurge/plot_ens/mogreps_ensmean_plot_dates.json file has been updated. New date added: 20250502
[0.0, 0.0, 0.0, 0.0, 0.0, 0.0, 0.0, 0.0] [0.0, 0.0, 0.0, 0.0, 0.0, 0.0, 0.0, 0.0]
[0.0, 0.0, 0.0, 0.0, 0.0, 0.0, 0.0, 0.0] [0.0, 0.0, 0.0, 0.0, 0.0, 0.0, 0.0, 0.0]
500 517
Plotted /data/users/prince.xavier/SALMON/processed_SEA_data/mogreps/coldsurge/plot_ens/20250502/Cold_surge_ProbMaps_20250502_T0h_Pr10.html
Plotted /data/users/prince.xavier/SALMON/processed_SEA_data/mogreps/coldsurge/plot_ens/20250502/Cold_surge_ProbMaps_20250502_T24h_Pr10.html
Plotted /data/users/prince.xavier/SALMON/processed_SEA_data/mogreps/coldsurge/plot_ens/20250502/Cold_surge_ProbMaps_20250502_T48h_Pr10.html
Plotted /data/users/prince.xavier/SALMON/processed_SEA_data/mogreps/coldsurge/plot_ens/20250502/Cold_surge_ProbMaps_20250502_T72h_Pr10.html
Plotted /data/users/prince.xavier/SALMON/processed_SEA_data/mogreps/coldsurge/plot_ens/20250502/Cold_surge_ProbMaps_20250502_T96h_Pr10.html
Plotted /data/users/prince.xavier/SALMON/processed_SEA_data/mogreps/coldsurge/plot_ens/20250502/Cold_surge_ProbMaps_20250502_T120h_Pr10.html
Plotted /data/users/prince.xavier/SALMON/processed_SEA_data/mogreps/coldsurge/plot_ens/20250502/Cold_surge_ProbMaps_20250502_T144h_Pr10.html
Plotted /data/users/prince.xavier/SALMON/processed_SEA_data/mogreps/coldsurge/plot_ens/20250502/Cold_surge_ProbMaps_20250502_T168h_Pr10.html
The /data/users/prince.xavier/SALMON/processed_SEA_data/mogreps/coldsurge/plot_ens/mogreps_ProbMaps_plot_dates.json file has been updated. New date added: 20250502
Plotted /data/users/prince.xavier/SALMON/processed_SEA_data/mogreps/coldsurge/plot_ens/20250502/Cold_surge_ProbMaps_20250502_T0h_Pr20.html
Plotted /data/users/prince.xavier/SALMON/processed_SEA_data/mogreps/coldsurge/plot_ens/20250502/Cold_surge_ProbMaps_20250502_T24h_Pr20.html
Plotted /data/users/prince.xavier/SALMON/processed_SEA_data/mogreps/coldsurge/plot_ens/20250502/Cold_surge_ProbMaps_20250502_T48h_Pr20.html
Plotted /data/users/prince.xavier/SALMON/processed_SEA_data/mogreps/coldsurge/plot_ens/20250502/Cold_surge_ProbMaps_20250502_T72h_Pr20.html
Plotted /data/users/prince.xavier/SALMON/processed_SEA_data/mogreps/coldsurge/plot_ens/20250502/Cold_surge_ProbMaps_20250502_T96h_Pr20.html
Plotted /data/users/prince.xavier/SALMON/processed_SEA_data/mogreps/coldsurge/plot_ens/20250502/Cold_surge_ProbMaps_20250502_T120h_Pr20.html
Plotted /data/users/prince.xavier/SALMON/processed_SEA_data/mogreps/coldsurge/plot_ens/20250502/Cold_surge_ProbMaps_20250502_T144h_Pr20.html
Plotted /data/users/prince.xavier/SALMON/processed_SEA_data/mogreps/coldsurge/plot_ens/20250502/Cold_surge_ProbMaps_20250502_T168h_Pr20.html
The /data/users/prince.xavier/SALMON/processed_SEA_data/mogreps/coldsurge/plot_ens/mogreps_ProbMaps_plot_dates.json file has been updated. New date added: 20250502
Plotted /data/users/prince.xavier/SALMON/processed_SEA_data/mogreps/coldsurge/plot_ens/20250502/Cold_surge_ProbMaps_20250502_T0h_Pr30.html
Plotted /data/users/prince.xavier/SALMON/processed_SEA_data/mogreps/coldsurge/plot_ens/20250502/Cold_surge_ProbMaps_20250502_T24h_Pr30.html
Plotted /data/users/prince.xavier/SALMON/processed_SEA_data/mogreps/coldsurge/plot_ens/20250502/Cold_surge_ProbMaps_20250502_T48h_Pr30.html
Plotted /data/users/prince.xavier/SALMON/processed_SEA_data/mogreps/coldsurge/plot_ens/20250502/Cold_surge_ProbMaps_20250502_T72h_Pr30.html
Plotted /data/users/prince.xavier/SALMON/processed_SEA_data/mogreps/coldsurge/plot_ens/20250502/Cold_surge_ProbMaps_20250502_T96h_Pr30.html
Plotted /data/users/prince.xavier/SALMON/processed_SEA_data/mogreps/coldsurge/plot_ens/20250502/Cold_surge_ProbMaps_20250502_T120h_Pr30.html
Plotted /data/users/prince.xavier/SALMON/processed_SEA_data/mogreps/coldsurge/plot_ens/20250502/Cold_surge_ProbMaps_20250502_T144h_Pr30.html
Plotted /data/users/prince.xavier/SALMON/processed_SEA_data/mogreps/coldsurge/plot_ens/20250502/Cold_surge_ProbMaps_20250502_T168h_Pr30.html
The /data/users/prince.xavier/SALMON/processed_SEA_data/mogreps/coldsurge/plot_ens/mogreps_ProbMaps_plot_dates.json file has been updated. New date added: 20250502
