### select, command-id=2014407347, estimated-cost=44656400byte(s), files=1, media=0
### select, command-id=2014407350, estimated-cost=44582960byte(s), files=1, media=0
### select, command-id=2014407354, estimated-cost=12799152byte(s), files=1, media=0
### select, command-id=2014407357, estimated-cost=12832912byte(s), files=1, media=0
### select, command-id=2014407353, estimated-cost=12833872byte(s), files=1, media=0
### select, command-id=2014407360, estimated-cost=12825872byte(s), files=1, media=0
### select, command-id=2014407359, estimated-cost=44579600byte(s), files=1, media=0
### select, command-id=2014407356, estimated-cost=12834512byte(s), files=1, media=0
### select, command-id=2014407361, estimated-cost=12824112byte(s), files=1, media=0
### select, command-id=2014407365, estimated-cost=44614960byte(s), files=1, media=0
### select, command-id=2014407366, estimated-cost=44613200byte(s), files=1, media=0
### select, command-id=2014407362, estimated-cost=12822672byte(s), files=1, media=0
### select, command-id=2014407367, estimated-cost=12828592byte(s), files=1, media=0
### select, command-id=2014407363, estimated-cost=44525680byte(s), files=1, media=0
### select, command-id=2014407370, estimated-cost=44610640byte(s), files=1, media=0
### select, command-id=2014407368, estimated-cost=12832112byte(s), files=1, media=0
### select, command-id=2014407372, estimated-cost=12828592byte(s), files=1, media=0
### select, command-id=2014407374, estimated-cost=12821392byte(s), files=1, media=0
### select, command-id=2014407376, estimated-cost=44638320byte(s), files=1, media=0
### select, command-id=2014407377, estimated-cost=44599920byte(s), files=1, media=0
### select, command-id=2014407379, estimated-cost=12830032byte(s), files=1, media=0
### select, command-id=2014407381, estimated-cost=12822832byte(s), files=1, media=0
### select, command-id=2014407383, estimated-cost=44597360byte(s), files=1, media=0
### select, command-id=2014407384, estimated-cost=12831312byte(s), files=1, media=0
### select, command-id=2014407386, estimated-cost=12830992byte(s), files=1, media=0
### select, command-id=2014407392, estimated-cost=12836432byte(s), files=1, media=0
### select, command-id=2014407393, estimated-cost=44668560byte(s), files=1, media=0
### select, command-id=2014407394, estimated-cost=12821232byte(s), files=1, media=0
### select, command-id=2014407396, estimated-cost=44614320byte(s), files=1, media=0
### select, command-id=2014407397, estimated-cost=44630320byte(s), files=1, media=0
### select, command-id=2014407398, estimated-cost=44620080byte(s), files=1, media=0
### select, command-id=2014407399, estimated-cost=12819152byte(s), files=1, media=0
### select, command-id=2014407412, estimated-cost=44610800byte(s), files=1, media=0
### select, command-id=2014407422, estimated-cost=44631440byte(s), files=1, media=0
### select, command-id=2014407426, estimated-cost=44586640byte(s), files=1, media=0
### select, command-id=2014407429, estimated-cost=44624240byte(s), files=1, media=0
### select, command-id=2014407432, estimated-cost=44662480byte(s), files=1, media=0
### select, command-id=2014407433, estimated-cost=44700880byte(s), files=1, media=0
### select, command-id=2014407434, estimated-cost=44680880byte(s), files=1, media=0
### select, command-id=2014407436, estimated-cost=44689680byte(s), files=1, media=0
### select, command-id=2014407439, estimated-cost=44686000byte(s), files=1, media=0
### select, command-id=2014407437, estimated-cost=44563600byte(s), files=1, media=0
### select, command-id=2014407442, estimated-cost=44712400byte(s), files=1, media=0
### select, command-id=2014407445, estimated-cost=44635920byte(s), files=1, media=0
### select, command-id=2014407444, estimated-cost=44688400byte(s), files=1, media=0
### select, command-id=2014407448, estimated-cost=44663120byte(s), files=1, media=0
### select, command-id=2014407451, estimated-cost=44659120byte(s), files=1, media=0
### select, command-id=2014407450, estimated-cost=44712400byte(s), files=1, media=0
### select, command-id=2014407452, estimated-cost=44665360byte(s), files=1, media=0
### select, command-id=2014407453, estimated-cost=44723600byte(s), files=1, media=0
### select, command-id=2014407454, estimated-cost=44709680byte(s), files=1, media=0
### select, command-id=2014407456, estimated-cost=28920240byte(s), files=1, media=0
### select, command-id=2014407459, estimated-cost=28929200byte(s), files=1, media=0
### select, command-id=2014407460, estimated-cost=28912880byte(s), files=1, media=0
### select, command-id=2014407463, estimated-cost=28899920byte(s), files=1, media=0
### select, command-id=2014407465, estimated-cost=44665200byte(s), files=1, media=0
### select, command-id=2014407466, estimated-cost=44667760byte(s), files=1, media=0
### select, command-id=2014407467, estimated-cost=28889200byte(s), files=1, media=0
### select, command-id=2014407469, estimated-cost=44709520byte(s), files=1, media=0
### select, command-id=2014407468, estimated-cost=28919920byte(s), files=1, media=0
### select, command-id=2014407470, estimated-cost=28971440byte(s), files=1, media=0
### select, command-id=2014407471, estimated-cost=28859600byte(s), files=1, media=0
### select, command-id=2014407472, estimated-cost=28891600byte(s), files=1, media=0
### select, command-id=2014407474, estimated-cost=28895920byte(s), files=1, media=0
### select, command-id=2014407477, estimated-cost=28909680byte(s), files=1, media=0
### select, command-id=2014407478, estimated-cost=28936240byte(s), files=1, media=0
### select, command-id=2014407487, estimated-cost=28907920byte(s), files=1, media=0
### select, command-id=2014407498, estimated-cost=28942320byte(s), files=1, media=0
### select, command-id=2014407505, estimated-cost=28915280byte(s), files=1, media=0
### select, command-id=2014407506, estimated-cost=28886800byte(s), files=1, media=0
### select, command-id=2014407509, estimated-cost=28924720byte(s), files=1, media=0
### select, command-id=2014407511, estimated-cost=28907280byte(s), files=1, media=0
### select, command-id=2014407516, estimated-cost=28919600byte(s), files=1, media=0
### select, command-id=2014407518, estimated-cost=28963120byte(s), files=1, media=0
### select, command-id=2014407522, estimated-cost=28976560byte(s), files=1, media=0
### select, command-id=2014407524, estimated-cost=28959440byte(s), files=1, media=0
### select, command-id=2014407521, estimated-cost=28984560byte(s), files=1, media=0
### select, command-id=2014407530, estimated-cost=29014960byte(s), files=1, media=0
### select, command-id=2014407539, estimated-cost=28994000byte(s), files=1, media=0
### select, command-id=2014407541, estimated-cost=28930160byte(s), files=1, media=0
### select, command-id=2014407537, estimated-cost=28986800byte(s), files=1, media=0
### select, command-id=2014407551, estimated-cost=28967760byte(s), files=1, media=0
### select, command-id=2014407553, estimated-cost=29023440byte(s), files=1, media=0
### select, command-id=2014407557, estimated-cost=29000560byte(s), files=1, media=0
### select, command-id=2014407558, estimated-cost=28917040byte(s), files=1, media=0
### select, command-id=2014407559, estimated-cost=28886480byte(s), files=1, media=0
### select, command-id=2014407560, estimated-cost=28996560byte(s), files=1, media=0
### select, command-id=2014407564, estimated-cost=28922000byte(s), files=1, media=0
### select, command-id=2014407562, estimated-cost=29010000byte(s), files=1, media=0
### select, command-id=2014407563, estimated-cost=29027280byte(s), files=1, media=0
### select, command-id=2014407570, estimated-cost=29009520byte(s), files=1, media=0
### select, command-id=2014407571, estimated-cost=28983920byte(s), files=1, media=0
### select, command-id=2014407569, estimated-cost=29013040byte(s), files=1, media=0
### select, command-id=2014407567, estimated-cost=28954800byte(s), files=1, media=0
### select, command-id=2014407575, estimated-cost=28966160byte(s), files=1, media=0
### select, command-id=2014407573, estimated-cost=29061040byte(s), files=1, media=0
### select, command-id=2014407576, estimated-cost=28975600byte(s), files=1, media=0
### select, command-id=2014407577, estimated-cost=29015600byte(s), files=1, media=0
### select, command-id=2014407579, estimated-cost=29015920byte(s), files=1, media=0
### select, command-id=2014407578, estimated-cost=28957840byte(s), files=1, media=0
### select, command-id=2014407581, estimated-cost=28955600byte(s), files=1, media=0
### select, command-id=2014407582, estimated-cost=29000880byte(s), files=1, media=0
### select, command-id=2014407590, estimated-cost=29017200byte(s), files=1, media=0
### select, command-id=2014407591, estimated-cost=28949360byte(s), files=1, media=0
### select, command-id=2014407592, estimated-cost=29055600byte(s), files=1, media=0
### select, command-id=2014407594, estimated-cost=28950000byte(s), files=1, media=0
### select, command-id=2014407596, estimated-cost=29000240byte(s), files=1, media=0
### select, command-id=2014407598, estimated-cost=24816944byte(s), files=1, media=0
### select, command-id=2014407600, estimated-cost=28967600byte(s), files=1, media=0
### select, command-id=2014407601, estimated-cost=24837264byte(s), files=1, media=0
### select, command-id=2014407602, estimated-cost=24826704byte(s), files=1, media=0
### select, command-id=2014407608, estimated-cost=24806864byte(s), files=1, media=0
### select, command-id=2014407612, estimated-cost=24819504byte(s), files=1, media=0
### select, command-id=2014407614, estimated-cost=24871664byte(s), files=1, media=0
### select, command-id=2014407615, estimated-cost=24799664byte(s), files=1, media=0
### select, command-id=2014407621, estimated-cost=24824304byte(s), files=1, media=0
### select, command-id=2014407625, estimated-cost=24837104byte(s), files=1, media=0
### select, command-id=2014407629, estimated-cost=24867984byte(s), files=1, media=0
### select, command-id=2014407634, estimated-cost=24844944byte(s), files=1, media=0
### select, command-id=2014407633, estimated-cost=24776624byte(s), files=1, media=0
### select, command-id=2014407637, estimated-cost=24856304byte(s), files=1, media=0
### select, command-id=2014407636, estimated-cost=24814864byte(s), files=1, media=0
### select, command-id=2014407641, estimated-cost=24813904byte(s), files=1, media=0
### select, command-id=2014407645, estimated-cost=24780784byte(s), files=1, media=0
### select, command-id=2014407652, estimated-cost=24764304byte(s), files=1, media=0
### select, command-id=2014407651, estimated-cost=24841744byte(s), files=1, media=0
### select, command-id=2014407662, estimated-cost=24783344byte(s), files=1, media=0
### select, command-id=2014407659, estimated-cost=24806704byte(s), files=1, media=0
### select, command-id=2014407664, estimated-cost=24805424byte(s), files=1, media=0
### select, command-id=2014407666, estimated-cost=24771504byte(s), files=1, media=0
### select, command-id=2014407668, estimated-cost=24779184byte(s), files=1, media=0
### select, command-id=2014407676, estimated-cost=24803344byte(s), files=1, media=0
### select, command-id=2014407675, estimated-cost=24780304byte(s), files=1, media=0
### select, command-id=2014407674, estimated-cost=24821264byte(s), files=1, media=0
### select, command-id=2014407680, estimated-cost=24819344byte(s), files=1, media=0
### select, command-id=2014407679, estimated-cost=24767344byte(s), files=1, media=0
### select, command-id=2014407682, estimated-cost=24792784byte(s), files=1, media=0
### select, command-id=2014407685, estimated-cost=24787664byte(s), files=1, media=0
### select, command-id=2014407688, estimated-cost=24819824byte(s), files=1, media=0
### select, command-id=2014407691, estimated-cost=24800944byte(s), files=1, media=0
### select, command-id=2014407693, estimated-cost=12786352byte(s), files=1, media=0
### select, command-id=2014407696, estimated-cost=24783344byte(s), files=1, media=0
### select, command-id=2014407697, estimated-cost=24795344byte(s), files=1, media=0
### select, command-id=2014407699, estimated-cost=24744144byte(s), files=1, media=0
### select, command-id=2014407706, estimated-cost=12808432byte(s), files=1, media=0
### select, command-id=2014407703, estimated-cost=24792624byte(s), files=1, media=0
### select, command-id=2014407709, estimated-cost=12798352byte(s), files=1, media=0
### select, command-id=2014407711, estimated-cost=12790832byte(s), files=1, media=0
### select, command-id=2014407714, estimated-cost=12781872byte(s), files=1, media=0
### select, command-id=2014407715, estimated-cost=12792112byte(s), files=1, media=0
### select, command-id=2014407720, estimated-cost=12787152byte(s), files=1, media=0
### select, command-id=2014407727, estimated-cost=12790192byte(s), files=1, media=0
### select, command-id=2014407728, estimated-cost=12799472byte(s), files=1, media=0
### select, command-id=2014407731, estimated-cost=12796912byte(s), files=1, media=0
### select, command-id=2014407730, estimated-cost=12801072byte(s), files=1, media=0
### select, command-id=2014407735, estimated-cost=12794672byte(s), files=1, media=0
### select, command-id=2014407737, estimated-cost=12797392byte(s), files=1, media=0
### select, command-id=2014407740, estimated-cost=12805392byte(s), files=1, media=0
### select, command-id=2014407744, estimated-cost=44587760byte(s), files=1, media=0
### select, command-id=2014407751, estimated-cost=12783312byte(s), files=1, media=0
### select, command-id=2014407749, estimated-cost=12790512byte(s), files=1, media=0
### select, command-id=2014407748, estimated-cost=12801712byte(s), files=1, media=0
### select, command-id=2014407754, estimated-cost=12757072byte(s), files=1, media=0
### select, command-id=2014407759, estimated-cost=44601680byte(s), files=1, media=0
### select, command-id=2014407763, estimated-cost=44608240byte(s), files=1, media=0
### select, command-id=2014407764, estimated-cost=44649040byte(s), files=1, media=0
### select, command-id=2014407769, estimated-cost=44616560byte(s), files=1, media=0
### select, command-id=2014407770, estimated-cost=44629200byte(s), files=1, media=0
### select, command-id=2014407773, estimated-cost=44604880byte(s), files=1, media=0
### select, command-id=2014407772, estimated-cost=44660720byte(s), files=1, media=0
### select, command-id=2014407776, estimated-cost=44654800byte(s), files=1, media=0
### select, command-id=2014407777, estimated-cost=44580400byte(s), files=1, media=0
### select, command-id=2014407778, estimated-cost=44612560byte(s), files=1, media=0
### select, command-id=2014407784, estimated-cost=44620560byte(s), files=1, media=0
### select, command-id=2014407785, estimated-cost=44631120byte(s), files=1, media=0
### select, command-id=2014407788, estimated-cost=44564560byte(s), files=1, media=0
### select, command-id=2014407786, estimated-cost=44574320byte(s), files=1, media=0
### select, command-id=2014407790, estimated-cost=44551600byte(s), files=1, media=0
### select, command-id=2014407795, estimated-cost=44644080byte(s), files=1, media=0
### select, command-id=2014407794, estimated-cost=44654640byte(s), files=1, media=0
### select, command-id=2014407801, estimated-cost=44702640byte(s), files=1, media=0
### select, command-id=2014407803, estimated-cost=44651600byte(s), files=1, media=0
### select, command-id=2014407802, estimated-cost=44505040byte(s), files=1, media=0
### select, command-id=2014407805, estimated-cost=44642160byte(s), files=1, media=0
### select, command-id=2014407807, estimated-cost=44648240byte(s), files=1, media=0
### select, command-id=2014407809, estimated-cost=44730640byte(s), files=1, media=0
### select, command-id=2014407813, estimated-cost=44709040byte(s), files=1, media=0
### select, command-id=2014407816, estimated-cost=44664880byte(s), files=1, media=0
### select, command-id=2014407818, estimated-cost=44683440byte(s), files=1, media=0
### select, command-id=2014407817, estimated-cost=44643440byte(s), files=1, media=0
### select, command-id=2014407820, estimated-cost=44703920byte(s), files=1, media=0
### select, command-id=2014407821, estimated-cost=44651440byte(s), files=1, media=0
### select, command-id=2014407823, estimated-cost=44692720byte(s), files=1, media=0
### select, command-id=2014407825, estimated-cost=44716880byte(s), files=1, media=0
### select, command-id=2014407826, estimated-cost=44633200byte(s), files=1, media=0
### select, command-id=2014407829, estimated-cost=44672720byte(s), files=1, media=0
### select, command-id=2014407830, estimated-cost=44695440byte(s), files=1, media=0
### select, command-id=2014407834, estimated-cost=44528560byte(s), files=1, media=0
### select, command-id=2014407836, estimated-cost=28953360byte(s), files=1, media=0
### select, command-id=2014407842, estimated-cost=28918800byte(s), files=1, media=0
### select, command-id=2014407847, estimated-cost=28945840byte(s), files=1, media=0
### select, command-id=2014407849, estimated-cost=28937520byte(s), files=1, media=0
### select, command-id=2014407850, estimated-cost=28936720byte(s), files=1, media=0
### select, command-id=2014407851, estimated-cost=28948080byte(s), files=1, media=0
### select, command-id=2014407853, estimated-cost=28931280byte(s), files=1, media=0
### select, command-id=2014407860, estimated-cost=28900880byte(s), files=1, media=0
### select, command-id=2014407863, estimated-cost=28932720byte(s), files=1, media=0
### select, command-id=2014407868, estimated-cost=28923280byte(s), files=1, media=0
### select, command-id=2014407875, estimated-cost=28924400byte(s), files=1, media=0
### select, command-id=2014407876, estimated-cost=28960720byte(s), files=1, media=0
### select, command-id=2014407877, estimated-cost=28905360byte(s), files=1, media=0
### select, command-id=2014407885, estimated-cost=28900720byte(s), files=1, media=0
### select, command-id=2014407888, estimated-cost=28912880byte(s), files=1, media=0
### select, command-id=2014407891, estimated-cost=28921040byte(s), files=1, media=0
### select, command-id=2014407898, estimated-cost=28956240byte(s), files=1, media=0
### select, command-id=2014407899, estimated-cost=28864720byte(s), files=1, media=0
### select, command-id=2014407901, estimated-cost=28954480byte(s), files=1, media=0
### select, command-id=2014407902, estimated-cost=28972240byte(s), files=1, media=0
### select, command-id=2014407904, estimated-cost=29015280byte(s), files=1, media=0
### select, command-id=2014407911, estimated-cost=28992720byte(s), files=1, media=0
### select, command-id=2014407913, estimated-cost=28948880byte(s), files=1, media=0
### select, command-id=2014407915, estimated-cost=28948880byte(s), files=1, media=0
### select, command-id=2014407914, estimated-cost=28951440byte(s), files=1, media=0
### select, command-id=2014407916, estimated-cost=29032240byte(s), files=1, media=0
### select, command-id=2014407918, estimated-cost=28937840byte(s), files=1, media=0
### select, command-id=2014407919, estimated-cost=29006160byte(s), files=1, media=0
### select, command-id=2014407923, estimated-cost=28961200byte(s), files=1, media=0
### select, command-id=2014407927, estimated-cost=28985040byte(s), files=1, media=0
### select, command-id=2014407928, estimated-cost=28997520byte(s), files=1, media=0
### select, command-id=2014407931, estimated-cost=28959600byte(s), files=1, media=0
### select, command-id=2014407932, estimated-cost=28969520byte(s), files=1, media=0
### select, command-id=2014407933, estimated-cost=28936560byte(s), files=1, media=0
### select, command-id=2014407935, estimated-cost=29028880byte(s), files=1, media=0
### select, command-id=2014407937, estimated-cost=28956560byte(s), files=1, media=0
### select, command-id=2014407945, estimated-cost=28997520byte(s), files=1, media=0
### select, command-id=2014407949, estimated-cost=28939760byte(s), files=1, media=0
### select, command-id=2014407946, estimated-cost=28946480byte(s), files=1, media=0
### select, command-id=2014407947, estimated-cost=28978160byte(s), files=1, media=0
### select, command-id=2014407952, estimated-cost=28882320byte(s), files=1, media=0
### select, command-id=2014407953, estimated-cost=28940080byte(s), files=1, media=0
### select, command-id=2014407956, estimated-cost=28989520byte(s), files=1, media=0
### select, command-id=2014407957, estimated-cost=28991440byte(s), files=1, media=0
### select, command-id=2014407963, estimated-cost=29020560byte(s), files=1, media=0
### select, command-id=2014407966, estimated-cost=28939120byte(s), files=1, media=0
### select, command-id=2014407970, estimated-cost=28929200byte(s), files=1, media=0
### select, command-id=2014407971, estimated-cost=28955920byte(s), files=1, media=0
### select, command-id=2014407972, estimated-cost=28948560byte(s), files=1, media=0
### select, command-id=2014407975, estimated-cost=28933200byte(s), files=1, media=0
### select, command-id=2014407976, estimated-cost=28934480byte(s), files=1, media=0
### select, command-id=2014407979, estimated-cost=28975120byte(s), files=1, media=0
### select, command-id=2014407981, estimated-cost=28903280byte(s), files=1, media=0
### select, command-id=2014407988, estimated-cost=28918480byte(s), files=1, media=0
### select, command-id=2014407992, estimated-cost=24824944byte(s), files=1, media=0
### select, command-id=2014407999, estimated-cost=24818544byte(s), files=1, media=0
### select, command-id=2014408000, estimated-cost=24744784byte(s), files=1, media=0
### select, command-id=2014408002, estimated-cost=24767984byte(s), files=1, media=0
### select, command-id=2014408004, estimated-cost=24805264byte(s), files=1, media=0
### select, command-id=2014408007, estimated-cost=24803504byte(s), files=1, media=0
### select, command-id=2014408010, estimated-cost=24795024byte(s), files=1, media=0
### select, command-id=2014408016, estimated-cost=24799664byte(s), files=1, media=0
### select, command-id=2014408018, estimated-cost=24809904byte(s), files=1, media=0
### select, command-id=2014408015, estimated-cost=24840944byte(s), files=1, media=0
### select, command-id=2014408019, estimated-cost=24762384byte(s), files=1, media=0
### select, command-id=2014408025, estimated-cost=24787504byte(s), files=1, media=0
### select, command-id=2014408024, estimated-cost=24778704byte(s), files=1, media=0
### select, command-id=2014408027, estimated-cost=24789104byte(s), files=1, media=0
### select, command-id=2014408028, estimated-cost=24792784byte(s), files=1, media=0
### select, command-id=2014408030, estimated-cost=24781904byte(s), files=1, media=0
### select, command-id=2014408031, estimated-cost=24795664byte(s), files=1, media=0
### select, command-id=2014408035, estimated-cost=24785424byte(s), files=1, media=0
### select, command-id=2014408038, estimated-cost=24769104byte(s), files=1, media=0
### select, command-id=2014408041, estimated-cost=24798224byte(s), files=1, media=0
### select, command-id=2014408042, estimated-cost=24784464byte(s), files=1, media=0
### select, command-id=2014408043, estimated-cost=24845264byte(s), files=1, media=0
### select, command-id=2014408047, estimated-cost=24715984byte(s), files=1, media=0
### select, command-id=2014408049, estimated-cost=24775984byte(s), files=1, media=0
### select, command-id=2014408050, estimated-cost=24752784byte(s), files=1, media=0
### select, command-id=2014408051, estimated-cost=24757104byte(s), files=1, media=0
### select, command-id=2014408054, estimated-cost=24858864byte(s), files=1, media=0
### select, command-id=2014408055, estimated-cost=24779024byte(s), files=1, media=0
### select, command-id=2014408059, estimated-cost=24769264byte(s), files=1, media=0
### select, command-id=2014408065, estimated-cost=24772784byte(s), files=1, media=0
### select, command-id=2014408067, estimated-cost=24779824byte(s), files=1, media=0
### select, command-id=2014408078, estimated-cost=24803664byte(s), files=1, media=0
### select, command-id=2014408079, estimated-cost=24813744byte(s), files=1, media=0
### select, command-id=2014408081, estimated-cost=24765584byte(s), files=1, media=0
### select, command-id=2014408083, estimated-cost=24757584byte(s), files=1, media=0
### select, command-id=2014408086, estimated-cost=24758544byte(s), files=1, media=0
/home/users/prince.xavier/MJO/SALMON
/home/users/prince.xavier/MJO/SALMON/salmon_config.yaml
2025-04-25 00:00:00
['000', '001', '002', '003', '004', '005', '006', '007', '008', '009', '010', '011', '012', '013', '014', '015', '016', '017', '018', '019', '020', '021', '022', '023', '024', '025', '026', '027', '028', '029', '030', '031', '032', '033', '034', '035']
dict_keys(['mogreps_dummy_queryfiles_dir', 'mogreps_moose_dir', 'mogreps_raw_dir', 'mogreps_combined_queryfile', 'mogreps_mjo_processed_dir', 'mogreps_mjo_archive_dir', 'mogreps_mjo_plot_ens', 'mogreps_cs_processed_dir', 'mogreps_cs_plot_ens', 'mogreps_eqwaves_processed_dir', 'mogreps_eqwaves_plot_ens'])
Already exists: /data/scratch/prince.xavier/SALMON/temp
Skipping: moose:/opfc/atm/mogreps-g/prods/
Already exists: /data/scratch/prince.xavier/SALMON/raw_data/mogreps/mogreps_bucket
Skipping: /home/users/prince.xavier/MJO/Monitoring_new/RETRIEVALS/mogreps_combined.query
Already exists: /data/scratch/prince.xavier/SALMON/processed_SEA_data/mogreps/mjo
Already exists: /data/users/prince.xavier/SALMON/processed_SEA_data/mogreps/mjo/rmms/
Already exists: /data/users/prince.xavier/SALMON/processed_SEA_data/mogreps/mjo/plot_ens/
Already exists: /data/scratch/prince.xavier/SALMON/processed_SEA_data/mogreps/coldsurge/
Already exists: /data/users/prince.xavier/SALMON/processed_SEA_data/mogreps/coldsurge/plot_ens/
Already exists: /data/scratch/prince.xavier/SALMON/processed_SEA_data/mogreps/eqwaves/
Already exists: /data/users/prince.xavier/SALMON/processed_SEA_data/mogreps/eqwaves/plot_ens/
{'mogreps_dummy_queryfiles_dir': '/data/scratch/prince.xavier/SALMON/temp', 'mogreps_moose_dir': 'moose:/opfc/atm/mogreps-g/prods/', 'mogreps_raw_dir': '/data/scratch/prince.xavier/SALMON/raw_data/mogreps/mogreps_bucket', 'mogreps_combined_queryfile': '/home/users/prince.xavier/MJO/Monitoring_new/RETRIEVALS/mogreps_combined.query', 'mogreps_mjo_processed_dir': '/data/scratch/prince.xavier/SALMON/processed_SEA_data/mogreps/mjo', 'mogreps_mjo_archive_dir': '/data/users/prince.xavier/SALMON/processed_SEA_data/mogreps/mjo/rmms/', 'mogreps_mjo_plot_ens': '/data/users/prince.xavier/SALMON/processed_SEA_data/mogreps/mjo/plot_ens/', 'mogreps_cs_processed_dir': '/data/scratch/prince.xavier/SALMON/processed_SEA_data/mogreps/coldsurge/', 'mogreps_cs_plot_ens': '/data/users/prince.xavier/SALMON/processed_SEA_data/mogreps/coldsurge/plot_ens/', 'mogreps_eqwaves_processed_dir': '/data/scratch/prince.xavier/SALMON/processed_SEA_data/mogreps/eqwaves/', 'mogreps_eqwaves_plot_ens': '/data/users/prince.xavier/SALMON/processed_SEA_data/mogreps/eqwaves/plot_ens/'}
{'mogreps_dummy_queryfiles_dir': '/data/scratch/prince.xavier/SALMON/temp', 'mogreps_moose_dir': 'moose:/opfc/atm/mogreps-g/prods/', 'mogreps_raw_dir': '/data/scratch/prince.xavier/SALMON/raw_data/mogreps/mogreps_bucket', 'mogreps_combined_queryfile': '/home/users/prince.xavier/MJO/Monitoring_new/RETRIEVALS/mogreps_combined.query', 'mogreps_mjo_processed_dir': '/data/scratch/prince.xavier/SALMON/processed_SEA_data/mogreps/mjo', 'mogreps_mjo_archive_dir': '/data/users/prince.xavier/SALMON/processed_SEA_data/mogreps/mjo/rmms/', 'mogreps_mjo_plot_ens': '/data/users/prince.xavier/SALMON/processed_SEA_data/mogreps/mjo/plot_ens/', 'mogreps_cs_processed_dir': '/data/scratch/prince.xavier/SALMON/processed_SEA_data/mogreps/coldsurge/', 'mogreps_cs_plot_ens': '/data/users/prince.xavier/SALMON/processed_SEA_data/mogreps/coldsurge/plot_ens/', 'mogreps_eqwaves_processed_dir': '/data/scratch/prince.xavier/SALMON/processed_SEA_data/mogreps/eqwaves/', 'mogreps_eqwaves_plot_ens': '/data/users/prince.xavier/SALMON/processed_SEA_data/mogreps/eqwaves/plot_ens/'}
Retrieving data for date: 2025-04-25 00:00:00
[  0  24  48  72  96 120 144 168]
In retrieve_fc_data_parallel()
In retrieve_fc_data_parallel()
In retrieve_fc_data_parallel()
In retrieve_fc_data_parallel()
In retrieve_fc_data_parallel()
In retrieve_fc_data_parallel()
In retrieve_fc_data_parallel()
In retrieve_fc_data_parallel()
In retrieve_fc_data_parallel()
In retrieve_fc_data_parallel()
Retrieving hr: 0
In retrieve_fc_data_parallel()
In retrieve_fc_data_parallel()
Retrieving hr: 0
In retrieve_fc_data_parallel()
In retrieve_fc_data_parallel()
Retrieving hr: 0
In retrieve_fc_data_parallel()
Retrieving hr: 0
Retrieving hr: 0
In retrieve_fc_data_parallel()
In retrieve_fc_data_parallel()
Retrieving hr: 0
Retrieving hr: 0
In retrieve_fc_data_parallel()
In retrieve_fc_data_parallel()
Retrieving hr: 0
Retrieving hr: 0
In retrieve_fc_data_parallel()
Retrieving hr: 0
In retrieve_fc_data_parallel()
Retrieving hr: 0
Retrieving hr: 0
In retrieve_fc_data_parallel()
Retrieving hr: 24
Retrieving hr: 24
In retrieve_fc_data_parallel()
Retrieving hr: 0
Retrieving hr: 0
EXECCCC
Retrieving hr: 0
Retrieving hr: 24
In retrieve_fc_data_parallel()
Retrieving hr: 0
EXECCCC
Retrieving hr: 24
Retrieving hr: 24
Retrieving hr: 24
EXECCCC
Retrieving hr: 0
EXECCCC
Retrieving hr: 0
EXECCCC
EXECCCC
In retrieve_fc_data_parallel()
EXECCCC
Retrieving hr: 24
EXECCCC
In retrieve_fc_data_parallel()
EXECCCC
EXECCCC
EXECCCC
EXECCCC
EXECCCC
In retrieve_fc_data_parallel()
Retrieving hr: 24
EXECCCC
EXECCCC
EXECCCC
Retrieving hr: 24
EXECCCC
EXECCCC
EXECCCC
In retrieve_fc_data_parallel()
EXECCCC
EXECCCC
EXECCCC
Retrieving hr: 24
EXECCCC
EXECCCC
EXECCCC
EXECCCC
EXECCCC
EXECCCC
In retrieve_fc_data_parallel()
Retrieving hr: 24
EXECCCC
In retrieve_fc_data_parallel()
Retrieving hr: 24
In retrieve_fc_data_parallel()
EXECCCC
Retrieving hr: 24
In retrieve_fc_data_parallel()
Retrieving hr: 24
EXECCCC
EXECCCC
In retrieve_fc_data_parallel()
Retrieving hr: 24
EXECCCC
In retrieve_fc_data_parallel()
Retrieving hr: 24
EXECCCC
In retrieve_fc_data_parallel()
Retrieving hr: 24
EXECCCC
In retrieve_fc_data_parallel()
Retrieving hr: 24
EXECCCC
In retrieve_fc_data_parallel()
Retrieving hr: 48
EXECCCC
In retrieve_fc_data_parallel()
Retrieving hr: 48
EXECCCC
In retrieve_fc_data_parallel()
Retrieving hr: 48
EXECCCC
In retrieve_fc_data_parallel()
Retrieving hr: 48
EXECCCC
In retrieve_fc_data_parallel()
Retrieving hr: 48
EXECCCC
In retrieve_fc_data_parallel()
Retrieving hr: 48
EXECCCC
In retrieve_fc_data_parallel()
Retrieving hr: 48
EXECCCC
In retrieve_fc_data_parallel()
Retrieving hr: 48
EXECCCC
In retrieve_fc_data_parallel()
Retrieving hr: 48
EXECCCC
In retrieve_fc_data_parallel()
Retrieving hr: 48
EXECCCC
In retrieve_fc_data_parallel()
Retrieving hr: 48
EXECCCC
In retrieve_fc_data_parallel()
Retrieving hr: 48
EXECCCC
In retrieve_fc_data_parallel()
Retrieving hr: 48
EXECCCC
In retrieve_fc_data_parallel()
Retrieving hr: 48
EXECCCC
In retrieve_fc_data_parallel()
Retrieving hr: 48
In retrieve_fc_data_parallel()
Retrieving hr: 48
EXECCCC
EXECCCC
In retrieve_fc_data_parallel()
Retrieving hr: 48
EXECCCC
In retrieve_fc_data_parallel()
Retrieving hr: 48
EXECCCC
In retrieve_fc_data_parallel()
Retrieving hr: 72
EXECCCC
In retrieve_fc_data_parallel()
Retrieving hr: 72
EXECCCC
In retrieve_fc_data_parallel()
Retrieving hr: 72
EXECCCC
In retrieve_fc_data_parallel()
Retrieving hr: 72
EXECCCC
In retrieve_fc_data_parallel()
Retrieving hr: 72
EXECCCC
In retrieve_fc_data_parallel()
Retrieving hr: 72
EXECCCC
In retrieve_fc_data_parallel()
Retrieving hr: 72
EXECCCC
In retrieve_fc_data_parallel()
Retrieving hr: 72
EXECCCC
In retrieve_fc_data_parallel()
Retrieving hr: 72
EXECCCC
In retrieve_fc_data_parallel()
Retrieving hr: 72
EXECCCC
In retrieve_fc_data_parallel()
Retrieving hr: 72
EXECCCC
In retrieve_fc_data_parallel()
Retrieving hr: 72
EXECCCC
In retrieve_fc_data_parallel()
Retrieving hr: 72
EXECCCC
In retrieve_fc_data_parallel()
Retrieving hr: 72
EXECCCC
In retrieve_fc_data_parallel()
Retrieving hr: 72
EXECCCC
In retrieve_fc_data_parallel()
Retrieving hr: 72
EXECCCC
In retrieve_fc_data_parallel()
Retrieving hr: 72
EXECCCC
In retrieve_fc_data_parallel()
Retrieving hr: 72
EXECCCC
In retrieve_fc_data_parallel()
Retrieving hr: 96
EXECCCC
In retrieve_fc_data_parallel()
Retrieving hr: 96
In retrieve_fc_data_parallel()
Retrieving hr: 96
EXECCCC
EXECCCC
In retrieve_fc_data_parallel()
Retrieving hr: 96
EXECCCC
In retrieve_fc_data_parallel()
Retrieving hr: 96
EXECCCC
In retrieve_fc_data_parallel()
Retrieving hr: 96
EXECCCC
In retrieve_fc_data_parallel()
Retrieving hr: 96
EXECCCC
In retrieve_fc_data_parallel()
Retrieving hr: 96
EXECCCC
In retrieve_fc_data_parallel()
Retrieving hr: 96
EXECCCC
In retrieve_fc_data_parallel()
Retrieving hr: 96
EXECCCC
In retrieve_fc_data_parallel()
Retrieving hr: 96
EXECCCC
In retrieve_fc_data_parallel()
Retrieving hr: 96
In retrieve_fc_data_parallel()
Retrieving hr: 96
EXECCCC
EXECCCC
In retrieve_fc_data_parallel()
Retrieving hr: 96
EXECCCC
In retrieve_fc_data_parallel()
Retrieving hr: 96
EXECCCC
In retrieve_fc_data_parallel()
Retrieving hr: 96
EXECCCC
In retrieve_fc_data_parallel()
Retrieving hr: 96
EXECCCC
In retrieve_fc_data_parallel()
Retrieving hr: 96
EXECCCC
In retrieve_fc_data_parallel()
Retrieving hr: 120
EXECCCC
In retrieve_fc_data_parallel()
Retrieving hr: 120
EXECCCC
In retrieve_fc_data_parallel()
Retrieving hr: 120
EXECCCC
In retrieve_fc_data_parallel()
Retrieving hr: 120
EXECCCC
In retrieve_fc_data_parallel()
Retrieving hr: 120
EXECCCC
In retrieve_fc_data_parallel()
Retrieving hr: 120
EXECCCC
In retrieve_fc_data_parallel()
Retrieving hr: 120
EXECCCC
In retrieve_fc_data_parallel()
Retrieving hr: 120
EXECCCC
In retrieve_fc_data_parallel()
Retrieving hr: 120
EXECCCC
In retrieve_fc_data_parallel()
Retrieving hr: 120
EXECCCC
In retrieve_fc_data_parallel()
Retrieving hr: 120
EXECCCC
In retrieve_fc_data_parallel()
Retrieving hr: 120
EXECCCC
In retrieve_fc_data_parallel()
Retrieving hr: 120
EXECCCC
In retrieve_fc_data_parallel()
Retrieving hr: 120
EXECCCC
In retrieve_fc_data_parallel()
Retrieving hr: 120
EXECCCC
In retrieve_fc_data_parallel()
Retrieving hr: 120
EXECCCC
In retrieve_fc_data_parallel()
Retrieving hr: 120
EXECCCC
In retrieve_fc_data_parallel()
Retrieving hr: 120
EXECCCC
In retrieve_fc_data_parallel()
Retrieving hr: 144
EXECCCC
In retrieve_fc_data_parallel()
Retrieving hr: 144
EXECCCC
In retrieve_fc_data_parallel()
Retrieving hr: 144
EXECCCC
In retrieve_fc_data_parallel()
Retrieving hr: 144
EXECCCC
In retrieve_fc_data_parallel()
Retrieving hr: 144
EXECCCC
In retrieve_fc_data_parallel()
Retrieving hr: 144
EXECCCC
In retrieve_fc_data_parallel()
Retrieving hr: 144
EXECCCC
In retrieve_fc_data_parallel()
Retrieving hr: 144
EXECCCC
In retrieve_fc_data_parallel()
Retrieving hr: 144
EXECCCC
In retrieve_fc_data_parallel()
Retrieving hr: 144
EXECCCC
In retrieve_fc_data_parallel()
Retrieving hr: 144
EXECCCC
In retrieve_fc_data_parallel()
Retrieving hr: 144
EXECCCC
In retrieve_fc_data_parallel()
Retrieving hr: 144
EXECCCC
In retrieve_fc_data_parallel()
Retrieving hr: 144
EXECCCC
In retrieve_fc_data_parallel()
Retrieving hr: 144
EXECCCC
In retrieve_fc_data_parallel()
Retrieving hr: 144
EXECCCC
In retrieve_fc_data_parallel()
Retrieving hr: 144
EXECCCC
In retrieve_fc_data_parallel()
Retrieving hr: 144
EXECCCC
In retrieve_fc_data_parallel()
Retrieving hr: 168
EXECCCC
In retrieve_fc_data_parallel()
Retrieving hr: 168
EXECCCC
In retrieve_fc_data_parallel()
Retrieving hr: 168
EXECCCC
In retrieve_fc_data_parallel()
Retrieving hr: 168
EXECCCC
In retrieve_fc_data_parallel()
Retrieving hr: 168
EXECCCC
In retrieve_fc_data_parallel()
Retrieving hr: 168
EXECCCC
In retrieve_fc_data_parallel()
Retrieving hr: 168
EXECCCC
In retrieve_fc_data_parallel()
Retrieving hr: 168
EXECCCC
In retrieve_fc_data_parallel()
Retrieving hr: 168
EXECCCC
In retrieve_fc_data_parallel()
Retrieving hr: 168
EXECCCC
In retrieve_fc_data_parallel()
Retrieving hr: 168
EXECCCC
In retrieve_fc_data_parallel()
Retrieving hr: 168
EXECCCC
In retrieve_fc_data_parallel()
Retrieving hr: 168
EXECCCC
In retrieve_fc_data_parallel()
Retrieving hr: 168
EXECCCC
In retrieve_fc_data_parallel()
Retrieving hr: 168
EXECCCC
In retrieve_fc_data_parallel()
Retrieving hr: 168
EXECCCC
In retrieve_fc_data_parallel()
Retrieving hr: 168
EXECCCC
In retrieve_fc_data_parallel()
Retrieving hr: 168
EXECCCC
In retrieve_fc_data_parallel()
Retrieving hr: 0
EXECCCC
In retrieve_fc_data_parallel()
Retrieving hr: 0
EXECCCC
In retrieve_fc_data_parallel()
Retrieving hr: 0
EXECCCC
In retrieve_fc_data_parallel()
Retrieving hr: 0
EXECCCC
In retrieve_fc_data_parallel()
Retrieving hr: 0
EXECCCC
In retrieve_fc_data_parallel()
Retrieving hr: 0
EXECCCC
In retrieve_fc_data_parallel()
Retrieving hr: 0
EXECCCC
In retrieve_fc_data_parallel()
Retrieving hr: 0
EXECCCC
In retrieve_fc_data_parallel()
Retrieving hr: 0
EXECCCC
In retrieve_fc_data_parallel()
Retrieving hr: 0
EXECCCC
In retrieve_fc_data_parallel()
Retrieving hr: 0
EXECCCC
In retrieve_fc_data_parallel()
Retrieving hr: 0
EXECCCC
In retrieve_fc_data_parallel()
Retrieving hr: 0
EXECCCC
In retrieve_fc_data_parallel()
Retrieving hr: 0
EXECCCC
In retrieve_fc_data_parallel()
Retrieving hr: 0
EXECCCC
In retrieve_fc_data_parallel()
Retrieving hr: 0
EXECCCC
In retrieve_fc_data_parallel()
Retrieving hr: 0
EXECCCC
In retrieve_fc_data_parallel()
Retrieving hr: 0
EXECCCC
In retrieve_fc_data_parallel()
Retrieving hr: 24
EXECCCC
In retrieve_fc_data_parallel()
Retrieving hr: 24
EXECCCC
In retrieve_fc_data_parallel()
Retrieving hr: 24
EXECCCC
In retrieve_fc_data_parallel()
Retrieving hr: 24
EXECCCC
In retrieve_fc_data_parallel()
Retrieving hr: 24
EXECCCC
In retrieve_fc_data_parallel()
Retrieving hr: 24
EXECCCC
In retrieve_fc_data_parallel()
Retrieving hr: 24
EXECCCC
In retrieve_fc_data_parallel()
Retrieving hr: 24
EXECCCC
In retrieve_fc_data_parallel()
Retrieving hr: 24
EXECCCC
In retrieve_fc_data_parallel()
Retrieving hr: 24
EXECCCC
In retrieve_fc_data_parallel()
Retrieving hr: 24
EXECCCC
In retrieve_fc_data_parallel()
Retrieving hr: 24
EXECCCC
In retrieve_fc_data_parallel()
Retrieving hr: 24
EXECCCC
In retrieve_fc_data_parallel()
Retrieving hr: 24
EXECCCC
In retrieve_fc_data_parallel()
Retrieving hr: 24
EXECCCC
In retrieve_fc_data_parallel()
Retrieving hr: 24
EXECCCC
In retrieve_fc_data_parallel()
Retrieving hr: 24
EXECCCC
In retrieve_fc_data_parallel()
Retrieving hr: 24
EXECCCC
In retrieve_fc_data_parallel()
Retrieving hr: 48
EXECCCC
In retrieve_fc_data_parallel()
Retrieving hr: 48
EXECCCC
In retrieve_fc_data_parallel()
Retrieving hr: 48
EXECCCC
In retrieve_fc_data_parallel()
Retrieving hr: 48
EXECCCC
In retrieve_fc_data_parallel()
Retrieving hr: 48
EXECCCC
In retrieve_fc_data_parallel()
Retrieving hr: 48
EXECCCC
In retrieve_fc_data_parallel()
Retrieving hr: 48
EXECCCC
In retrieve_fc_data_parallel()
Retrieving hr: 48
EXECCCC
In retrieve_fc_data_parallel()
Retrieving hr: 48
EXECCCC
In retrieve_fc_data_parallel()
Retrieving hr: 48
EXECCCC
In retrieve_fc_data_parallel()
Retrieving hr: 48
EXECCCC
In retrieve_fc_data_parallel()
Retrieving hr: 48
EXECCCC
In retrieve_fc_data_parallel()
Retrieving hr: 48
EXECCCC
In retrieve_fc_data_parallel()
Retrieving hr: 48
EXECCCC
In retrieve_fc_data_parallel()
Retrieving hr: 48
EXECCCC
In retrieve_fc_data_parallel()
Retrieving hr: 48
EXECCCC
In retrieve_fc_data_parallel()
Retrieving hr: 48
EXECCCC
In retrieve_fc_data_parallel()
Retrieving hr: 48
EXECCCC
In retrieve_fc_data_parallel()
Retrieving hr: 72
EXECCCC
In retrieve_fc_data_parallel()
Retrieving hr: 72
EXECCCC
In retrieve_fc_data_parallel()
Retrieving hr: 72
EXECCCC
In retrieve_fc_data_parallel()
Retrieving hr: 72
EXECCCC
In retrieve_fc_data_parallel()
Retrieving hr: 72
EXECCCC
In retrieve_fc_data_parallel()
Retrieving hr: 72
EXECCCC
In retrieve_fc_data_parallel()
Retrieving hr: 72
EXECCCC
In retrieve_fc_data_parallel()
Retrieving hr: 72
EXECCCC
In retrieve_fc_data_parallel()
Retrieving hr: 72
EXECCCC
In retrieve_fc_data_parallel()
Retrieving hr: 72
EXECCCC
In retrieve_fc_data_parallel()
Retrieving hr: 72
EXECCCC
In retrieve_fc_data_parallel()
Retrieving hr: 72
EXECCCC
In retrieve_fc_data_parallel()
Retrieving hr: 72
EXECCCC
In retrieve_fc_data_parallel()
Retrieving hr: 72
EXECCCC
In retrieve_fc_data_parallel()
Retrieving hr: 72
EXECCCC
In retrieve_fc_data_parallel()
Retrieving hr: 72
EXECCCC
In retrieve_fc_data_parallel()
Retrieving hr: 72
EXECCCC
In retrieve_fc_data_parallel()
Retrieving hr: 72
EXECCCC
In retrieve_fc_data_parallel()
Retrieving hr: 96
EXECCCC
In retrieve_fc_data_parallel()
Retrieving hr: 96
EXECCCC
In retrieve_fc_data_parallel()
Retrieving hr: 96
EXECCCC
In retrieve_fc_data_parallel()
Retrieving hr: 96
EXECCCC
In retrieve_fc_data_parallel()
Retrieving hr: 96
EXECCCC
In retrieve_fc_data_parallel()
Retrieving hr: 96
EXECCCC
In retrieve_fc_data_parallel()
Retrieving hr: 96
EXECCCC
In retrieve_fc_data_parallel()
Retrieving hr: 96
EXECCCC
In retrieve_fc_data_parallel()
Retrieving hr: 96
EXECCCC
In retrieve_fc_data_parallel()
Retrieving hr: 96
EXECCCC
In retrieve_fc_data_parallel()
Retrieving hr: 96
EXECCCC
In retrieve_fc_data_parallel()
Retrieving hr: 96
EXECCCC
In retrieve_fc_data_parallel()
Retrieving hr: 96
EXECCCC
In retrieve_fc_data_parallel()
Retrieving hr: 96
EXECCCC
In retrieve_fc_data_parallel()
Retrieving hr: 96
EXECCCC
In retrieve_fc_data_parallel()
Retrieving hr: 96
EXECCCC
In retrieve_fc_data_parallel()
Retrieving hr: 96
EXECCCC
In retrieve_fc_data_parallel()
Retrieving hr: 96
EXECCCC
In retrieve_fc_data_parallel()
Retrieving hr: 120
EXECCCC
In retrieve_fc_data_parallel()
Retrieving hr: 120
EXECCCC
In retrieve_fc_data_parallel()
Retrieving hr: 120
EXECCCC
In retrieve_fc_data_parallel()
Retrieving hr: 120
EXECCCC
In retrieve_fc_data_parallel()
Retrieving hr: 120
EXECCCC
In retrieve_fc_data_parallel()
Retrieving hr: 120
In retrieve_fc_data_parallel()
Retrieving hr: 120
EXECCCC
EXECCCC
In retrieve_fc_data_parallel()
Retrieving hr: 120
EXECCCC
In retrieve_fc_data_parallel()
Retrieving hr: 120
EXECCCC
In retrieve_fc_data_parallel()
Retrieving hr: 120
EXECCCC
In retrieve_fc_data_parallel()
Retrieving hr: 120
EXECCCC
In retrieve_fc_data_parallel()
Retrieving hr: 120
EXECCCC
In retrieve_fc_data_parallel()
Retrieving hr: 120
EXECCCC
In retrieve_fc_data_parallel()
Retrieving hr: 120
EXECCCC
In retrieve_fc_data_parallel()
Retrieving hr: 120
EXECCCC
In retrieve_fc_data_parallel()
Retrieving hr: 120
EXECCCC
In retrieve_fc_data_parallel()
Retrieving hr: 120
EXECCCC
In retrieve_fc_data_parallel()
Retrieving hr: 120
EXECCCC
In retrieve_fc_data_parallel()
Retrieving hr: 144
EXECCCC
In retrieve_fc_data_parallel()
Retrieving hr: 144
EXECCCC
In retrieve_fc_data_parallel()
Retrieving hr: 144
EXECCCC
In retrieve_fc_data_parallel()
Retrieving hr: 144
EXECCCC
In retrieve_fc_data_parallel()
Retrieving hr: 144
EXECCCC
In retrieve_fc_data_parallel()
Retrieving hr: 144
EXECCCC
In retrieve_fc_data_parallel()
Retrieving hr: 144
EXECCCC
In retrieve_fc_data_parallel()
Retrieving hr: 144
EXECCCC
In retrieve_fc_data_parallel()
Retrieving hr: 144
EXECCCC
In retrieve_fc_data_parallel()
Retrieving hr: 144
EXECCCC
In retrieve_fc_data_parallel()
Retrieving hr: 144
EXECCCC
In retrieve_fc_data_parallel()
Retrieving hr: 144
EXECCCC
In retrieve_fc_data_parallel()
Retrieving hr: 144
EXECCCC
In retrieve_fc_data_parallel()
Retrieving hr: 144
EXECCCC
In retrieve_fc_data_parallel()
Retrieving hr: 144
EXECCCC
In retrieve_fc_data_parallel()
Retrieving hr: 144
EXECCCC
In retrieve_fc_data_parallel()
Retrieving hr: 144
EXECCCC
In retrieve_fc_data_parallel()
Retrieving hr: 144
In retrieve_fc_data_parallel()
Retrieving hr: 168
EXECCCC
EXECCCC
In retrieve_fc_data_parallel()
Retrieving hr: 168
EXECCCC
In retrieve_fc_data_parallel()
Retrieving hr: 168
EXECCCC
In retrieve_fc_data_parallel()
Retrieving hr: 168
EXECCCC
In retrieve_fc_data_parallel()
Retrieving hr: 168
EXECCCC
In retrieve_fc_data_parallel()
Retrieving hr: 168
EXECCCC
In retrieve_fc_data_parallel()
Retrieving hr: 168
EXECCCC
In retrieve_fc_data_parallel()
Retrieving hr: 168
EXECCCC
In retrieve_fc_data_parallel()
Retrieving hr: 168
EXECCCC
In retrieve_fc_data_parallel()
Retrieving hr: 168
EXECCCC
In retrieve_fc_data_parallel()
Retrieving hr: 168
EXECCCC
In retrieve_fc_data_parallel()
Retrieving hr: 168
EXECCCC
In retrieve_fc_data_parallel()
Retrieving hr: 168
EXECCCC
In retrieve_fc_data_parallel()
Retrieving hr: 168
EXECCCC
In retrieve_fc_data_parallel()
Retrieving hr: 168
EXECCCC
In retrieve_fc_data_parallel()
Retrieving hr: 168
EXECCCC
In retrieve_fc_data_parallel()
Retrieving hr: 168
EXECCCC
In retrieve_fc_data_parallel()
Retrieving hr: 168
EXECCCC
True
Progress: [0.00%]Progress: [2.78%]Progress: [5.56%]Progress: [8.33%]Progress: [11.11%]Progress: [13.89%]Progress: [16.67%]Progress: [19.44%]Progress: [22.22%]Progress: [25.00%]Progress: [27.78%]Progress: [30.56%]Progress: [33.33%]Progress: [36.11%]Progress: [38.89%]Progress: [41.67%]Progress: [44.44%]Progress: [47.22%]Progress: [50.00%]Progress: [52.78%]Progress: [55.56%]Progress: [58.33%]Progress: [61.11%]Progress: [63.89%]Progress: [66.67%]Progress: [69.44%]Progress: [72.22%]Progress: [75.00%]Progress: [77.78%]Progress: [80.56%]Progress: [83.33%]Progress: [86.11%]Progress: [88.89%]Progress: [91.67%]Progress: [94.44%]Progress: [97.22%]precipitation_amount / (kg m-2)     (realization: 36; forecast_period: 8; latitude: 186; longitude: 214)
    Dimension coordinates:
        realization                             x                    -            -               -
        forecast_period                         -                    x            -               -
        latitude                                -                    -            x               -
        longitude                               -                    -            -               x
    Cell methods:
        0                           time: mean (interval: 1 hour)
    Attributes:
        STASH                       m01s05i226
        source                      'Data from Met Office Unified Model'
        um_version                  '13.1'
Written /data/scratch/prince.xavier/SALMON/processed_SEA_data/mogreps/coldsurge/precip/precip_ColdSurge_24h_allMember_20250425.nc
Progress: [0.00%]Progress: [2.78%]Progress: [5.56%]Progress: [8.33%]Progress: [11.11%]Progress: [13.89%]Progress: [16.67%]Progress: [19.44%]Progress: [22.22%]Progress: [25.00%]Progress: [27.78%]Progress: [30.56%]Progress: [33.33%]Progress: [36.11%]Progress: [38.89%]Progress: [41.67%]Progress: [44.44%]Progress: [47.22%]Progress: [50.00%]Progress: [52.78%]Progress: [55.56%]Progress: [58.33%]Progress: [61.11%]Progress: [63.89%]Progress: [66.67%]Progress: [69.44%]Progress: [72.22%]Progress: [75.00%]Progress: [77.78%]Progress: [80.56%]Progress: [83.33%]Progress: [86.11%]Progress: [88.89%]Progress: [91.67%]Progress: [94.44%]Progress: [97.22%]x_wind / (m s-1)                    (realization: 36; -- : 8; latitude: 187; longitude: 213)
    Dimension coordinates:
        realization                             x        -            -               -
        latitude                                -        -            x               -
        longitude                               -        -            -               x
    Auxiliary coordinates:
        forecast_period                         -        x            -               -
    Scalar coordinates:
        pressure                    850.0 hPa
    Attributes:
        STASH                       m01s15i201
        source                      'Data from Met Office Unified Model'
        um_version                  '13.1'
Written /data/scratch/prince.xavier/SALMON/processed_SEA_data/mogreps/coldsurge/u850/u850_ColdSurge_24h_allMember_20250425.nc
Progress: [0.00%]Progress: [2.78%]Progress: [5.56%]Progress: [8.33%]Progress: [11.11%]Progress: [13.89%]Progress: [16.67%]Progress: [19.44%]Progress: [22.22%]Progress: [25.00%]Progress: [27.78%]Progress: [30.56%]Progress: [33.33%]Progress: [36.11%]Progress: [38.89%]Progress: [41.67%]Progress: [44.44%]Progress: [47.22%]Progress: [50.00%]Progress: [52.78%]Progress: [55.56%]Progress: [58.33%]Progress: [61.11%]Progress: [63.89%]Progress: [66.67%]Progress: [69.44%]Progress: [72.22%]Progress: [75.00%]Progress: [77.78%]Progress: [80.56%]Progress: [83.33%]Progress: [86.11%]Progress: [88.89%]Progress: [91.67%]Progress: [94.44%]Progress: [97.22%]y_wind / (m s-1)                    (realization: 36; -- : 8; latitude: 187; longitude: 213)
    Dimension coordinates:
        realization                             x        -            -               -
        latitude                                -        -            x               -
        longitude                               -        -            -               x
    Auxiliary coordinates:
        forecast_period                         -        x            -               -
    Scalar coordinates:
        pressure                    850.0 hPa
    Attributes:
        STASH                       m01s15i202
        source                      'Data from Met Office Unified Model'
        um_version                  '13.1'
Written /data/scratch/prince.xavier/SALMON/processed_SEA_data/mogreps/coldsurge/v850/v850_ColdSurge_24h_allMember_20250425.nc
[0.0, 0.0, 0.0, 0.0, 0.0, 0.0, 0.0, 0.0] [0.0, 0.0, 0.0, 0.0, 0.0, 0.0, 0.0, 0.0]
[0.0, 0.0, 0.0, 0.0, 0.0, 0.0, 0.0, 0.0] [0.0, 0.0, 0.0, 0.0, 0.0, 0.0, 0.0, 0.0]
500 517
Plotted /data/users/prince.xavier/SALMON/processed_SEA_data/mogreps/coldsurge/plot_ens/20250425/Cold_surge_EnsMean_20250425_T0h.html
Plotted /data/users/prince.xavier/SALMON/processed_SEA_data/mogreps/coldsurge/plot_ens/20250425/Cold_surge_EnsMean_20250425_T24h.html
Plotted /data/users/prince.xavier/SALMON/processed_SEA_data/mogreps/coldsurge/plot_ens/20250425/Cold_surge_EnsMean_20250425_T48h.html
Plotted /data/users/prince.xavier/SALMON/processed_SEA_data/mogreps/coldsurge/plot_ens/20250425/Cold_surge_EnsMean_20250425_T72h.html
Plotted /data/users/prince.xavier/SALMON/processed_SEA_data/mogreps/coldsurge/plot_ens/20250425/Cold_surge_EnsMean_20250425_T96h.html
Plotted /data/users/prince.xavier/SALMON/processed_SEA_data/mogreps/coldsurge/plot_ens/20250425/Cold_surge_EnsMean_20250425_T120h.html
Plotted /data/users/prince.xavier/SALMON/processed_SEA_data/mogreps/coldsurge/plot_ens/20250425/Cold_surge_EnsMean_20250425_T144h.html
Plotted /data/users/prince.xavier/SALMON/processed_SEA_data/mogreps/coldsurge/plot_ens/20250425/Cold_surge_EnsMean_20250425_T168h.html
The /data/users/prince.xavier/SALMON/processed_SEA_data/mogreps/coldsurge/plot_ens/mogreps_ensmean_plot_dates.json file has been updated. New date added: 20250425
[0.0, 0.0, 0.0, 0.0, 0.0, 0.0, 0.0, 0.0] [0.0, 0.0, 0.0, 0.0, 0.0, 0.0, 0.0, 0.0]
[0.0, 0.0, 0.0, 0.0, 0.0, 0.0, 0.0, 0.0] [0.0, 0.0, 0.0, 0.0, 0.0, 0.0, 0.0, 0.0]
500 517
Plotted /data/users/prince.xavier/SALMON/processed_SEA_data/mogreps/coldsurge/plot_ens/20250425/Cold_surge_ProbMaps_20250425_T0h_Pr10.html
Plotted /data/users/prince.xavier/SALMON/processed_SEA_data/mogreps/coldsurge/plot_ens/20250425/Cold_surge_ProbMaps_20250425_T24h_Pr10.html
Plotted /data/users/prince.xavier/SALMON/processed_SEA_data/mogreps/coldsurge/plot_ens/20250425/Cold_surge_ProbMaps_20250425_T48h_Pr10.html
Plotted /data/users/prince.xavier/SALMON/processed_SEA_data/mogreps/coldsurge/plot_ens/20250425/Cold_surge_ProbMaps_20250425_T72h_Pr10.html
Plotted /data/users/prince.xavier/SALMON/processed_SEA_data/mogreps/coldsurge/plot_ens/20250425/Cold_surge_ProbMaps_20250425_T96h_Pr10.html
Plotted /data/users/prince.xavier/SALMON/processed_SEA_data/mogreps/coldsurge/plot_ens/20250425/Cold_surge_ProbMaps_20250425_T120h_Pr10.html
Plotted /data/users/prince.xavier/SALMON/processed_SEA_data/mogreps/coldsurge/plot_ens/20250425/Cold_surge_ProbMaps_20250425_T144h_Pr10.html
Plotted /data/users/prince.xavier/SALMON/processed_SEA_data/mogreps/coldsurge/plot_ens/20250425/Cold_surge_ProbMaps_20250425_T168h_Pr10.html
The /data/users/prince.xavier/SALMON/processed_SEA_data/mogreps/coldsurge/plot_ens/mogreps_ProbMaps_plot_dates.json file has been updated. New date added: 20250425
Plotted /data/users/prince.xavier/SALMON/processed_SEA_data/mogreps/coldsurge/plot_ens/20250425/Cold_surge_ProbMaps_20250425_T0h_Pr20.html
Plotted /data/users/prince.xavier/SALMON/processed_SEA_data/mogreps/coldsurge/plot_ens/20250425/Cold_surge_ProbMaps_20250425_T24h_Pr20.html
Plotted /data/users/prince.xavier/SALMON/processed_SEA_data/mogreps/coldsurge/plot_ens/20250425/Cold_surge_ProbMaps_20250425_T48h_Pr20.html
Plotted /data/users/prince.xavier/SALMON/processed_SEA_data/mogreps/coldsurge/plot_ens/20250425/Cold_surge_ProbMaps_20250425_T72h_Pr20.html
Plotted /data/users/prince.xavier/SALMON/processed_SEA_data/mogreps/coldsurge/plot_ens/20250425/Cold_surge_ProbMaps_20250425_T96h_Pr20.html
Plotted /data/users/prince.xavier/SALMON/processed_SEA_data/mogreps/coldsurge/plot_ens/20250425/Cold_surge_ProbMaps_20250425_T120h_Pr20.html
Plotted /data/users/prince.xavier/SALMON/processed_SEA_data/mogreps/coldsurge/plot_ens/20250425/Cold_surge_ProbMaps_20250425_T144h_Pr20.html
Plotted /data/users/prince.xavier/SALMON/processed_SEA_data/mogreps/coldsurge/plot_ens/20250425/Cold_surge_ProbMaps_20250425_T168h_Pr20.html
The /data/users/prince.xavier/SALMON/processed_SEA_data/mogreps/coldsurge/plot_ens/mogreps_ProbMaps_plot_dates.json file has been updated. New date added: 20250425
Plotted /data/users/prince.xavier/SALMON/processed_SEA_data/mogreps/coldsurge/plot_ens/20250425/Cold_surge_ProbMaps_20250425_T0h_Pr30.html
Plotted /data/users/prince.xavier/SALMON/processed_SEA_data/mogreps/coldsurge/plot_ens/20250425/Cold_surge_ProbMaps_20250425_T24h_Pr30.html
Plotted /data/users/prince.xavier/SALMON/processed_SEA_data/mogreps/coldsurge/plot_ens/20250425/Cold_surge_ProbMaps_20250425_T48h_Pr30.html
Plotted /data/users/prince.xavier/SALMON/processed_SEA_data/mogreps/coldsurge/plot_ens/20250425/Cold_surge_ProbMaps_20250425_T72h_Pr30.html
Plotted /data/users/prince.xavier/SALMON/processed_SEA_data/mogreps/coldsurge/plot_ens/20250425/Cold_surge_ProbMaps_20250425_T96h_Pr30.html
Plotted /data/users/prince.xavier/SALMON/processed_SEA_data/mogreps/coldsurge/plot_ens/20250425/Cold_surge_ProbMaps_20250425_T120h_Pr30.html
Plotted /data/users/prince.xavier/SALMON/processed_SEA_data/mogreps/coldsurge/plot_ens/20250425/Cold_surge_ProbMaps_20250425_T144h_Pr30.html
Plotted /data/users/prince.xavier/SALMON/processed_SEA_data/mogreps/coldsurge/plot_ens/20250425/Cold_surge_ProbMaps_20250425_T168h_Pr30.html
The /data/users/prince.xavier/SALMON/processed_SEA_data/mogreps/coldsurge/plot_ens/mogreps_ProbMaps_plot_dates.json file has been updated. New date added: 20250425
