### select, command-id=2015537138, estimated-cost=51417712byte(s), files=1, media=0
### select, command-id=2015537141, estimated-cost=51357232byte(s), files=1, media=0
### select, command-id=2015537142, estimated-cost=51662192byte(s), files=1, media=0
### select, command-id=2015537144, estimated-cost=51532272byte(s), files=1, media=0
### select, command-id=2015537145, estimated-cost=51397232byte(s), files=1, media=0
### select, command-id=2015537146, estimated-cost=51388912byte(s), files=1, media=0
### select, command-id=2015537148, estimated-cost=51478512byte(s), files=1, media=0
### select, command-id=2015537149, estimated-cost=51519152byte(s), files=1, media=0
### select, command-id=2015537151, estimated-cost=51246192byte(s), files=1, media=0
### select, command-id=2015537150, estimated-cost=51364272byte(s), files=1, media=0
### select, command-id=2015537152, estimated-cost=51194672byte(s), files=1, media=0
/home/users/prince.xavier/MJO/SALMON
/home/users/prince.xavier/MJO/SALMON/salmon_config.yaml
2025-05-05 00:00:00
dict_keys(['analysis_raw_dir', 'analysis_moose_dir', 'analysis_dummy_queryfiles_dir', 'analysis_combined_queryfile', 'analysis_mjo_processed_dir', 'analysis_mjo_rmm_archive_dir', 'analysis_eqwaves_processed_dir'])
Already exists: /data/scratch/prince.xavier/SALMON/raw_data/analysis/analysis_bucket
Skipping: moose:/opfc/atm/global/prods/
Already exists: /data/scratch/prince.xavier/SALMON/temp
Skipping: /home/users/prince.xavier/MJO/SALMON/RETRIEVALS/analysis_combined.query
Already exists: /data/scratch/prince.xavier/SALMON/processed_SEA_data/analysis/mjo/
Already exists: /data/users/prince.xavier/SALMON/processed_SEA_data/analysis/mjo/rmms/
Already exists: /data/scratch/prince.xavier/SALMON/processed_SEA_data/analysis/eqwaves
dict_keys(['mogreps_dummy_queryfiles_dir', 'mogreps_moose_dir', 'mogreps_raw_dir', 'mogreps_combined_queryfile', 'mogreps_mjo_processed_dir', 'mogreps_mjo_archive_dir', 'mogreps_mjo_plot_ens', 'mogreps_cs_processed_dir', 'mogreps_cs_plot_ens', 'mogreps_eqwaves_processed_dir', 'mogreps_eqwaves_plot_ens'])
Already exists: /data/scratch/prince.xavier/SALMON/temp
Skipping: moose:/opfc/atm/mogreps-g/prods/
Already exists: /data/scratch/prince.xavier/SALMON/raw_data/mogreps/mogreps_bucket
Skipping: /home/users/prince.xavier/MJO/Monitoring_new/RETRIEVALS/mogreps_combined.query
Already exists: /data/scratch/prince.xavier/SALMON/processed_SEA_data/mogreps/mjo
Already exists: /data/users/prince.xavier/SALMON/processed_SEA_data/mogreps/mjo/rmms/
Already exists: /data/users/prince.xavier/SALMON/processed_SEA_data/mogreps/mjo/plot_ens/
Already exists: /data/scratch/prince.xavier/SALMON/processed_SEA_data/mogreps/coldsurge/
Already exists: /data/users/prince.xavier/SALMON/processed_SEA_data/mogreps/coldsurge/plot_ens/
Already exists: /data/scratch/prince.xavier/SALMON/processed_SEA_data/mogreps/eqwaves/
Already exists: /data/users/prince.xavier/SALMON/processed_SEA_data/mogreps/eqwaves/plot_ens/
{'analysis_raw_dir': '/data/scratch/prince.xavier/SALMON/raw_data/analysis/analysis_bucket', 'analysis_moose_dir': 'moose:/opfc/atm/global/prods/', 'analysis_dummy_queryfiles_dir': '/data/scratch/prince.xavier/SALMON/temp', 'analysis_combined_queryfile': '/home/users/prince.xavier/MJO/SALMON/RETRIEVALS/analysis_combined.query', 'analysis_mjo_processed_dir': '/data/scratch/prince.xavier/SALMON/processed_SEA_data/analysis/mjo/', 'analysis_mjo_rmm_archive_dir': '/data/users/prince.xavier/SALMON/processed_SEA_data/analysis/mjo/rmms/', 'analysis_eqwaves_processed_dir': '/data/scratch/prince.xavier/SALMON/processed_SEA_data/analysis/eqwaves'}
Reading 332 analysis files
Generating /data/scratch/prince.xavier/SALMON/processed_SEA_data/analysis/eqwaves/x_wind_analysis_20250505_00.nc
