/home/users/prince.xavier/MJO/SALMON
/home/users/prince.xavier/MJO/SALMON/salmon_config.yaml
2025-05-05 00:00:00
dict_keys(['analysis_raw_dir', 'analysis_moose_dir', 'analysis_dummy_queryfiles_dir', 'analysis_combined_queryfile', 'analysis_mjo_processed_dir', 'analysis_mjo_rmm_archive_dir', 'analysis_eqwaves_processed_dir'])
Already exists: /data/scratch/prince.xavier/SALMON/raw_data/analysis/analysis_bucket
Skipping: moose:/opfc/atm/global/prods/
Already exists: /data/scratch/prince.xavier/SALMON/temp
Skipping: /home/users/prince.xavier/MJO/SALMON/RETRIEVALS/analysis_combined.query
Already exists: /data/scratch/prince.xavier/SALMON/processed_SEA_data/analysis/mjo/
Already exists: /data/users/prince.xavier/SALMON/processed_SEA_data/analysis/mjo/rmms/
Already exists: /data/scratch/prince.xavier/SALMON/processed_SEA_data/analysis/eqwaves
{'analysis_raw_dir': '/data/scratch/prince.xavier/SALMON/raw_data/analysis/analysis_bucket', 'analysis_moose_dir': 'moose:/opfc/atm/global/prods/', 'analysis_dummy_queryfiles_dir': '/data/scratch/prince.xavier/SALMON/temp', 'analysis_combined_queryfile': '/home/users/prince.xavier/MJO/SALMON/RETRIEVALS/analysis_combined.query', 'analysis_mjo_processed_dir': '/data/scratch/prince.xavier/SALMON/processed_SEA_data/analysis/mjo/', 'analysis_mjo_rmm_archive_dir': '/data/users/prince.xavier/SALMON/processed_SEA_data/analysis/mjo/rmms/', 'analysis_eqwaves_processed_dir': '/data/scratch/prince.xavier/SALMON/processed_SEA_data/analysis/eqwaves'}
{'analysis_raw_dir': '/data/scratch/prince.xavier/SALMON/raw_data/analysis/analysis_bucket', 'analysis_moose_dir': 'moose:/opfc/atm/global/prods/', 'analysis_dummy_queryfiles_dir': '/data/scratch/prince.xavier/SALMON/temp', 'analysis_combined_queryfile': '/home/users/prince.xavier/MJO/SALMON/RETRIEVALS/analysis_combined.query', 'analysis_mjo_processed_dir': '/data/scratch/prince.xavier/SALMON/processed_SEA_data/analysis/mjo/', 'analysis_mjo_rmm_archive_dir': '/data/users/prince.xavier/SALMON/processed_SEA_data/analysis/mjo/rmms/', 'analysis_eqwaves_processed_dir': '/data/scratch/prince.xavier/SALMON/processed_SEA_data/analysis/eqwaves'}
Missing dates: 201
Retrieving data for date: 2025-05-05 00:00:00
Retrieving hr: 0
/data/scratch/prince.xavier/SALMON/raw_data/analysis/analysis_bucket/20250505/qg00T003.pp exists. Skip...
Retrieving hr: 0
/data/scratch/prince.xavier/SALMON/raw_data/analysis/analysis_bucket/20250505/qg12T003.pp exists. Skip...
Retrieving data for date: 2025-05-04 00:00:00
Retrieving hr: 0
/data/scratch/prince.xavier/SALMON/raw_data/analysis/analysis_bucket/20250504/qg00T003.pp exists. Skip...
Retrieving hr: 0
/data/scratch/prince.xavier/SALMON/raw_data/analysis/analysis_bucket/20250504/qg12T003.pp exists. Skip...
Retrieving data for date: 2025-05-03 00:00:00
Retrieving hr: 0
/data/scratch/prince.xavier/SALMON/raw_data/analysis/analysis_bucket/20250503/qg00T003.pp exists. Skip...
Retrieving hr: 0
/data/scratch/prince.xavier/SALMON/raw_data/analysis/analysis_bucket/20250503/qg12T003.pp exists. Skip...
Retrieving data for date: 2025-05-02 00:00:00
Retrieving hr: 0
/data/scratch/prince.xavier/SALMON/raw_data/analysis/analysis_bucket/20250502/qg00T003.pp exists. Skip...
Retrieving hr: 0
/data/scratch/prince.xavier/SALMON/raw_data/analysis/analysis_bucket/20250502/qg12T003.pp exists. Skip...
Retrieving data for date: 2025-05-01 00:00:00
Retrieving hr: 0
/data/scratch/prince.xavier/SALMON/raw_data/analysis/analysis_bucket/20250501/qg00T003.pp exists. Skip...
Retrieving hr: 0
/data/scratch/prince.xavier/SALMON/raw_data/analysis/analysis_bucket/20250501/qg12T003.pp exists. Skip...
Retrieving data for date: 2025-04-30 00:00:00
Retrieving hr: 0
/data/scratch/prince.xavier/SALMON/raw_data/analysis/analysis_bucket/20250430/qg00T003.pp exists. Skip...
Retrieving hr: 0
/data/scratch/prince.xavier/SALMON/raw_data/analysis/analysis_bucket/20250430/qg12T003.pp exists. Skip...
Retrieving data for date: 2025-04-29 00:00:00
Retrieving hr: 0
/data/scratch/prince.xavier/SALMON/raw_data/analysis/analysis_bucket/20250429/qg00T003.pp exists. Skip...
Retrieving hr: 0
/data/scratch/prince.xavier/SALMON/raw_data/analysis/analysis_bucket/20250429/qg12T003.pp exists. Skip...
Retrieving data for date: 2025-04-28 00:00:00
Retrieving hr: 0
/data/scratch/prince.xavier/SALMON/raw_data/analysis/analysis_bucket/20250428/qg00T003.pp exists. Skip...
Retrieving hr: 0
/data/scratch/prince.xavier/SALMON/raw_data/analysis/analysis_bucket/20250428/qg12T003.pp exists. Skip...
Retrieving data for date: 2025-04-27 00:00:00
Retrieving hr: 0
/data/scratch/prince.xavier/SALMON/raw_data/analysis/analysis_bucket/20250427/qg00T003.pp exists. Skip...
Retrieving hr: 0
/data/scratch/prince.xavier/SALMON/raw_data/analysis/analysis_bucket/20250427/qg12T003.pp exists. Skip...
Retrieving data for date: 2025-04-26 00:00:00
Retrieving hr: 0
/data/scratch/prince.xavier/SALMON/raw_data/analysis/analysis_bucket/20250426/qg00T003.pp exists. Skip...
Retrieving hr: 0
/data/scratch/prince.xavier/SALMON/raw_data/analysis/analysis_bucket/20250426/qg12T003.pp exists. Skip...
Retrieving data for date: 2025-04-25 00:00:00
Retrieving hr: 0
/data/scratch/prince.xavier/SALMON/raw_data/analysis/analysis_bucket/20250425/qg00T003.pp exists. Skip...
Retrieving hr: 0
/data/scratch/prince.xavier/SALMON/raw_data/analysis/analysis_bucket/20250425/qg12T003.pp exists. Skip...
Retrieving data for date: 2025-04-24 00:00:00
Retrieving hr: 0
/data/scratch/prince.xavier/SALMON/raw_data/analysis/analysis_bucket/20250424/qg00T003.pp exists. Skip...
Retrieving hr: 0
/data/scratch/prince.xavier/SALMON/raw_data/analysis/analysis_bucket/20250424/qg12T003.pp exists. Skip...
Retrieving data for date: 2025-04-23 00:00:00
Retrieving hr: 0
/data/scratch/prince.xavier/SALMON/raw_data/analysis/analysis_bucket/20250423/qg00T003.pp exists. Skip...
Retrieving hr: 0
/data/scratch/prince.xavier/SALMON/raw_data/analysis/analysis_bucket/20250423/qg12T003.pp exists. Skip...
Retrieving data for date: 2025-02-16 00:00:00
Retrieving hr: 0
/data/scratch/prince.xavier/SALMON/raw_data/analysis/analysis_bucket/20250216/qg00T003.pp exists. Skip...
Retrieving hr: 0
/data/scratch/prince.xavier/SALMON/raw_data/analysis/analysis_bucket/20250216/qg12T003.pp exists. Skip...
Retrieving data for date: 2025-02-15 00:00:00
Retrieving hr: 0
/data/scratch/prince.xavier/SALMON/raw_data/analysis/analysis_bucket/20250215/qg00T003.pp exists. Skip...
Retrieving hr: 0
/data/scratch/prince.xavier/SALMON/raw_data/analysis/analysis_bucket/20250215/qg12T003.pp exists. Skip...
Retrieving data for date: 2025-02-14 00:00:00
Retrieving hr: 0
/data/scratch/prince.xavier/SALMON/raw_data/analysis/analysis_bucket/20250214/qg00T003.pp exists. Skip...
Retrieving hr: 0
/data/scratch/prince.xavier/SALMON/raw_data/analysis/analysis_bucket/20250214/qg12T003.pp exists. Skip...
Retrieving data for date: 2025-02-13 00:00:00
Retrieving hr: 0
/data/scratch/prince.xavier/SALMON/raw_data/analysis/analysis_bucket/20250213/qg00T003.pp exists. Skip...
Retrieving hr: 0
/data/scratch/prince.xavier/SALMON/raw_data/analysis/analysis_bucket/20250213/qg12T003.pp exists. Skip...
Retrieving data for date: 2025-02-12 00:00:00
Retrieving hr: 0
/data/scratch/prince.xavier/SALMON/raw_data/analysis/analysis_bucket/20250212/qg00T003.pp exists. Skip...
Retrieving hr: 0
/data/scratch/prince.xavier/SALMON/raw_data/analysis/analysis_bucket/20250212/qg12T003.pp exists. Skip...
Retrieving data for date: 2025-02-11 00:00:00
Retrieving hr: 0
/data/scratch/prince.xavier/SALMON/raw_data/analysis/analysis_bucket/20250211/qg00T003.pp exists. Skip...
Retrieving hr: 0
/data/scratch/prince.xavier/SALMON/raw_data/analysis/analysis_bucket/20250211/qg12T003.pp exists. Skip...
Retrieving data for date: 2025-02-10 00:00:00
Retrieving hr: 0
/data/scratch/prince.xavier/SALMON/raw_data/analysis/analysis_bucket/20250210/qg00T003.pp exists. Skip...
Retrieving hr: 0
/data/scratch/prince.xavier/SALMON/raw_data/analysis/analysis_bucket/20250210/qg12T003.pp exists. Skip...
Retrieving data for date: 2025-02-09 00:00:00
Retrieving hr: 0
/data/scratch/prince.xavier/SALMON/raw_data/analysis/analysis_bucket/20250209/qg00T003.pp exists. Skip...
Retrieving hr: 0
/data/scratch/prince.xavier/SALMON/raw_data/analysis/analysis_bucket/20250209/qg12T003.pp exists. Skip...
Retrieving data for date: 2025-02-08 00:00:00
Retrieving hr: 0
/data/scratch/prince.xavier/SALMON/raw_data/analysis/analysis_bucket/20250208/qg00T003.pp exists. Skip...
Retrieving hr: 0
/data/scratch/prince.xavier/SALMON/raw_data/analysis/analysis_bucket/20250208/qg12T003.pp exists. Skip...
Retrieving data for date: 2025-02-07 00:00:00
Retrieving hr: 0
/data/scratch/prince.xavier/SALMON/raw_data/analysis/analysis_bucket/20250207/qg00T003.pp exists. Skip...
Retrieving hr: 0
/data/scratch/prince.xavier/SALMON/raw_data/analysis/analysis_bucket/20250207/qg12T003.pp exists. Skip...
Retrieving data for date: 2025-02-06 00:00:00
Retrieving hr: 0
/data/scratch/prince.xavier/SALMON/raw_data/analysis/analysis_bucket/20250206/qg00T003.pp exists. Skip...
Retrieving hr: 0
/data/scratch/prince.xavier/SALMON/raw_data/analysis/analysis_bucket/20250206/qg12T003.pp exists. Skip...
Retrieving data for date: 2025-02-05 00:00:00
Retrieving hr: 0
/data/scratch/prince.xavier/SALMON/raw_data/analysis/analysis_bucket/20250205/qg00T003.pp exists. Skip...
Retrieving hr: 0
/data/scratch/prince.xavier/SALMON/raw_data/analysis/analysis_bucket/20250205/qg12T003.pp exists. Skip...
Retrieving data for date: 2025-02-04 00:00:00
Retrieving hr: 0
/data/scratch/prince.xavier/SALMON/raw_data/analysis/analysis_bucket/20250204/qg00T003.pp exists. Skip...
Retrieving hr: 0
/data/scratch/prince.xavier/SALMON/raw_data/analysis/analysis_bucket/20250204/qg12T003.pp exists. Skip...
Retrieving data for date: 2025-01-08 00:00:00
Retrieving hr: 0
/data/scratch/prince.xavier/SALMON/raw_data/analysis/analysis_bucket/20250108/qg00T003.pp exists. Skip...
Retrieving hr: 0
/data/scratch/prince.xavier/SALMON/raw_data/analysis/analysis_bucket/20250108/qg12T003.pp exists. Skip...
Retrieving data for date: 2025-01-07 00:00:00
Retrieving hr: 0
/data/scratch/prince.xavier/SALMON/raw_data/analysis/analysis_bucket/20250107/qg00T003.pp exists. Skip...
Retrieving hr: 0
/data/scratch/prince.xavier/SALMON/raw_data/analysis/analysis_bucket/20250107/qg12T003.pp exists. Skip...
Retrieving data for date: 2025-01-06 00:00:00
Retrieving hr: 0
/data/scratch/prince.xavier/SALMON/raw_data/analysis/analysis_bucket/20250106/qg00T003.pp exists. Skip...
Retrieving hr: 0
/data/scratch/prince.xavier/SALMON/raw_data/analysis/analysis_bucket/20250106/qg12T003.pp exists. Skip...
Retrieving data for date: 2025-01-05 00:00:00
Retrieving hr: 0
/data/scratch/prince.xavier/SALMON/raw_data/analysis/analysis_bucket/20250105/qg00T003.pp exists. Skip...
Retrieving hr: 0
/data/scratch/prince.xavier/SALMON/raw_data/analysis/analysis_bucket/20250105/qg12T003.pp exists. Skip...
Retrieving data for date: 2025-01-04 00:00:00
Retrieving hr: 0
/data/scratch/prince.xavier/SALMON/raw_data/analysis/analysis_bucket/20250104/qg00T003.pp exists. Skip...
Retrieving hr: 0
/data/scratch/prince.xavier/SALMON/raw_data/analysis/analysis_bucket/20250104/qg12T003.pp exists. Skip...
Retrieving data for date: 2025-01-03 00:00:00
Retrieving hr: 0
/data/scratch/prince.xavier/SALMON/raw_data/analysis/analysis_bucket/20250103/qg00T003.pp exists. Skip...
Retrieving hr: 0
/data/scratch/prince.xavier/SALMON/raw_data/analysis/analysis_bucket/20250103/qg12T003.pp exists. Skip...
Retrieving data for date: 2025-01-02 00:00:00
Retrieving hr: 0
/data/scratch/prince.xavier/SALMON/raw_data/analysis/analysis_bucket/20250102/qg00T003.pp exists. Skip...
Retrieving hr: 0
/data/scratch/prince.xavier/SALMON/raw_data/analysis/analysis_bucket/20250102/qg12T003.pp exists. Skip...
Retrieving data for date: 2025-01-01 00:00:00
Retrieving hr: 0
/data/scratch/prince.xavier/SALMON/raw_data/analysis/analysis_bucket/20250101/qg00T003.pp exists. Skip...
Retrieving hr: 0
/data/scratch/prince.xavier/SALMON/raw_data/analysis/analysis_bucket/20250101/qg12T003.pp exists. Skip...
Retrieving data for date: 2024-12-31 00:00:00
Retrieving hr: 0
/data/scratch/prince.xavier/SALMON/raw_data/analysis/analysis_bucket/20241231/qg00T003.pp exists. Skip...
Retrieving hr: 0
/data/scratch/prince.xavier/SALMON/raw_data/analysis/analysis_bucket/20241231/qg12T003.pp exists. Skip...
Retrieving data for date: 2024-12-30 00:00:00
Retrieving hr: 0
/data/scratch/prince.xavier/SALMON/raw_data/analysis/analysis_bucket/20241230/qg00T003.pp exists. Skip...
Retrieving hr: 0
/data/scratch/prince.xavier/SALMON/raw_data/analysis/analysis_bucket/20241230/qg12T003.pp exists. Skip...
Retrieving data for date: 2024-12-29 00:00:00
Retrieving hr: 0
/data/scratch/prince.xavier/SALMON/raw_data/analysis/analysis_bucket/20241229/qg00T003.pp exists. Skip...
Retrieving hr: 0
/data/scratch/prince.xavier/SALMON/raw_data/analysis/analysis_bucket/20241229/qg12T003.pp exists. Skip...
Retrieving data for date: 2024-12-28 00:00:00
Retrieving hr: 0
/data/scratch/prince.xavier/SALMON/raw_data/analysis/analysis_bucket/20241228/qg00T003.pp exists. Skip...
Retrieving hr: 0
/data/scratch/prince.xavier/SALMON/raw_data/analysis/analysis_bucket/20241228/qg12T003.pp exists. Skip...
Retrieving data for date: 2024-12-27 00:00:00
Retrieving hr: 0
/data/scratch/prince.xavier/SALMON/raw_data/analysis/analysis_bucket/20241227/qg00T003.pp exists. Skip...
Retrieving hr: 0
/data/scratch/prince.xavier/SALMON/raw_data/analysis/analysis_bucket/20241227/qg12T003.pp exists. Skip...
Retrieving data for date: 2024-11-30 00:00:00
Retrieving hr: 0
/data/scratch/prince.xavier/SALMON/raw_data/analysis/analysis_bucket/20241130/qg00T003.pp exists. Skip...
Retrieving hr: 0
/data/scratch/prince.xavier/SALMON/raw_data/analysis/analysis_bucket/20241130/qg12T003.pp exists. Skip...
Retrieving data for date: 2024-11-29 00:00:00
Retrieving hr: 0
/data/scratch/prince.xavier/SALMON/raw_data/analysis/analysis_bucket/20241129/qg00T003.pp exists. Skip...
Retrieving hr: 0
/data/scratch/prince.xavier/SALMON/raw_data/analysis/analysis_bucket/20241129/qg12T003.pp exists. Skip...
Retrieving data for date: 2024-11-28 00:00:00
Retrieving hr: 0
/data/scratch/prince.xavier/SALMON/raw_data/analysis/analysis_bucket/20241128/qg00T003.pp exists. Skip...
Retrieving hr: 0
/data/scratch/prince.xavier/SALMON/raw_data/analysis/analysis_bucket/20241128/qg12T003.pp exists. Skip...
Retrieving data for date: 2024-11-27 00:00:00
Retrieving hr: 0
/data/scratch/prince.xavier/SALMON/raw_data/analysis/analysis_bucket/20241127/qg00T003.pp exists. Skip...
Retrieving hr: 0
/data/scratch/prince.xavier/SALMON/raw_data/analysis/analysis_bucket/20241127/qg12T003.pp exists. Skip...
Retrieving data for date: 2024-11-26 00:00:00
Retrieving hr: 0
/data/scratch/prince.xavier/SALMON/raw_data/analysis/analysis_bucket/20241126/qg00T003.pp exists. Skip...
Retrieving hr: 0
/data/scratch/prince.xavier/SALMON/raw_data/analysis/analysis_bucket/20241126/qg12T003.pp exists. Skip...
Retrieving data for date: 2024-11-25 00:00:00
Retrieving hr: 0
/data/scratch/prince.xavier/SALMON/raw_data/analysis/analysis_bucket/20241125/qg00T003.pp exists. Skip...
Retrieving hr: 0
/data/scratch/prince.xavier/SALMON/raw_data/analysis/analysis_bucket/20241125/qg12T003.pp exists. Skip...
Retrieving data for date: 2024-11-24 00:00:00
Retrieving hr: 0
/data/scratch/prince.xavier/SALMON/raw_data/analysis/analysis_bucket/20241124/qg00T003.pp exists. Skip...
Retrieving hr: 0
/data/scratch/prince.xavier/SALMON/raw_data/analysis/analysis_bucket/20241124/qg12T003.pp exists. Skip...
Retrieving data for date: 2024-11-23 00:00:00
Retrieving hr: 0
/data/scratch/prince.xavier/SALMON/raw_data/analysis/analysis_bucket/20241123/qg00T003.pp exists. Skip...
Retrieving hr: 0
/data/scratch/prince.xavier/SALMON/raw_data/analysis/analysis_bucket/20241123/qg12T003.pp exists. Skip...
Retrieving data for date: 2024-11-22 00:00:00
Retrieving hr: 0
/data/scratch/prince.xavier/SALMON/raw_data/analysis/analysis_bucket/20241122/qg00T003.pp exists. Skip...
Retrieving hr: 0
/data/scratch/prince.xavier/SALMON/raw_data/analysis/analysis_bucket/20241122/qg12T003.pp exists. Skip...
Retrieving data for date: 2024-11-21 00:00:00
Retrieving hr: 0
/data/scratch/prince.xavier/SALMON/raw_data/analysis/analysis_bucket/20241121/qg00T003.pp exists. Skip...
Retrieving hr: 0
/data/scratch/prince.xavier/SALMON/raw_data/analysis/analysis_bucket/20241121/qg12T003.pp exists. Skip...
Retrieving data for date: 2024-11-20 00:00:00
Retrieving hr: 0
/data/scratch/prince.xavier/SALMON/raw_data/analysis/analysis_bucket/20241120/qg00T003.pp exists. Skip...
Retrieving hr: 0
/data/scratch/prince.xavier/SALMON/raw_data/analysis/analysis_bucket/20241120/qg12T003.pp exists. Skip...
Retrieving data for date: 2024-11-19 00:00:00
Retrieving hr: 0
/data/scratch/prince.xavier/SALMON/raw_data/analysis/analysis_bucket/20241119/qg00T003.pp exists. Skip...
Retrieving hr: 0
/data/scratch/prince.xavier/SALMON/raw_data/analysis/analysis_bucket/20241119/qg12T003.pp exists. Skip...
Retrieving data for date: 2024-11-18 00:00:00
Retrieving hr: 0
/data/scratch/prince.xavier/SALMON/raw_data/analysis/analysis_bucket/20241118/qg00T003.pp exists. Skip...
Retrieving hr: 0
/data/scratch/prince.xavier/SALMON/raw_data/analysis/analysis_bucket/20241118/qg12T003.pp exists. Skip...
All jobs completed successfully.
Combining 201 days of analysis as parallel tasks.
